Scaled data
Starting Autoencoder analysis for lps_st_x_x at Sun Aug 31 07:50:25 AM SAST 2025
Using input file: ../Data/LPS/lps_st_x_x.npy
Using mzs file: ../Data/LPS/sal_st_x_mzs.npy
Output directory: ../Results/AE/LPS/
SLURM Job ID: 154614
Training set shape: (1308, 92500)
Test set shape: (328, 92500)
Autoencoder created with latent_dim=500, input_dim=92500
Training data stats:
  Shape: (1308, 92500)
  Min: 0.000000, Max: 1.000000
  Mean: 0.000286, Std: 0.007313
Starting training...
Training completed!


Frobenius Norm of Original Test Data: 39.8125000000
Frobenius Norm of Reconstructed Test Data: 37.3360671997
Difference in Frobenius Norms: 2.4764328003
Test Loss: 0.0000061218
Test Loss (MAE): 0.0001637673
Test loss 2 (MSE): 0.0000061218
Mean Absolute Error (MAE) on Test Data: 0.0001637673
Root Mean Squared Error (RMSE) on Test Data: 0.0005399948
Mean Squared Error (MSE) on Test Data: 0.0000061218
Plot saved to ../Results/AE/LPS/lps_st_x_x_AE_reconstructed_vs_original.png
Autoencoder analysis for lps_st_x_x completed at Sun Aug 31 07:53:18 AM SAST 2025
Results saved to ../Results/AE/LPS/
============================================================================
Starting Autoencoder analysis for lps_lt_x_x at Sun Aug 31 07:53:18 AM SAST 2025
Using input file: ../Data/LPS/lps_lt_x_x.npy
Using mzs file: ../Data/LPS/sal_st_x_mzs.npy
Output directory: ../Results/AE/LPS/
SLURM Job ID: 154614
Training set shape: (1312, 92500)
Test set shape: (328, 92500)
Autoencoder created with latent_dim=500, input_dim=92500
Training data stats:
  Shape: (1312, 92500)
  Min: 0.000000, Max: 1.000000
  Mean: 0.000372, Std: 0.008591
Starting training...
Training completed!


Frobenius Norm of Original Test Data: 48.0937500000
Frobenius Norm of Reconstructed Test Data: 45.1015968323
Difference in Frobenius Norms: 2.9921531677
Test Loss: 0.0000089476
Test Loss (MAE): 0.0002188374
Test loss 2 (MSE): 0.0000089476
Mean Absolute Error (MAE) on Test Data: 0.0002188374
Root Mean Squared Error (RMSE) on Test Data: 0.0006998997
Mean Squared Error (MSE) on Test Data: 0.0000089476
Plot saved to ../Results/AE/LPS/lps_lt_x_x_AE_reconstructed_vs_original.png
Autoencoder analysis for lps_lt_x_x completed at Sun Aug 31 07:55:01 AM SAST 2025
Results saved to ../Results/AE/LPS/
============================================================================
Starting Autoencoder analysis for sal_st_x_x at Sun Aug 31 07:55:01 AM SAST 2025
Using input file: ../Data/LPS/sal_st_x_x.npy
Using mzs file: ../Data/LPS/sal_st_x_mzs.npy
Output directory: ../Results/AE/LPS/
SLURM Job ID: 154614
Training set shape: (1307, 92500)
Test set shape: (327, 92500)
Autoencoder created with latent_dim=500, input_dim=92500
Training data stats:
  Shape: (1307, 92500)
  Min: 0.000000, Max: 1.000000
  Mean: 0.000298, Std: 0.007500
Starting training...
Training completed!


Frobenius Norm of Original Test Data: 41.0000000000
Frobenius Norm of Reconstructed Test Data: 37.8811569214
Difference in Frobenius Norms: 3.1188430786
Test Loss: 0.0000080762
Test Loss (MAE): 0.0001779041
Test loss 2 (MSE): 0.0000080762
Mean Absolute Error (MAE) on Test Data: 0.0001779041
Root Mean Squared Error (RMSE) on Test Data: 0.0006244177
Mean Squared Error (MSE) on Test Data: 0.0000080762
Plot saved to ../Results/AE/LPS/sal_st_x_x_AE_reconstructed_vs_original.png
Autoencoder analysis for sal_st_x_x completed at Sun Aug 31 07:56:49 AM SAST 2025
Results saved to ../Results/AE/LPS/
============================================================================
Starting Autoencoder analysis for sal_lt_plasma_x_x at Sun Aug 31 07:56:49 AM SAST 2025
Using input file: ../Data/LPS/sal_lt_plasma_x_x.npy
Using mzs file: ../Data/LPS/sal_st_x_mzs.npy
Output directory: ../Results/AE/LPS/
SLURM Job ID: 154614
Training set shape: (1308, 92500)
Test set shape: (328, 92500)
Autoencoder created with latent_dim=500, input_dim=92500
Training data stats:
  Shape: (1308, 92500)
  Min: 0.000000, Max: 1.000000
  Mean: 0.000264, Std: 0.006973
Starting training...
Training completed!


Frobenius Norm of Original Test Data: 38.4687500000
Frobenius Norm of Reconstructed Test Data: 36.1380729675
Difference in Frobenius Norms: 2.3306770325
Test Loss: 0.0000056252
Test Loss (MAE): 0.0001492098
Test loss 2 (MSE): 0.0000056252
Mean Absolute Error (MAE) on Test Data: 0.0001492098
Root Mean Squared Error (RMSE) on Test Data: 0.0004741782
Mean Squared Error (MSE) on Test Data: 0.0000056252
Plot saved to ../Results/AE/LPS/sal_lt_plasma_x_x_AE_reconstructed_vs_original.png
Autoencoder analysis for sal_lt_plasma_x_x completed at Sun Aug 31 07:58:38 AM SAST 2025
Results saved to ../Results/AE/LPS/
============================================================================
Tapedza!!! Mwari Ngaakudzwe!
