Starting OpenH5.py for hiv at Wed Nov 19 12:32:34 PM SAST 2025
Using input file: ../../mass_spec_data/HIV/3 June/3 June PHRU FFPE test 1_1-115501_SN0p0_profile.h5
Output directory: ./hiv
SLURM Job ID: 168380
Shape of coords: (56678, 3)
File loaded
Num of keys: 56678
New coords size: 56678
m/z 100: 56517 non-zero pixels
Saved: ./hiv/hiv_mz_100.png
m/z 200: 56609 non-zero pixels
Saved: ./hiv/hiv_mz_200.png
m/z 350: 56280 non-zero pixels
Saved: ./hiv/hiv_mz_350.png
m/z 450: 56385 non-zero pixels
Saved: ./hiv/hiv_mz_450.png
m/z 600: 53208 non-zero pixels
Saved: ./hiv/hiv_mz_600.png
m/z 1000: 38327 non-zero pixels
Saved: ./hiv/hiv_mz_1000.png
m/z 1300: 15249 non-zero pixels
Saved: ./hiv/hiv_mz_1300.png
m/z 100: 56677 non-zero pixels
m/z 200: 56677 non-zero pixels
m/z 350: 56677 non-zero pixels
m/z 450: 56671 non-zero pixels
m/z 600: 56677 non-zero pixels
m/z 1000: 54062 non-zero pixels
m/z 1300: 45589 non-zero pixels
Saved: ./hiv/hiv_view_1.png
Saved: ./hiv/hiv_view_2.png
Saved: ./hiv/hiv_view_3.png
Saved: ./hiv/hiv_view_4.png
hiv completed at Wed Nov 19 12:42:39 PM SAST 2025
Results saved to ./hiv
Tapedza!!! Mwari Ngaakudzwe!
