Starting OpenH5.py for HIV at Sun Nov 23 03:07:07 PM SAST 2025
Using input file: ../../mass_spec_data/HIV/3 June/3 June PHRU FFPE test 1_1-115501_SN0p0_1-56679_SN1p0_centroid.imzml
SLURM Job ID: 168929
10821542
Min: 0.0001807639200706035
Max: 1.0
Mean: 0.012507196515798569
Saved view: elevation=30, azimuth=45
Saved view: elevation=0, azimuth=0
Saved view: elevation=0, azimuth=90
Saved view: elevation=0, azimuth=180
Saved view: elevation=0, azimuth=270
Saved view: elevation=90, azimuth=0
Saved view: elevation=-90, azimuth=0
Saved view: elevation=45, azimuth=135
Saved view: elevation=45, azimuth=225
Saved view: elevation=30, azimuth=0
Saved view: elevation=30, azimuth=90
Saved view: elevation=30, azimuth=180
Saved view: elevation=30, azimuth=270
Saved view: elevation=60, azimuth=45
Saved view: elevation=15, azimuth=45
HIV completed job at Sun Nov 23 05:37:54 PM SAST 2025
Tapedza!!! Mwari Ngaakudzwe!
