Starting OpenH5.py for Cancer at Sun Nov 23 03:07:24 PM SAST 2025
Using input file: ../../mass_spec_data/Cancer biopsy/5 June/5 June tumour test 2_1-327482_SN0p0_1-160000_SN1p0_centroid.imzml
SLURM Job ID: 168930
12582255
Min: 0.0002943919680546969
Max: 1.0
Mean: 0.027787109836935997
Saved view: elevation=30, azimuth=45
Saved view: elevation=0, azimuth=0
Saved view: elevation=0, azimuth=90
Saved view: elevation=0, azimuth=180
Saved view: elevation=0, azimuth=270
Saved view: elevation=90, azimuth=0
Saved view: elevation=-90, azimuth=0
Saved view: elevation=45, azimuth=135
Saved view: elevation=45, azimuth=225
Saved view: elevation=30, azimuth=0
Saved view: elevation=30, azimuth=90
Saved view: elevation=30, azimuth=180
Saved view: elevation=30, azimuth=270
Saved view: elevation=60, azimuth=45
Saved view: elevation=15, azimuth=45
Cancer completed job at Sun Nov 23 06:03:09 PM SAST 2025
Tapedza!!! Mwari Ngaakudzwe!
