Starting NMF analysis at Sat Aug 23 08:55:32 PM SAST 2025
Using input file: ../Data/LPS/SAL_ST_1-1657_x.npy
Using mzs file: ../Data/LPS/SAL_ST_1-1657_mzs.npy
Output directory: ../Results/NMF/LPS
Job name: SAL_ST_1-1657
SLURM Job ID: 153779
Component 1 - Top sample indices: [  51 1211   71  165  166]
Component 1 - Top weights: [0.04979    0.05015789 0.05408667 0.05450136 0.05486433]
Component 2 - Top sample indices: [ 650 1120 1246  605 1043]
Component 2 - Top weights: [0.05983934 0.06163579 0.06772193 0.06986656 0.09145252]
Component 3 - Top sample indices: [1118 1223 1480  407 1486]
Component 3 - Top weights: [0.02957255 0.03055651 0.0314722  0.03272361 0.03451823]
Total Dataset Metrics:
MSE: 0.00000001
MAE: 0.00000861
RMSE: 0.00002513
Overall reconstruction error: 1.18892174
NMF analysis completed at Sat Aug 23 09:08:23 PM SAST 2025
Results saved to ../Results/NMF/LPS
Files created:
  - SAL_ST_1-1657_original_vs_reconstructed.png (Original vs Reconstructed spectra)
  - SAL_ST_1-1657_component_loadings_%j.png (Component loadings plot)
Thank the Lord Almighty!!!
