K-Means clustering started at: Mon Nov  3 12:38:16 AM SAST 2025
Loaded data
Shape: (160000, 200)
Saved elbow analysis plot to: ../kmeans/nmf-cancer_silhouette.png
Inspect the elbow plot to determine the optimal k.
Inertias: [405.9952392578125, 368.10955810546875, 352.9427185058594, 338.6213073730469]
Silhouette: [0.4169936180114746, 0.176530122756958, 0.17655742168426514, 0.17828764021396637]
Coordinates shape: (160000, 2)
Image dimensions: 400 x 400

Cluster Statistics:
Total number of pixels: 160000
Cluster 0: 29963 pixels (18.73%)
Cluster 1: 130037 pixels (81.27%)
Saved joint plot to: ../kmeans/nmf-cancer_kmeans_k2_joint.png
Saved individual clusters subplot to: ../kmeans/nmf-cancer_kmeans_k2_individual_clusters.png
Saved centroids to: ../kmeans/nmf-cancer_centroids_k2.npy
Centroids shape: (2, 200)

All plots saved to: ../kmeans
Job 'nmf-cancer' completed successfully!
K-Means clustering finished at: Mon Nov  3 12:54:41 AM SAST 2025
Tapedza!!! Mwari Ngaakudzwe!
