Starting PCA analysis at Thu Aug 21 10:29:33 AM SAST 2025
Using input file: ../Data/HIV/hiv_x.npy
Output directory: ../Results/PCA/HIV
Job name: hiv
SLURM Job ID: 153219
Individual Principal Component Analysis:
============================================================
PC1:
  Explained Variance: 394.923986
  Explained Variance Ratio: 0.005670 (0.57%)

Total variance explained by 1500 components: 0.321926 (32.19%)

MSE: 0.6746508854536
MAE: 0.08920211763976973
RMSE: 0.7775222325878931

Plot saved to ../Results/PCA/HIV/PCA_hiv.png
PCA analysis completed at Thu Aug 21 10:42:39 AM SAST 2025
Results saved to ../Results/PCA/HIV
Files created:
  - PCA_hiv.png (PCA scatter plot)
Thank the Lord Almighty!!!
