Encoder saving started at: Thu Sep 18 08:33:02 PM SAST 2025
Saving encoder for partition 1 of 10 at Thu Sep 18 08:33:02 PM SAST 2025
Start to end indices: (0,21668)
Dataset partitioned into 10 number of chunks
Partition: 1
Training set shape: (15167, 67499)
Validation set shape: (2167, 67499)
Test set shape: (4334, 67499)
Autoencoder created with latent_dim=250, input_dim=67499
Starting training...
Training completed!

Test Loss: 0.0000025636
Test Loss (MAE): 0.0000586847
Test loss (MSE): 0.0000025636
Mean Absolute Error (MAE) on Test Data: 0.0000586847
Root Mean Squared Error (RMSE) on Test Data: 0.0008601489
Mean Squared Error (MSE) on Test Data: 0.0000025636
Encoder saved to ../Models/AE/250-baseline.keras
Encoder for partition 1 saved at Thu Sep 18 08:46:45 PM SAST 2025
============================================================================
Encoder saving finished at: Thu Sep 18 08:46:45 PM SAST 2025
Tapedza!!! Mwari Ngaakudzwe!
