/home-mscluster/tmazarura/miniconda3/lib/python3.13/site-packages/google/protobuf/runtime_version.py:98: UserWarning: Protobuf gencode version 5.28.3 is exactly one major version older than the runtime version 6.31.1 at tensorflow/core/framework/attr_value.proto. Please update the gencode to avoid compatibility violations in the next runtime release.
  warnings.warn(
/home-mscluster/tmazarura/miniconda3/lib/python3.13/site-packages/google/protobuf/runtime_version.py:98: UserWarning: Protobuf gencode version 5.28.3 is exactly one major version older than the runtime version 6.31.1 at tensorflow/core/framework/tensor.proto. Please update the gencode to avoid compatibility violations in the next runtime release.
  warnings.warn(
/home-mscluster/tmazarura/miniconda3/lib/python3.13/site-packages/google/protobuf/runtime_version.py:98: UserWarning: Protobuf gencode version 5.28.3 is exactly one major version older than the runtime version 6.31.1 at tensorflow/core/framework/resource_handle.proto. Please update the gencode to avoid compatibility violations in the next runtime release.
  warnings.warn(
/home-mscluster/tmazarura/miniconda3/lib/python3.13/site-packages/google/protobuf/runtime_version.py:98: UserWarning: Protobuf gencode version 5.28.3 is exactly one major version older than the runtime version 6.31.1 at tensorflow/core/framework/tensor_shape.proto. Please update the gencode to avoid compatibility violations in the next runtime release.
  warnings.warn(
/home-mscluster/tmazarura/miniconda3/lib/python3.13/site-packages/google/protobuf/runtime_version.py:98: UserWarning: Protobuf gencode version 5.28.3 is exactly one major version older than the runtime version 6.31.1 at tensorflow/core/framework/types.proto. Please update the gencode to avoid compatibility violations in the next runtime release.
  warnings.warn(
/home-mscluster/tmazarura/miniconda3/lib/python3.13/site-packages/google/protobuf/runtime_version.py:98: UserWarning: Protobuf gencode version 5.28.3 is exactly one major version older than the runtime version 6.31.1 at tensorflow/core/framework/full_type.proto. Please update the gencode to avoid compatibility violations in the next runtime release.
  warnings.warn(
/home-mscluster/tmazarura/miniconda3/lib/python3.13/site-packages/google/protobuf/runtime_version.py:98: UserWarning: Protobuf gencode version 5.28.3 is exactly one major version older than the runtime version 6.31.1 at tensorflow/core/framework/function.proto. Please update the gencode to avoid compatibility violations in the next runtime release.
  warnings.warn(
/home-mscluster/tmazarura/miniconda3/lib/python3.13/site-packages/google/protobuf/runtime_version.py:98: UserWarning: Protobuf gencode version 5.28.3 is exactly one major version older than the runtime version 6.31.1 at tensorflow/core/framework/node_def.proto. Please update the gencode to avoid compatibility violations in the next runtime release.
  warnings.warn(
/home-mscluster/tmazarura/miniconda3/lib/python3.13/site-packages/google/protobuf/runtime_version.py:98: UserWarning: Protobuf gencode version 5.28.3 is exactly one major version older than the runtime version 6.31.1 at tensorflow/core/framework/op_def.proto. Please update the gencode to avoid compatibility violations in the next runtime release.
  warnings.warn(
/home-mscluster/tmazarura/miniconda3/lib/python3.13/site-packages/google/protobuf/runtime_version.py:98: UserWarning: Protobuf gencode version 5.28.3 is exactly one major version older than the runtime version 6.31.1 at tensorflow/core/framework/graph.proto. Please update the gencode to avoid compatibility violations in the next runtime release.
  warnings.warn(
/home-mscluster/tmazarura/miniconda3/lib/python3.13/site-packages/google/protobuf/runtime_version.py:98: UserWarning: Protobuf gencode version 5.28.3 is exactly one major version older than the runtime version 6.31.1 at tensorflow/core/framework/graph_debug_info.proto. Please update the gencode to avoid compatibility violations in the next runtime release.
  warnings.warn(
/home-mscluster/tmazarura/miniconda3/lib/python3.13/site-packages/google/protobuf/runtime_version.py:98: UserWarning: Protobuf gencode version 5.28.3 is exactly one major version older than the runtime version 6.31.1 at tensorflow/core/framework/versions.proto. Please update the gencode to avoid compatibility violations in the next runtime release.
  warnings.warn(
/home-mscluster/tmazarura/miniconda3/lib/python3.13/site-packages/google/protobuf/runtime_version.py:98: UserWarning: Protobuf gencode version 5.28.3 is exactly one major version older than the runtime version 6.31.1 at tensorflow/core/protobuf/config.proto. Please update the gencode to avoid compatibility violations in the next runtime release.
  warnings.warn(
/home-mscluster/tmazarura/miniconda3/lib/python3.13/site-packages/google/protobuf/runtime_version.py:98: UserWarning: Protobuf gencode version 5.28.3 is exactly one major version older than the runtime version 6.31.1 at xla/tsl/protobuf/coordination_config.proto. Please update the gencode to avoid compatibility violations in the next runtime release.
  warnings.warn(
/home-mscluster/tmazarura/miniconda3/lib/python3.13/site-packages/google/protobuf/runtime_version.py:98: UserWarning: Protobuf gencode version 5.28.3 is exactly one major version older than the runtime version 6.31.1 at tensorflow/core/framework/cost_graph.proto. Please update the gencode to avoid compatibility violations in the next runtime release.
  warnings.warn(
/home-mscluster/tmazarura/miniconda3/lib/python3.13/site-packages/google/protobuf/runtime_version.py:98: UserWarning: Protobuf gencode version 5.28.3 is exactly one major version older than the runtime version 6.31.1 at tensorflow/core/framework/step_stats.proto. Please update the gencode to avoid compatibility violations in the next runtime release.
  warnings.warn(
/home-mscluster/tmazarura/miniconda3/lib/python3.13/site-packages/google/protobuf/runtime_version.py:98: UserWarning: Protobuf gencode version 5.28.3 is exactly one major version older than the runtime version 6.31.1 at tensorflow/core/framework/allocation_description.proto. Please update the gencode to avoid compatibility violations in the next runtime release.
  warnings.warn(
/home-mscluster/tmazarura/miniconda3/lib/python3.13/site-packages/google/protobuf/runtime_version.py:98: UserWarning: Protobuf gencode version 5.28.3 is exactly one major version older than the runtime version 6.31.1 at tensorflow/core/framework/tensor_description.proto. Please update the gencode to avoid compatibility violations in the next runtime release.
  warnings.warn(
/home-mscluster/tmazarura/miniconda3/lib/python3.13/site-packages/google/protobuf/runtime_version.py:98: UserWarning: Protobuf gencode version 5.28.3 is exactly one major version older than the runtime version 6.31.1 at tensorflow/core/protobuf/cluster.proto. Please update the gencode to avoid compatibility violations in the next runtime release.
  warnings.warn(
/home-mscluster/tmazarura/miniconda3/lib/python3.13/site-packages/google/protobuf/runtime_version.py:98: UserWarning: Protobuf gencode version 5.28.3 is exactly one major version older than the runtime version 6.31.1 at tensorflow/core/protobuf/debug.proto. Please update the gencode to avoid compatibility violations in the next runtime release.
  warnings.warn(
WARNING: All log messages before absl::InitializeLog() is called are written to STDERR
I0000 00:00:1755973289.961720   14851 gpu_device.cc:2020] Created device /job:localhost/replica:0/task:0/device:GPU:0 with 5499 MB memory:  -> device: 0, name: NVIDIA GeForce GTX 1060 6GB, pci bus id: 0000:03:00.0, compute capability: 6.1
I0000 00:00:1755973289.963171   14851 gpu_device.cc:2020] Created device /job:localhost/replica:0/task:0/device:GPU:1 with 5499 MB memory:  -> device: 1, name: NVIDIA GeForce GTX 1060 6GB, pci bus id: 0000:83:00.0, compute capability: 6.1
2025-08-23 20:22:27.777148: W external/local_xla/xla/tsl/framework/bfc_allocator.cc:501] Allocator (GPU_0_bfc) ran out of memory trying to allocate 1.72GiB (rounded to 1850000128)requested by op AddV2
If the cause is memory fragmentation maybe the environment variable 'TF_GPU_ALLOCATOR=cuda_malloc_async' will improve the situation. 
Current allocation summary follows.
Current allocation summary follows.
2025-08-23 20:22:27.777787: I external/local_xla/xla/tsl/framework/bfc_allocator.cc:1049] BFCAllocator dump for GPU_0_bfc
2025-08-23 20:22:27.777839: I external/local_xla/xla/tsl/framework/bfc_allocator.cc:1056] Bin (256): 	Total Chunks: 14, Chunks in use: 13. 3.5KiB allocated for chunks. 3.2KiB in use in bin. 92B client-requested in use in bin.
2025-08-23 20:22:27.777864: I external/local_xla/xla/tsl/framework/bfc_allocator.cc:1056] Bin (512): 	Total Chunks: 0, Chunks in use: 0. 0B allocated for chunks. 0B in use in bin. 0B client-requested in use in bin.
2025-08-23 20:22:27.777887: I external/local_xla/xla/tsl/framework/bfc_allocator.cc:1056] Bin (1024): 	Total Chunks: 1, Chunks in use: 1. 1.2KiB allocated for chunks. 1.2KiB in use in bin. 1.0KiB client-requested in use in bin.
2025-08-23 20:22:27.777907: I external/local_xla/xla/tsl/framework/bfc_allocator.cc:1056] Bin (2048): 	Total Chunks: 0, Chunks in use: 0. 0B allocated for chunks. 0B in use in bin. 0B client-requested in use in bin.
2025-08-23 20:22:27.777926: I external/local_xla/xla/tsl/framework/bfc_allocator.cc:1056] Bin (4096): 	Total Chunks: 0, Chunks in use: 0. 0B allocated for chunks. 0B in use in bin. 0B client-requested in use in bin.
2025-08-23 20:22:27.777945: I external/local_xla/xla/tsl/framework/bfc_allocator.cc:1056] Bin (8192): 	Total Chunks: 0, Chunks in use: 0. 0B allocated for chunks. 0B in use in bin. 0B client-requested in use in bin.
2025-08-23 20:22:27.777964: I external/local_xla/xla/tsl/framework/bfc_allocator.cc:1056] Bin (16384): 	Total Chunks: 0, Chunks in use: 0. 0B allocated for chunks. 0B in use in bin. 0B client-requested in use in bin.
2025-08-23 20:22:27.777984: I external/local_xla/xla/tsl/framework/bfc_allocator.cc:1056] Bin (32768): 	Total Chunks: 0, Chunks in use: 0. 0B allocated for chunks. 0B in use in bin. 0B client-requested in use in bin.
2025-08-23 20:22:27.778002: I external/local_xla/xla/tsl/framework/bfc_allocator.cc:1056] Bin (65536): 	Total Chunks: 0, Chunks in use: 0. 0B allocated for chunks. 0B in use in bin. 0B client-requested in use in bin.
2025-08-23 20:22:27.778021: I external/local_xla/xla/tsl/framework/bfc_allocator.cc:1056] Bin (131072): 	Total Chunks: 0, Chunks in use: 0. 0B allocated for chunks. 0B in use in bin. 0B client-requested in use in bin.
2025-08-23 20:22:27.778040: I external/local_xla/xla/tsl/framework/bfc_allocator.cc:1056] Bin (262144): 	Total Chunks: 0, Chunks in use: 0. 0B allocated for chunks. 0B in use in bin. 0B client-requested in use in bin.
2025-08-23 20:22:27.778058: I external/local_xla/xla/tsl/framework/bfc_allocator.cc:1056] Bin (524288): 	Total Chunks: 0, Chunks in use: 0. 0B allocated for chunks. 0B in use in bin. 0B client-requested in use in bin.
2025-08-23 20:22:27.778077: I external/local_xla/xla/tsl/framework/bfc_allocator.cc:1056] Bin (1048576): 	Total Chunks: 0, Chunks in use: 0. 0B allocated for chunks. 0B in use in bin. 0B client-requested in use in bin.
2025-08-23 20:22:27.778095: I external/local_xla/xla/tsl/framework/bfc_allocator.cc:1056] Bin (2097152): 	Total Chunks: 0, Chunks in use: 0. 0B allocated for chunks. 0B in use in bin. 0B client-requested in use in bin.
2025-08-23 20:22:27.778114: I external/local_xla/xla/tsl/framework/bfc_allocator.cc:1056] Bin (4194304): 	Total Chunks: 0, Chunks in use: 0. 0B allocated for chunks. 0B in use in bin. 0B client-requested in use in bin.
2025-08-23 20:22:27.778133: I external/local_xla/xla/tsl/framework/bfc_allocator.cc:1056] Bin (8388608): 	Total Chunks: 0, Chunks in use: 0. 0B allocated for chunks. 0B in use in bin. 0B client-requested in use in bin.
2025-08-23 20:22:27.778152: I external/local_xla/xla/tsl/framework/bfc_allocator.cc:1056] Bin (16777216): 	Total Chunks: 0, Chunks in use: 0. 0B allocated for chunks. 0B in use in bin. 0B client-requested in use in bin.
2025-08-23 20:22:27.778171: I external/local_xla/xla/tsl/framework/bfc_allocator.cc:1056] Bin (33554432): 	Total Chunks: 0, Chunks in use: 0. 0B allocated for chunks. 0B in use in bin. 0B client-requested in use in bin.
2025-08-23 20:22:27.778200: I external/local_xla/xla/tsl/framework/bfc_allocator.cc:1056] Bin (67108864): 	Total Chunks: 0, Chunks in use: 0. 0B allocated for chunks. 0B in use in bin. 0B client-requested in use in bin.
2025-08-23 20:22:27.778220: I external/local_xla/xla/tsl/framework/bfc_allocator.cc:1056] Bin (134217728): 	Total Chunks: 0, Chunks in use: 0. 0B allocated for chunks. 0B in use in bin. 0B client-requested in use in bin.
2025-08-23 20:22:27.778243: I external/local_xla/xla/tsl/framework/bfc_allocator.cc:1056] Bin (268435456): 	Total Chunks: 5, Chunks in use: 4. 5.37GiB allocated for chunks. 4.35GiB in use in bin. 4.35GiB client-requested in use in bin.
2025-08-23 20:22:27.778268: I external/local_xla/xla/tsl/framework/bfc_allocator.cc:1072] Bin for 1.72GiB was 256.00MiB, Chunk State: 
2025-08-23 20:22:27.778297: I external/local_xla/xla/tsl/framework/bfc_allocator.cc:1078]   Size: 1.02GiB | Requested Size: 0B | in_use: 0 | bin_num: 20, prev:   Size: 1.72GiB | Requested Size: 1.72GiB | in_use: 1 | bin_num: -1
2025-08-23 20:22:27.778316: I external/local_xla/xla/tsl/framework/bfc_allocator.cc:1085] Next region of size 5766774784
2025-08-23 20:22:27.778334: I external/local_xla/xla/tsl/framework/bfc_allocator.cc:1105] InUse at 7f9f48000000 of size 1280 next 1
2025-08-23 20:22:27.778350: I external/local_xla/xla/tsl/framework/bfc_allocator.cc:1105] InUse at 7f9f48000500 of size 256 next 2
2025-08-23 20:22:27.778366: I external/local_xla/xla/tsl/framework/bfc_allocator.cc:1105] InUse at 7f9f48000600 of size 256 next 3
2025-08-23 20:22:27.778381: I external/local_xla/xla/tsl/framework/bfc_allocator.cc:1105] InUse at 7f9f48000700 of size 256 next 4
2025-08-23 20:22:27.778396: I external/local_xla/xla/tsl/framework/bfc_allocator.cc:1105] InUse at 7f9f48000800 of size 256 next 5
2025-08-23 20:22:27.778411: I external/local_xla/xla/tsl/framework/bfc_allocator.cc:1105] InUse at 7f9f48000900 of size 256 next 6
2025-08-23 20:22:27.778425: I external/local_xla/xla/tsl/framework/bfc_allocator.cc:1105] InUse at 7f9f48000a00 of size 256 next 7
2025-08-23 20:22:27.778440: I external/local_xla/xla/tsl/framework/bfc_allocator.cc:1105] InUse at 7f9f48000b00 of size 256 next 8
2025-08-23 20:22:27.778455: I external/local_xla/xla/tsl/framework/bfc_allocator.cc:1105] InUse at 7f9f48000c00 of size 256 next 9
2025-08-23 20:22:27.778470: I external/local_xla/xla/tsl/framework/bfc_allocator.cc:1105] InUse at 7f9f48000d00 of size 483960064 next 10
2025-08-23 20:22:27.778487: I external/local_xla/xla/tsl/framework/bfc_allocator.cc:1105] InUse at 7f9f64d8b200 of size 483960064 next 11
2025-08-23 20:22:27.778502: I external/local_xla/xla/tsl/framework/bfc_allocator.cc:1105] InUse at 7f9f81b15700 of size 256 next 12
2025-08-23 20:22:27.778517: I external/local_xla/xla/tsl/framework/bfc_allocator.cc:1105] InUse at 7f9f81b15800 of size 256 next 13
2025-08-23 20:22:27.778532: I external/local_xla/xla/tsl/framework/bfc_allocator.cc:1105] InUse at 7f9f81b15900 of size 256 next 14
2025-08-23 20:22:27.778547: I external/local_xla/xla/tsl/framework/bfc_allocator.cc:1105] InUse at 7f9f81b15a00 of size 256 next 15
2025-08-23 20:22:27.778562: I external/local_xla/xla/tsl/framework/bfc_allocator.cc:1105] InUse at 7f9f81b15b00 of size 256 next 16
2025-08-23 20:22:27.778577: I external/local_xla/xla/tsl/framework/bfc_allocator.cc:1105] InUse at 7f9f81b15c00 of size 1850000128 next 17
2025-08-23 20:22:27.778593: I external/local_xla/xla/tsl/framework/bfc_allocator.cc:1105] Free  at 7f9feff61f00 of size 256 next 18
2025-08-23 20:22:27.778608: I external/local_xla/xla/tsl/framework/bfc_allocator.cc:1105] InUse at 7f9feff62000 of size 1850000128 next 19
2025-08-23 20:22:27.778623: I external/local_xla/xla/tsl/framework/bfc_allocator.cc:1105] Free  at 7fa05e3ae300 of size 1098849536 next 18446744073709551615
2025-08-23 20:22:27.778639: I external/local_xla/xla/tsl/framework/bfc_allocator.cc:1110]      Summary of in-use Chunks by size: 
2025-08-23 20:22:27.778670: I external/local_xla/xla/tsl/framework/bfc_allocator.cc:1113] 13 Chunks of size 256 totalling 3.2KiB
2025-08-23 20:22:27.778692: I external/local_xla/xla/tsl/framework/bfc_allocator.cc:1113] 1 Chunks of size 1280 totalling 1.2KiB
2025-08-23 20:22:27.778714: I external/local_xla/xla/tsl/framework/bfc_allocator.cc:1113] 2 Chunks of size 483960064 totalling 923.08MiB
2025-08-23 20:22:27.778733: I external/local_xla/xla/tsl/framework/bfc_allocator.cc:1113] 2 Chunks of size 1850000128 totalling 3.45GiB
2025-08-23 20:22:27.778753: I external/local_xla/xla/tsl/framework/bfc_allocator.cc:1117] Sum Total of in-use chunks: 4.35GiB
2025-08-23 20:22:27.778771: I external/local_xla/xla/tsl/framework/bfc_allocator.cc:1119] Total bytes in pool: 5766774784 memory_limit_: 5766774784 available bytes: 0 curr_region_allocation_bytes_: 11533549568
2025-08-23 20:22:27.778795: I external/local_xla/xla/tsl/framework/bfc_allocator.cc:1124] Stats: 
Limit:                      5766774784
InUse:                      4667924992
MaxInUse:                   4667925248
NumAllocs:                          24
MaxAllocSize:               1850000128
Reserved:                            0
PeakReserved:                        0
LargestFreeBlock:                    0

2025-08-23 20:22:27.778816: W external/local_xla/xla/tsl/framework/bfc_allocator.cc:512] *********************************************************************************___________________
2025-08-23 20:22:27.801410: W tensorflow/core/framework/op_kernel.cc:1842] RESOURCE_EXHAUSTED: failed to allocate memory
2025-08-23 20:22:27.801469: I tensorflow/core/framework/local_rendezvous.cc:407] Local rendezvous is aborting with status: RESOURCE_EXHAUSTED: failed to allocate memory
Traceback (most recent call last):
  File "/home-mscluster/tmazarura/HonoursResearch/src/AE.py", line 86, in <module>
    history = autoencoder.fit(
        X_train, X_train,
    ...<5 lines>...
    
    )
  File "/home-mscluster/tmazarura/miniconda3/lib/python3.13/site-packages/keras/src/utils/traceback_utils.py", line 122, in error_handler
    raise e.with_traceback(filtered_tb) from None
  File "/home-mscluster/tmazarura/miniconda3/lib/python3.13/site-packages/keras/src/backend/tensorflow/core.py", line 36, in handle
    return self.value.handle
           ^^^^^^^^^^^^^^^^^
AttributeError: 'SymbolicTensor' object has no attribute 'handle'
