Encoder saving started at: Thu Oct  9 08:44:54 PM SAST 2025
Saving encoder for partition 1 of 4 at Thu Oct  9 08:44:55 PM SAST 2025
Start to end indices: (0,27085)
Dataset partitioned into 4 number of chunks
Partition: 1
Training set reshaped to: (18959, 67499, 1)
Validation set reshaped to: (2709, 67499, 1)
Test set reshaped to: (5417, 67499, 1)
Starting training...
Encoded shape: (None, 200)
Decoded shape: (None, 67499, 1)
Encoded shape: (None, 200)
Decoded shape: (None, 67499, 1)
Encoded shape: (None, 200)
Decoded shape: (None, 67499, 1)
[1;34mwandb[0m: 
[1;34mwandb[0m: 🚀 View run [33mskilled-aardvark-4[0m at: [34m[0m
[1;34mwandb[0m: Find logs at: [1;35mwandb/run-20251009_210447-muficjtn/logs[0m
Encoder for partition 1 saved at Thu Oct  9 09:06:56 PM SAST 2025
============================================================================
Encoder saving finished at: Thu Oct  9 09:06:56 PM SAST 2025
Tapedza!!! Mwari Ngaakudzwe!
