2025-10-09 21:37:26.452981: I tensorflow/core/util/port.cc:153] oneDNN custom operations are on. You may see slightly different numerical results due to floating-point round-off errors from different computation orders. To turn them off, set the environment variable `TF_ENABLE_ONEDNN_OPTS=0`.
2025-10-09 21:37:26.549670: I tensorflow/core/platform/cpu_feature_guard.cc:210] This TensorFlow binary is optimized to use available CPU instructions in performance-critical operations.
To enable the following instructions: AVX2 AVX512F AVX512_VNNI FMA, in other operations, rebuild TensorFlow with the appropriate compiler flags.
/home-mscluster/tmazarura/miniconda3/lib/python3.13/site-packages/google/protobuf/runtime_version.py:98: UserWarning: Protobuf gencode version 5.28.3 is exactly one major version older than the runtime version 6.31.1 at tensorflow/core/framework/attr_value.proto. Please update the gencode to avoid compatibility violations in the next runtime release.
  warnings.warn(
/home-mscluster/tmazarura/miniconda3/lib/python3.13/site-packages/google/protobuf/runtime_version.py:98: UserWarning: Protobuf gencode version 5.28.3 is exactly one major version older than the runtime version 6.31.1 at tensorflow/core/framework/tensor.proto. Please update the gencode to avoid compatibility violations in the next runtime release.
  warnings.warn(
/home-mscluster/tmazarura/miniconda3/lib/python3.13/site-packages/google/protobuf/runtime_version.py:98: UserWarning: Protobuf gencode version 5.28.3 is exactly one major version older than the runtime version 6.31.1 at tensorflow/core/framework/resource_handle.proto. Please update the gencode to avoid compatibility violations in the next runtime release.
  warnings.warn(
/home-mscluster/tmazarura/miniconda3/lib/python3.13/site-packages/google/protobuf/runtime_version.py:98: UserWarning: Protobuf gencode version 5.28.3 is exactly one major version older than the runtime version 6.31.1 at tensorflow/core/framework/tensor_shape.proto. Please update the gencode to avoid compatibility violations in the next runtime release.
  warnings.warn(
/home-mscluster/tmazarura/miniconda3/lib/python3.13/site-packages/google/protobuf/runtime_version.py:98: UserWarning: Protobuf gencode version 5.28.3 is exactly one major version older than the runtime version 6.31.1 at tensorflow/core/framework/types.proto. Please update the gencode to avoid compatibility violations in the next runtime release.
  warnings.warn(
/home-mscluster/tmazarura/miniconda3/lib/python3.13/site-packages/google/protobuf/runtime_version.py:98: UserWarning: Protobuf gencode version 5.28.3 is exactly one major version older than the runtime version 6.31.1 at tensorflow/core/framework/full_type.proto. Please update the gencode to avoid compatibility violations in the next runtime release.
  warnings.warn(
/home-mscluster/tmazarura/miniconda3/lib/python3.13/site-packages/google/protobuf/runtime_version.py:98: UserWarning: Protobuf gencode version 5.28.3 is exactly one major version older than the runtime version 6.31.1 at tensorflow/core/framework/function.proto. Please update the gencode to avoid compatibility violations in the next runtime release.
  warnings.warn(
/home-mscluster/tmazarura/miniconda3/lib/python3.13/site-packages/google/protobuf/runtime_version.py:98: UserWarning: Protobuf gencode version 5.28.3 is exactly one major version older than the runtime version 6.31.1 at tensorflow/core/framework/node_def.proto. Please update the gencode to avoid compatibility violations in the next runtime release.
  warnings.warn(
/home-mscluster/tmazarura/miniconda3/lib/python3.13/site-packages/google/protobuf/runtime_version.py:98: UserWarning: Protobuf gencode version 5.28.3 is exactly one major version older than the runtime version 6.31.1 at tensorflow/core/framework/op_def.proto. Please update the gencode to avoid compatibility violations in the next runtime release.
  warnings.warn(
/home-mscluster/tmazarura/miniconda3/lib/python3.13/site-packages/google/protobuf/runtime_version.py:98: UserWarning: Protobuf gencode version 5.28.3 is exactly one major version older than the runtime version 6.31.1 at tensorflow/core/framework/graph.proto. Please update the gencode to avoid compatibility violations in the next runtime release.
  warnings.warn(
/home-mscluster/tmazarura/miniconda3/lib/python3.13/site-packages/google/protobuf/runtime_version.py:98: UserWarning: Protobuf gencode version 5.28.3 is exactly one major version older than the runtime version 6.31.1 at tensorflow/core/framework/graph_debug_info.proto. Please update the gencode to avoid compatibility violations in the next runtime release.
  warnings.warn(
/home-mscluster/tmazarura/miniconda3/lib/python3.13/site-packages/google/protobuf/runtime_version.py:98: UserWarning: Protobuf gencode version 5.28.3 is exactly one major version older than the runtime version 6.31.1 at tensorflow/core/framework/versions.proto. Please update the gencode to avoid compatibility violations in the next runtime release.
  warnings.warn(
/home-mscluster/tmazarura/miniconda3/lib/python3.13/site-packages/google/protobuf/runtime_version.py:98: UserWarning: Protobuf gencode version 5.28.3 is exactly one major version older than the runtime version 6.31.1 at tensorflow/core/protobuf/config.proto. Please update the gencode to avoid compatibility violations in the next runtime release.
  warnings.warn(
/home-mscluster/tmazarura/miniconda3/lib/python3.13/site-packages/google/protobuf/runtime_version.py:98: UserWarning: Protobuf gencode version 5.28.3 is exactly one major version older than the runtime version 6.31.1 at xla/tsl/protobuf/coordination_config.proto. Please update the gencode to avoid compatibility violations in the next runtime release.
  warnings.warn(
/home-mscluster/tmazarura/miniconda3/lib/python3.13/site-packages/google/protobuf/runtime_version.py:98: UserWarning: Protobuf gencode version 5.28.3 is exactly one major version older than the runtime version 6.31.1 at tensorflow/core/framework/cost_graph.proto. Please update the gencode to avoid compatibility violations in the next runtime release.
  warnings.warn(
/home-mscluster/tmazarura/miniconda3/lib/python3.13/site-packages/google/protobuf/runtime_version.py:98: UserWarning: Protobuf gencode version 5.28.3 is exactly one major version older than the runtime version 6.31.1 at tensorflow/core/framework/step_stats.proto. Please update the gencode to avoid compatibility violations in the next runtime release.
  warnings.warn(
/home-mscluster/tmazarura/miniconda3/lib/python3.13/site-packages/google/protobuf/runtime_version.py:98: UserWarning: Protobuf gencode version 5.28.3 is exactly one major version older than the runtime version 6.31.1 at tensorflow/core/framework/allocation_description.proto. Please update the gencode to avoid compatibility violations in the next runtime release.
  warnings.warn(
/home-mscluster/tmazarura/miniconda3/lib/python3.13/site-packages/google/protobuf/runtime_version.py:98: UserWarning: Protobuf gencode version 5.28.3 is exactly one major version older than the runtime version 6.31.1 at tensorflow/core/framework/tensor_description.proto. Please update the gencode to avoid compatibility violations in the next runtime release.
  warnings.warn(
/home-mscluster/tmazarura/miniconda3/lib/python3.13/site-packages/google/protobuf/runtime_version.py:98: UserWarning: Protobuf gencode version 5.28.3 is exactly one major version older than the runtime version 6.31.1 at tensorflow/core/protobuf/cluster.proto. Please update the gencode to avoid compatibility violations in the next runtime release.
  warnings.warn(
/home-mscluster/tmazarura/miniconda3/lib/python3.13/site-packages/google/protobuf/runtime_version.py:98: UserWarning: Protobuf gencode version 5.28.3 is exactly one major version older than the runtime version 6.31.1 at tensorflow/core/protobuf/debug.proto. Please update the gencode to avoid compatibility violations in the next runtime release.
  warnings.warn(
2025-10-09 21:38:36.707058: I tensorflow/core/util/port.cc:153] oneDNN custom operations are on. You may see slightly different numerical results due to floating-point round-off errors from different computation orders. To turn them off, set the environment variable `TF_ENABLE_ONEDNN_OPTS=0`.
wandb: Currently logged in as: trapezium (trapezium-wits-university) to https://api.wandb.ai. Use `wandb login --relogin` to force relogin
wandb: Tracking run with wandb version 0.21.4
wandb: Run data is saved locally in /home-mscluster/tmazarura/HonoursResearch/src/wandb/run-20251009_215753-emk85x4j
wandb: Run `wandb offline` to turn off syncing.
wandb: Syncing run stoic-sky-7
wandb: â­ï¸ View project at https://wandb.ai/trapezium-wits-university/CNN
wandb: ðŸš€ View run at https://wandb.ai/trapezium-wits-university/CNN/runs/emk85x4j
/home-mscluster/tmazarura/miniconda3/lib/python3.13/site-packages/keras/src/layers/core/input_layer.py:27: UserWarning: Argument `input_shape` is deprecated. Use `shape` instead.
  warnings.warn(
WARNING: All log messages before absl::InitializeLog() is called are written to STDERR
I0000 00:00:1760039881.684781 2486140 gpu_device.cc:2020] Created device /job:localhost/replica:0/task:0/device:GPU:0 with 28819 MB memory:  -> device: 0, name: Quadro RTX 8000, pci bus id: 0000:17:00.0, compute capability: 7.5
I0000 00:00:1760039881.686283 2486140 gpu_device.cc:2020] Created device /job:localhost/replica:0/task:0/device:GPU:1 with 47180 MB memory:  -> device: 1, name: Quadro RTX 8000, pci bus id: 0000:73:00.0, compute capability: 7.5
2025-10-09 21:58:24.282466: I external/local_xla/xla/service/service.cc:163] XLA service 0x7f53c8005910 initialized for platform CUDA (this does not guarantee that XLA will be used). Devices:
2025-10-09 21:58:24.282514: I external/local_xla/xla/service/service.cc:171]   StreamExecutor device (0): Quadro RTX 8000, Compute Capability 7.5
2025-10-09 21:58:24.282519: I external/local_xla/xla/service/service.cc:171]   StreamExecutor device (1): Quadro RTX 8000, Compute Capability 7.5
2025-10-09 21:58:24.570156: I tensorflow/compiler/mlir/tensorflow/utils/dump_mlir_util.cc:269] disabling MLIR crash reproducer, set env var `MLIR_CRASH_REPRODUCER_DIRECTORY` to enable.
2025-10-09 21:58:24.895907: I external/local_xla/xla/stream_executor/cuda/cuda_dnn.cc:473] Loaded cuDNN version 91002
2025-10-09 21:58:35.361509: E external/local_xla/xla/service/slow_operation_alarm.cc:73] Trying algorithm eng28{k2=0,k3=0} for conv (f32[1,32,1,3]{3,2,1,0}, u8[0]{0}) custom-call(f32[1,32,1,67499]{3,2,1,0}, f32[32,32,1,67499]{3,2,1,0}), window={size=1x67499 pad=0_0x1_1}, dim_labels=bf01_oi01->bf01, custom_call_target="__cudnn$convForward", backend_config={"operation_queue_id":"0","wait_on_operation_queues":[],"cudnn_conv_backend_config":{"activation_mode":"kNone","conv_result_scale":1,"side_input_scale":0,"leakyrelu_alpha":0},"force_earliest_schedule":false,"reification_cost":[]} is taking a while...
2025-10-09 21:58:35.614060: E external/local_xla/xla/service/slow_operation_alarm.cc:140] The operation took 1.252635993s
Trying algorithm eng28{k2=0,k3=0} for conv (f32[1,32,1,3]{3,2,1,0}, u8[0]{0}) custom-call(f32[1,32,1,67499]{3,2,1,0}, f32[32,32,1,67499]{3,2,1,0}), window={size=1x67499 pad=0_0x1_1}, dim_labels=bf01_oi01->bf01, custom_call_target="__cudnn$convForward", backend_config={"operation_queue_id":"0","wait_on_operation_queues":[],"cudnn_conv_backend_config":{"activation_mode":"kNone","conv_result_scale":1,"side_input_scale":0,"leakyrelu_alpha":0},"force_earliest_schedule":false,"reification_cost":[]} is taking a while...
2025-10-09 21:58:37.541900: E external/local_xla/xla/service/slow_operation_alarm.cc:73] Trying algorithm eng28{k2=1,k3=0} for conv (f32[1,32,1,3]{3,2,1,0}, u8[0]{0}) custom-call(f32[1,32,1,67499]{3,2,1,0}, f32[32,32,1,67499]{3,2,1,0}), window={size=1x67499 pad=0_0x1_1}, dim_labels=bf01_oi01->bf01, custom_call_target="__cudnn$convForward", backend_config={"operation_queue_id":"0","wait_on_operation_queues":[],"cudnn_conv_backend_config":{"activation_mode":"kNone","conv_result_scale":1,"side_input_scale":0,"leakyrelu_alpha":0},"force_earliest_schedule":false,"reification_cost":[]} is taking a while...
2025-10-09 21:58:38.006789: E external/local_xla/xla/service/slow_operation_alarm.cc:140] The operation took 1.464981708s
Trying algorithm eng28{k2=1,k3=0} for conv (f32[1,32,1,3]{3,2,1,0}, u8[0]{0}) custom-call(f32[1,32,1,67499]{3,2,1,0}, f32[32,32,1,67499]{3,2,1,0}), window={size=1x67499 pad=0_0x1_1}, dim_labels=bf01_oi01->bf01, custom_call_target="__cudnn$convForward", backend_config={"operation_queue_id":"0","wait_on_operation_queues":[],"cudnn_conv_backend_config":{"activation_mode":"kNone","conv_result_scale":1,"side_input_scale":0,"leakyrelu_alpha":0},"force_earliest_schedule":false,"reification_cost":[]} is taking a while...
2025-10-09 21:58:43.226209: E external/local_xla/xla/service/slow_operation_alarm.cc:73] Trying algorithm eng28{k2=0,k3=0} for conv (f32[32,64,1,3]{3,2,1,0}, u8[0]{0}) custom-call(f32[32,32,1,67496]{3,2,1,0}, f32[64,32,1,67496]{3,2,1,0}), window={size=1x67496 pad=0_0x1_1}, dim_labels=bf01_oi01->bf01, custom_call_target="__cudnn$convForward", backend_config={"operation_queue_id":"0","wait_on_operation_queues":[],"cudnn_conv_backend_config":{"activation_mode":"kNone","conv_result_scale":1,"side_input_scale":0,"leakyrelu_alpha":0},"force_earliest_schedule":false,"reification_cost":[]} is taking a while...
2025-10-09 21:58:43.868711: E external/local_xla/xla/service/slow_operation_alarm.cc:140] The operation took 1.642583794s
Trying algorithm eng28{k2=0,k3=0} for conv (f32[32,64,1,3]{3,2,1,0}, u8[0]{0}) custom-call(f32[32,32,1,67496]{3,2,1,0}, f32[64,32,1,67496]{3,2,1,0}), window={size=1x67496 pad=0_0x1_1}, dim_labels=bf01_oi01->bf01, custom_call_target="__cudnn$convForward", backend_config={"operation_queue_id":"0","wait_on_operation_queues":[],"cudnn_conv_backend_config":{"activation_mode":"kNone","conv_result_scale":1,"side_input_scale":0,"leakyrelu_alpha":0},"force_earliest_schedule":false,"reification_cost":[]} is taking a while...
2025-10-09 21:58:45.343029: E external/local_xla/xla/service/slow_operation_alarm.cc:73] Trying algorithm eng28{k2=1,k3=0} for conv (f32[32,64,1,3]{3,2,1,0}, u8[0]{0}) custom-call(f32[32,32,1,67496]{3,2,1,0}, f32[64,32,1,67496]{3,2,1,0}), window={size=1x67496 pad=0_0x1_1}, dim_labels=bf01_oi01->bf01, custom_call_target="__cudnn$convForward", backend_config={"operation_queue_id":"0","wait_on_operation_queues":[],"cudnn_conv_backend_config":{"activation_mode":"kNone","conv_result_scale":1,"side_input_scale":0,"leakyrelu_alpha":0},"force_earliest_schedule":false,"reification_cost":[]} is taking a while...
2025-10-09 21:58:45.873799: E external/local_xla/xla/service/slow_operation_alarm.cc:140] The operation took 1.530848042s
Trying algorithm eng28{k2=1,k3=0} for conv (f32[32,64,1,3]{3,2,1,0}, u8[0]{0}) custom-call(f32[32,32,1,67496]{3,2,1,0}, f32[64,32,1,67496]{3,2,1,0}), window={size=1x67496 pad=0_0x1_1}, dim_labels=bf01_oi01->bf01, custom_call_target="__cudnn$convForward", backend_config={"operation_queue_id":"0","wait_on_operation_queues":[],"cudnn_conv_backend_config":{"activation_mode":"kNone","conv_result_scale":1,"side_input_scale":0,"leakyrelu_alpha":0},"force_earliest_schedule":false,"reification_cost":[]} is taking a while...
2025-10-09 21:58:47.366861: E external/local_xla/xla/service/slow_operation_alarm.cc:73] Trying algorithm eng28{k2=0,k3=0} for conv (f32[1,32,1,3]{3,2,1,0}, u8[0]{0}) custom-call(f32[1,32,1,67496]{3,2,1,0}, f32[32,32,1,67496]{3,2,1,0}), window={size=1x67496 pad=0_0x1_1}, dim_labels=bf01_oi01->bf01, custom_call_target="__cudnn$convForward", backend_config={"operation_queue_id":"0","wait_on_operation_queues":[],"cudnn_conv_backend_config":{"activation_mode":"kNone","conv_result_scale":1,"side_input_scale":0,"leakyrelu_alpha":0},"force_earliest_schedule":false,"reification_cost":[]} is taking a while...
2025-10-09 21:58:47.984759: E external/local_xla/xla/service/slow_operation_alarm.cc:140] The operation took 1.618080648s
Trying algorithm eng28{k2=0,k3=0} for conv (f32[1,32,1,3]{3,2,1,0}, u8[0]{0}) custom-call(f32[1,32,1,67496]{3,2,1,0}, f32[32,32,1,67496]{3,2,1,0}), window={size=1x67496 pad=0_0x1_1}, dim_labels=bf01_oi01->bf01, custom_call_target="__cudnn$convForward", backend_config={"operation_queue_id":"0","wait_on_operation_queues":[],"cudnn_conv_backend_config":{"activation_mode":"kNone","conv_result_scale":1,"side_input_scale":0,"leakyrelu_alpha":0},"force_earliest_schedule":false,"reification_cost":[]} is taking a while...
2025-10-09 21:58:49.894263: E external/local_xla/xla/service/slow_operation_alarm.cc:73] Trying algorithm eng28{k2=1,k3=0} for conv (f32[1,32,1,3]{3,2,1,0}, u8[0]{0}) custom-call(f32[1,32,1,67496]{3,2,1,0}, f32[32,32,1,67496]{3,2,1,0}), window={size=1x67496 pad=0_0x1_1}, dim_labels=bf01_oi01->bf01, custom_call_target="__cudnn$convForward", backend_config={"operation_queue_id":"0","wait_on_operation_queues":[],"cudnn_conv_backend_config":{"activation_mode":"kNone","conv_result_scale":1,"side_input_scale":0,"leakyrelu_alpha":0},"force_earliest_schedule":false,"reification_cost":[]} is taking a while...
2025-10-09 21:58:50.340919: E external/local_xla/xla/service/slow_operation_alarm.cc:140] The operation took 1.446921851s
Trying algorithm eng28{k2=1,k3=0} for conv (f32[1,32,1,3]{3,2,1,0}, u8[0]{0}) custom-call(f32[1,32,1,67496]{3,2,1,0}, f32[32,32,1,67496]{3,2,1,0}), window={size=1x67496 pad=0_0x1_1}, dim_labels=bf01_oi01->bf01, custom_call_target="__cudnn$convForward", backend_config={"operation_queue_id":"0","wait_on_operation_queues":[],"cudnn_conv_backend_config":{"activation_mode":"kNone","conv_result_scale":1,"side_input_scale":0,"leakyrelu_alpha":0},"force_earliest_schedule":false,"reification_cost":[]} is taking a while...
I0000 00:00:1760039937.133767 2486712 device_compiler.h:196] Compiled cluster using XLA!  This line is logged at most once for the lifetime of the process.
2025-10-09 22:08:56.265286: E external/local_xla/xla/service/slow_operation_alarm.cc:73] Trying algorithm eng28{k2=0,k3=0} for conv (f32[1,32,1,3]{3,2,1,0}, u8[0]{0}) custom-call(f32[1,31,1,67499]{3,2,1,0}, f32[32,31,1,67499]{3,2,1,0}), window={size=1x67499 pad=0_0x1_1}, dim_labels=bf01_oi01->bf01, custom_call_target="__cudnn$convForward", backend_config={"operation_queue_id":"0","wait_on_operation_queues":[],"cudnn_conv_backend_config":{"activation_mode":"kNone","conv_result_scale":1,"side_input_scale":0,"leakyrelu_alpha":0},"force_earliest_schedule":false,"reification_cost":[]} is taking a while...
2025-10-09 22:08:56.955150: E external/local_xla/xla/service/slow_operation_alarm.cc:140] The operation took 1.690019047s
Trying algorithm eng28{k2=0,k3=0} for conv (f32[1,32,1,3]{3,2,1,0}, u8[0]{0}) custom-call(f32[1,31,1,67499]{3,2,1,0}, f32[32,31,1,67499]{3,2,1,0}), window={size=1x67499 pad=0_0x1_1}, dim_labels=bf01_oi01->bf01, custom_call_target="__cudnn$convForward", backend_config={"operation_queue_id":"0","wait_on_operation_queues":[],"cudnn_conv_backend_config":{"activation_mode":"kNone","conv_result_scale":1,"side_input_scale":0,"leakyrelu_alpha":0},"force_earliest_schedule":false,"reification_cost":[]} is taking a while...
2025-10-09 22:08:58.884980: E external/local_xla/xla/service/slow_operation_alarm.cc:73] Trying algorithm eng28{k2=1,k3=0} for conv (f32[1,32,1,3]{3,2,1,0}, u8[0]{0}) custom-call(f32[1,31,1,67499]{3,2,1,0}, f32[32,31,1,67499]{3,2,1,0}), window={size=1x67499 pad=0_0x1_1}, dim_labels=bf01_oi01->bf01, custom_call_target="__cudnn$convForward", backend_config={"operation_queue_id":"0","wait_on_operation_queues":[],"cudnn_conv_backend_config":{"activation_mode":"kNone","conv_result_scale":1,"side_input_scale":0,"leakyrelu_alpha":0},"force_earliest_schedule":false,"reification_cost":[]} is taking a while...
2025-10-09 22:08:59.295709: E external/local_xla/xla/service/slow_operation_alarm.cc:140] The operation took 1.410886511s
Trying algorithm eng28{k2=1,k3=0} for conv (f32[1,32,1,3]{3,2,1,0}, u8[0]{0}) custom-call(f32[1,31,1,67499]{3,2,1,0}, f32[32,31,1,67499]{3,2,1,0}), window={size=1x67499 pad=0_0x1_1}, dim_labels=bf01_oi01->bf01, custom_call_target="__cudnn$convForward", backend_config={"operation_queue_id":"0","wait_on_operation_queues":[],"cudnn_conv_backend_config":{"activation_mode":"kNone","conv_result_scale":1,"side_input_scale":0,"leakyrelu_alpha":0},"force_earliest_schedule":false,"reification_cost":[]} is taking a while...
2025-10-09 22:09:04.832649: E external/local_xla/xla/service/slow_operation_alarm.cc:73] Trying algorithm eng28{k2=0,k3=0} for conv (f32[32,64,1,3]{3,2,1,0}, u8[0]{0}) custom-call(f32[32,31,1,67496]{3,2,1,0}, f32[64,31,1,67496]{3,2,1,0}), window={size=1x67496 pad=0_0x1_1}, dim_labels=bf01_oi01->bf01, custom_call_target="__cudnn$convForward", backend_config={"operation_queue_id":"0","wait_on_operation_queues":[],"cudnn_conv_backend_config":{"activation_mode":"kNone","conv_result_scale":1,"side_input_scale":0,"leakyrelu_alpha":0},"force_earliest_schedule":false,"reification_cost":[]} is taking a while...
2025-10-09 22:09:05.004035: E external/local_xla/xla/service/slow_operation_alarm.cc:140] The operation took 1.171572417s
Trying algorithm eng28{k2=0,k3=0} for conv (f32[32,64,1,3]{3,2,1,0}, u8[0]{0}) custom-call(f32[32,31,1,67496]{3,2,1,0}, f32[64,31,1,67496]{3,2,1,0}), window={size=1x67496 pad=0_0x1_1}, dim_labels=bf01_oi01->bf01, custom_call_target="__cudnn$convForward", backend_config={"operation_queue_id":"0","wait_on_operation_queues":[],"cudnn_conv_backend_config":{"activation_mode":"kNone","conv_result_scale":1,"side_input_scale":0,"leakyrelu_alpha":0},"force_earliest_schedule":false,"reification_cost":[]} is taking a while...
2025-10-09 22:09:06.456444: E external/local_xla/xla/service/slow_operation_alarm.cc:73] Trying algorithm eng28{k2=1,k3=0} for conv (f32[32,64,1,3]{3,2,1,0}, u8[0]{0}) custom-call(f32[32,31,1,67496]{3,2,1,0}, f32[64,31,1,67496]{3,2,1,0}), window={size=1x67496 pad=0_0x1_1}, dim_labels=bf01_oi01->bf01, custom_call_target="__cudnn$convForward", backend_config={"operation_queue_id":"0","wait_on_operation_queues":[],"cudnn_conv_backend_config":{"activation_mode":"kNone","conv_result_scale":1,"side_input_scale":0,"leakyrelu_alpha":0},"force_earliest_schedule":false,"reification_cost":[]} is taking a while...
2025-10-09 22:09:06.889267: E external/local_xla/xla/service/slow_operation_alarm.cc:140] The operation took 1.432993751s
Trying algorithm eng28{k2=1,k3=0} for conv (f32[32,64,1,3]{3,2,1,0}, u8[0]{0}) custom-call(f32[32,31,1,67496]{3,2,1,0}, f32[64,31,1,67496]{3,2,1,0}), window={size=1x67496 pad=0_0x1_1}, dim_labels=bf01_oi01->bf01, custom_call_target="__cudnn$convForward", backend_config={"operation_queue_id":"0","wait_on_operation_queues":[],"cudnn_conv_backend_config":{"activation_mode":"kNone","conv_result_scale":1,"side_input_scale":0,"leakyrelu_alpha":0},"force_earliest_schedule":false,"reification_cost":[]} is taking a while...
2025-10-09 22:09:08.363413: E external/local_xla/xla/service/slow_operation_alarm.cc:73] Trying algorithm eng28{k2=0,k3=0} for conv (f32[1,32,1,3]{3,2,1,0}, u8[0]{0}) custom-call(f32[1,31,1,67496]{3,2,1,0}, f32[32,31,1,67496]{3,2,1,0}), window={size=1x67496 pad=0_0x1_1}, dim_labels=bf01_oi01->bf01, custom_call_target="__cudnn$convForward", backend_config={"operation_queue_id":"0","wait_on_operation_queues":[],"cudnn_conv_backend_config":{"activation_mode":"kNone","conv_result_scale":1,"side_input_scale":0,"leakyrelu_alpha":0},"force_earliest_schedule":false,"reification_cost":[]} is taking a while...
2025-10-09 22:09:08.509055: E external/local_xla/xla/service/slow_operation_alarm.cc:140] The operation took 1.145793124s
Trying algorithm eng28{k2=0,k3=0} for conv (f32[1,32,1,3]{3,2,1,0}, u8[0]{0}) custom-call(f32[1,31,1,67496]{3,2,1,0}, f32[32,31,1,67496]{3,2,1,0}), window={size=1x67496 pad=0_0x1_1}, dim_labels=bf01_oi01->bf01, custom_call_target="__cudnn$convForward", backend_config={"operation_queue_id":"0","wait_on_operation_queues":[],"cudnn_conv_backend_config":{"activation_mode":"kNone","conv_result_scale":1,"side_input_scale":0,"leakyrelu_alpha":0},"force_earliest_schedule":false,"reification_cost":[]} is taking a while...
2025-10-09 22:09:10.405327: E external/local_xla/xla/service/slow_operation_alarm.cc:73] Trying algorithm eng28{k2=1,k3=0} for conv (f32[1,32,1,3]{3,2,1,0}, u8[0]{0}) custom-call(f32[1,31,1,67496]{3,2,1,0}, f32[32,31,1,67496]{3,2,1,0}), window={size=1x67496 pad=0_0x1_1}, dim_labels=bf01_oi01->bf01, custom_call_target="__cudnn$convForward", backend_config={"operation_queue_id":"0","wait_on_operation_queues":[],"cudnn_conv_backend_config":{"activation_mode":"kNone","conv_result_scale":1,"side_input_scale":0,"leakyrelu_alpha":0},"force_earliest_schedule":false,"reification_cost":[]} is taking a while...
2025-10-09 22:09:11.341088: E external/local_xla/xla/service/slow_operation_alarm.cc:140] The operation took 1.935905943s
Trying algorithm eng28{k2=1,k3=0} for conv (f32[1,32,1,3]{3,2,1,0}, u8[0]{0}) custom-call(f32[1,31,1,67496]{3,2,1,0}, f32[32,31,1,67496]{3,2,1,0}), window={size=1x67496 pad=0_0x1_1}, dim_labels=bf01_oi01->bf01, custom_call_target="__cudnn$convForward", backend_config={"operation_queue_id":"0","wait_on_operation_queues":[],"cudnn_conv_backend_config":{"activation_mode":"kNone","conv_result_scale":1,"side_input_scale":0,"leakyrelu_alpha":0},"force_earliest_schedule":false,"reification_cost":[]} is taking a while...
Traceback (most recent call last):
  File "/home-mscluster/tmazarura/HonoursResearch/src/cnn.py", line 168, in <module>
    mse_test = mean_squared_error(X_test, reconstructed)
  File "/home-mscluster/tmazarura/miniconda3/lib/python3.13/site-packages/sklearn/utils/_param_validation.py", line 218, in wrapper
    return func(*args, **kwargs)
  File "/home-mscluster/tmazarura/miniconda3/lib/python3.13/site-packages/sklearn/metrics/_regression.py", line 284, in mean_absolute_error
    _check_reg_targets_with_floating_dtype(
    ~~~~~~~~~~~~~~~~~~~~~~~~~~~~~~~~~~~~~~^
        y_true, y_pred, sample_weight, multioutput, xp=xp
        ^^^^^^^^^^^^^^^^^^^^^^^^^^^^^^^^^^^^^^^^^^^^^^^^^
    )
    ^
  File "/home-mscluster/tmazarura/miniconda3/lib/python3.13/site-packages/sklearn/metrics/_regression.py", line 209, in _check_reg_targets_with_floating_dtype
    y_type, y_true, y_pred, sample_weight, multioutput = _check_reg_targets(
                                                         ~~~~~~~~~~~~~~~~~~^
        y_true, y_pred, sample_weight, multioutput, dtype=dtype_name, xp=xp
        ^^^^^^^^^^^^^^^^^^^^^^^^^^^^^^^^^^^^^^^^^^^^^^^^^^^^^^^^^^^^^^^^^^^
    )
    ^
  File "/home-mscluster/tmazarura/miniconda3/lib/python3.13/site-packages/sklearn/metrics/_regression.py", line 115, in _check_reg_targets
    y_true = check_array(y_true, ensure_2d=False, dtype=dtype)
  File "/home-mscluster/tmazarura/miniconda3/lib/python3.13/site-packages/sklearn/utils/validation.py", line 1099, in check_array
    raise ValueError(
    ...<2 lines>...
    )
ValueError: Found array with dim 3, while dim <= 2 is required.
