Autoencoder training started at: Mon Nov  3 11:11:42 PM SAST 2025
Starting partition 1 of 8 at Mon Nov  3 11:11:42 PM SAST 2025
Start to end indices: (0,27085)
Creating a new SpectrumCNNAutoencoder.
Latent dimension: 200
Input dimension: 67499
Training set shape: (18959, 67499, 1)
Validation set shape: (2709, 67499, 1)
Test set shape: (5417, 67499, 1)
Starting training...
Epoch 1/30
[1;34mwandb[0m: 
[1;34mwandb[0m: 🚀 View run [33mpeachy-microwave-1[0m at: [34m[0m
[1;34mwandb[0m: Find logs at: [1;35mwandb/run-20251103_231206-y27w2koq/logs[0m
Partition 1 completed at Mon Nov  3 11:12:41 PM SAST 2025
============================================================================
Starting partition 2 of 8 at Mon Nov  3 11:12:41 PM SAST 2025
Start to end indices: (27084,54170)
Creating a new SpectrumCNNAutoencoder.
Latent dimension: 200
Input dimension: 67499
Training set shape: (18959, 67499, 1)
Validation set shape: (2709, 67499, 1)
Test set shape: (5418, 67499, 1)
Starting training...
Epoch 1/30
[1;34mwandb[0m: 
[1;34mwandb[0m: 🚀 View run [33msweet-aardvark-2[0m at: [34m[0m
[1;34mwandb[0m: Find logs at: [1;35mwandb/run-20251103_231246-xkaf0r06/logs[0m
Partition 2 completed at Mon Nov  3 11:13:19 PM SAST 2025
============================================================================
Starting partition 3 of 8 at Mon Nov  3 11:13:19 PM SAST 2025
Start to end indices: (54169,81255)
Creating a new SpectrumCNNAutoencoder.
Latent dimension: 200
Input dimension: 67499
Training set shape: (18959, 67499, 1)
Validation set shape: (2709, 67499, 1)
Test set shape: (5418, 67499, 1)
Starting training...
Epoch 1/30
[1;34mwandb[0m: 
[1;34mwandb[0m: 🚀 View run [33mfloral-monkey-3[0m at: [34m[0m
[1;34mwandb[0m: Find logs at: [1;35mwandb/run-20251103_231325-up3m5p8t/logs[0m
Partition 3 completed at Mon Nov  3 11:13:58 PM SAST 2025
============================================================================
Starting partition 4 of 8 at Mon Nov  3 11:13:58 PM SAST 2025
Start to end indices: (81254,108340)
Creating a new SpectrumCNNAutoencoder.
Latent dimension: 200
Input dimension: 67499
Training set shape: (18959, 67499, 1)
Validation set shape: (2709, 67499, 1)
Test set shape: (5418, 67499, 1)
Starting training...
Epoch 1/30
[1;34mwandb[0m: 
[1;34mwandb[0m: 🚀 View run [33mnoble-silence-4[0m at: [34m[0m
[1;34mwandb[0m: Find logs at: [1;35mwandb/run-20251103_231403-4qqlbno2/logs[0m
Partition 4 completed at Mon Nov  3 11:14:37 PM SAST 2025
============================================================================
Starting partition 5 of 8 at Mon Nov  3 11:14:37 PM SAST 2025
Start to end indices: (108339,135425)
Creating a new SpectrumCNNAutoencoder.
Latent dimension: 200
Input dimension: 67499
Training set shape: (18959, 67499, 1)
Validation set shape: (2709, 67499, 1)
Test set shape: (5418, 67499, 1)
Starting training...
Epoch 1/30
[1;34mwandb[0m: 
[1;34mwandb[0m: 🚀 View run [33munique-sun-5[0m at: [34m[0m
[1;34mwandb[0m: Find logs at: [1;35mwandb/run-20251103_231442-n5p63697/logs[0m
Partition 5 completed at Mon Nov  3 11:15:16 PM SAST 2025
============================================================================
Starting partition 6 of 8 at Mon Nov  3 11:15:16 PM SAST 2025
Start to end indices: (135424,162510)
Creating a new SpectrumCNNAutoencoder.
Latent dimension: 200
Input dimension: 67499
Training set shape: (18959, 67499, 1)
Validation set shape: (2709, 67499, 1)
Test set shape: (5418, 67499, 1)
Starting training...
Epoch 1/30
[1;34mwandb[0m: 
[1;34mwandb[0m: 🚀 View run [33mgolden-firefly-6[0m at: [34m[0m
[1;34mwandb[0m: Find logs at: [1;35mwandb/run-20251103_231521-euf70cyk/logs[0m
Partition 6 completed at Mon Nov  3 11:15:54 PM SAST 2025
============================================================================
Starting partition 7 of 8 at Mon Nov  3 11:15:54 PM SAST 2025
Start to end indices: (162509,189595)
Creating a new SpectrumCNNAutoencoder.
Latent dimension: 200
Input dimension: 67499
Training set shape: (18959, 67499, 1)
Validation set shape: (2709, 67499, 1)
Test set shape: (5418, 67499, 1)
Starting training...
Epoch 1/30
[1;34mwandb[0m: 
[1;34mwandb[0m: 🚀 View run [33mrural-wave-7[0m at: [34m[0m
[1;34mwandb[0m: Find logs at: [1;35mwandb/run-20251103_231600-yt7engmi/logs[0m
Partition 7 completed at Mon Nov  3 11:16:33 PM SAST 2025
============================================================================
Starting partition 8 of 8 at Mon Nov  3 11:16:33 PM SAST 2025
Start to end indices: (189594,216679)
Creating a new SpectrumCNNAutoencoder.
Latent dimension: 200
Input dimension: 67499
Training set shape: (18959, 67499, 1)
Validation set shape: (2709, 67499, 1)
Test set shape: (5417, 67499, 1)
Starting training...
Epoch 1/30
[1;34mwandb[0m: 
[1;34mwandb[0m: 🚀 View run [33mfeasible-waterfall-8[0m at: [34m[0m
[1;34mwandb[0m: Find logs at: [1;35mwandb/run-20251103_231637-nxwfew3n/logs[0m
Partition 8 completed at Mon Nov  3 11:17:10 PM SAST 2025
============================================================================
Autoencoder training finished at: Mon Nov  3 11:17:10 PM SAST 2025
Tapedza!!! Mwari Ngaakudzwe!
