2025-09-26 11:32:14.398691: I tensorflow/core/util/port.cc:153] oneDNN custom operations are on. You may see slightly different numerical results due to floating-point round-off errors from different computation orders. To turn them off, set the environment variable `TF_ENABLE_ONEDNN_OPTS=0`.
2025-09-26 11:32:19.195807: I tensorflow/core/platform/cpu_feature_guard.cc:210] This TensorFlow binary is optimized to use available CPU instructions in performance-critical operations.
To enable the following instructions: AVX2 AVX512F AVX512_VNNI FMA, in other operations, rebuild TensorFlow with the appropriate compiler flags.
/home-mscluster/tmazarura/miniconda3/lib/python3.13/site-packages/google/protobuf/runtime_version.py:98: UserWarning: Protobuf gencode version 5.28.3 is exactly one major version older than the runtime version 6.31.1 at tensorflow/core/framework/attr_value.proto. Please update the gencode to avoid compatibility violations in the next runtime release.
  warnings.warn(
/home-mscluster/tmazarura/miniconda3/lib/python3.13/site-packages/google/protobuf/runtime_version.py:98: UserWarning: Protobuf gencode version 5.28.3 is exactly one major version older than the runtime version 6.31.1 at tensorflow/core/framework/tensor.proto. Please update the gencode to avoid compatibility violations in the next runtime release.
  warnings.warn(
/home-mscluster/tmazarura/miniconda3/lib/python3.13/site-packages/google/protobuf/runtime_version.py:98: UserWarning: Protobuf gencode version 5.28.3 is exactly one major version older than the runtime version 6.31.1 at tensorflow/core/framework/resource_handle.proto. Please update the gencode to avoid compatibility violations in the next runtime release.
  warnings.warn(
/home-mscluster/tmazarura/miniconda3/lib/python3.13/site-packages/google/protobuf/runtime_version.py:98: UserWarning: Protobuf gencode version 5.28.3 is exactly one major version older than the runtime version 6.31.1 at tensorflow/core/framework/tensor_shape.proto. Please update the gencode to avoid compatibility violations in the next runtime release.
  warnings.warn(
/home-mscluster/tmazarura/miniconda3/lib/python3.13/site-packages/google/protobuf/runtime_version.py:98: UserWarning: Protobuf gencode version 5.28.3 is exactly one major version older than the runtime version 6.31.1 at tensorflow/core/framework/types.proto. Please update the gencode to avoid compatibility violations in the next runtime release.
  warnings.warn(
/home-mscluster/tmazarura/miniconda3/lib/python3.13/site-packages/google/protobuf/runtime_version.py:98: UserWarning: Protobuf gencode version 5.28.3 is exactly one major version older than the runtime version 6.31.1 at tensorflow/core/framework/full_type.proto. Please update the gencode to avoid compatibility violations in the next runtime release.
  warnings.warn(
/home-mscluster/tmazarura/miniconda3/lib/python3.13/site-packages/google/protobuf/runtime_version.py:98: UserWarning: Protobuf gencode version 5.28.3 is exactly one major version older than the runtime version 6.31.1 at tensorflow/core/framework/function.proto. Please update the gencode to avoid compatibility violations in the next runtime release.
  warnings.warn(
/home-mscluster/tmazarura/miniconda3/lib/python3.13/site-packages/google/protobuf/runtime_version.py:98: UserWarning: Protobuf gencode version 5.28.3 is exactly one major version older than the runtime version 6.31.1 at tensorflow/core/framework/node_def.proto. Please update the gencode to avoid compatibility violations in the next runtime release.
  warnings.warn(
/home-mscluster/tmazarura/miniconda3/lib/python3.13/site-packages/google/protobuf/runtime_version.py:98: UserWarning: Protobuf gencode version 5.28.3 is exactly one major version older than the runtime version 6.31.1 at tensorflow/core/framework/op_def.proto. Please update the gencode to avoid compatibility violations in the next runtime release.
  warnings.warn(
/home-mscluster/tmazarura/miniconda3/lib/python3.13/site-packages/google/protobuf/runtime_version.py:98: UserWarning: Protobuf gencode version 5.28.3 is exactly one major version older than the runtime version 6.31.1 at tensorflow/core/framework/graph.proto. Please update the gencode to avoid compatibility violations in the next runtime release.
  warnings.warn(
/home-mscluster/tmazarura/miniconda3/lib/python3.13/site-packages/google/protobuf/runtime_version.py:98: UserWarning: Protobuf gencode version 5.28.3 is exactly one major version older than the runtime version 6.31.1 at tensorflow/core/framework/graph_debug_info.proto. Please update the gencode to avoid compatibility violations in the next runtime release.
  warnings.warn(
/home-mscluster/tmazarura/miniconda3/lib/python3.13/site-packages/google/protobuf/runtime_version.py:98: UserWarning: Protobuf gencode version 5.28.3 is exactly one major version older than the runtime version 6.31.1 at tensorflow/core/framework/versions.proto. Please update the gencode to avoid compatibility violations in the next runtime release.
  warnings.warn(
/home-mscluster/tmazarura/miniconda3/lib/python3.13/site-packages/google/protobuf/runtime_version.py:98: UserWarning: Protobuf gencode version 5.28.3 is exactly one major version older than the runtime version 6.31.1 at tensorflow/core/protobuf/config.proto. Please update the gencode to avoid compatibility violations in the next runtime release.
  warnings.warn(
/home-mscluster/tmazarura/miniconda3/lib/python3.13/site-packages/google/protobuf/runtime_version.py:98: UserWarning: Protobuf gencode version 5.28.3 is exactly one major version older than the runtime version 6.31.1 at xla/tsl/protobuf/coordination_config.proto. Please update the gencode to avoid compatibility violations in the next runtime release.
  warnings.warn(
/home-mscluster/tmazarura/miniconda3/lib/python3.13/site-packages/google/protobuf/runtime_version.py:98: UserWarning: Protobuf gencode version 5.28.3 is exactly one major version older than the runtime version 6.31.1 at tensorflow/core/framework/cost_graph.proto. Please update the gencode to avoid compatibility violations in the next runtime release.
  warnings.warn(
/home-mscluster/tmazarura/miniconda3/lib/python3.13/site-packages/google/protobuf/runtime_version.py:98: UserWarning: Protobuf gencode version 5.28.3 is exactly one major version older than the runtime version 6.31.1 at tensorflow/core/framework/step_stats.proto. Please update the gencode to avoid compatibility violations in the next runtime release.
  warnings.warn(
/home-mscluster/tmazarura/miniconda3/lib/python3.13/site-packages/google/protobuf/runtime_version.py:98: UserWarning: Protobuf gencode version 5.28.3 is exactly one major version older than the runtime version 6.31.1 at tensorflow/core/framework/allocation_description.proto. Please update the gencode to avoid compatibility violations in the next runtime release.
  warnings.warn(
/home-mscluster/tmazarura/miniconda3/lib/python3.13/site-packages/google/protobuf/runtime_version.py:98: UserWarning: Protobuf gencode version 5.28.3 is exactly one major version older than the runtime version 6.31.1 at tensorflow/core/framework/tensor_description.proto. Please update the gencode to avoid compatibility violations in the next runtime release.
  warnings.warn(
/home-mscluster/tmazarura/miniconda3/lib/python3.13/site-packages/google/protobuf/runtime_version.py:98: UserWarning: Protobuf gencode version 5.28.3 is exactly one major version older than the runtime version 6.31.1 at tensorflow/core/protobuf/cluster.proto. Please update the gencode to avoid compatibility violations in the next runtime release.
  warnings.warn(
/home-mscluster/tmazarura/miniconda3/lib/python3.13/site-packages/google/protobuf/runtime_version.py:98: UserWarning: Protobuf gencode version 5.28.3 is exactly one major version older than the runtime version 6.31.1 at tensorflow/core/protobuf/debug.proto. Please update the gencode to avoid compatibility violations in the next runtime release.
  warnings.warn(
2025-09-26 11:32:46.150629: I tensorflow/core/util/port.cc:153] oneDNN custom operations are on. You may see slightly different numerical results due to floating-point round-off errors from different computation orders. To turn them off, set the environment variable `TF_ENABLE_ONEDNN_OPTS=0`.
WARNING: All log messages before absl::InitializeLog() is called are written to STDERR
I0000 00:00:1758879197.971666  167472 gpu_device.cc:2020] Created device /job:localhost/replica:0/task:0/device:GPU:0 with 22349 MB memory:  -> device: 0, name: NVIDIA GeForce RTX 3090, pci bus id: 0000:17:00.0, compute capability: 8.6
2025-09-26 11:44:45.973161: W external/local_xla/xla/tsl/framework/bfc_allocator.cc:501] Allocator (GPU_0_bfc) ran out of memory trying to allocate 40.23GiB (rounded to 43199360000)requested by op _EagerConst
If the cause is memory fragmentation maybe the environment variable 'TF_GPU_ALLOCATOR=cuda_malloc_async' will improve the situation. 
Current allocation summary follows.
Current allocation summary follows.
2025-09-26 11:44:45.974399: I external/local_xla/xla/tsl/framework/bfc_allocator.cc:1049] BFCAllocator dump for GPU_0_bfc
2025-09-26 11:44:45.976856: I external/local_xla/xla/tsl/framework/bfc_allocator.cc:1056] Bin (256): 	Total Chunks: 12, Chunks in use: 12. 3.0KiB allocated for chunks. 3.0KiB in use in bin. 84B client-requested in use in bin.
2025-09-26 11:44:45.976883: I external/local_xla/xla/tsl/framework/bfc_allocator.cc:1056] Bin (512): 	Total Chunks: 1, Chunks in use: 0. 512B allocated for chunks. 0B in use in bin. 0B client-requested in use in bin.
2025-09-26 11:44:45.976888: I external/local_xla/xla/tsl/framework/bfc_allocator.cc:1056] Bin (1024): 	Total Chunks: 2, Chunks in use: 2. 2.2KiB allocated for chunks. 2.2KiB in use in bin. 2.0KiB client-requested in use in bin.
2025-09-26 11:44:45.976893: I external/local_xla/xla/tsl/framework/bfc_allocator.cc:1056] Bin (2048): 	Total Chunks: 1, Chunks in use: 0. 3.0KiB allocated for chunks. 0B in use in bin. 0B client-requested in use in bin.
2025-09-26 11:44:45.976896: I external/local_xla/xla/tsl/framework/bfc_allocator.cc:1056] Bin (4096): 	Total Chunks: 2, Chunks in use: 1. 8.0KiB allocated for chunks. 4.0KiB in use in bin. 3.9KiB client-requested in use in bin.
2025-09-26 11:44:45.976900: I external/local_xla/xla/tsl/framework/bfc_allocator.cc:1056] Bin (8192): 	Total Chunks: 1, Chunks in use: 1. 8.0KiB allocated for chunks. 8.0KiB in use in bin. 7.8KiB client-requested in use in bin.
2025-09-26 11:44:45.976902: I external/local_xla/xla/tsl/framework/bfc_allocator.cc:1056] Bin (16384): 	Total Chunks: 0, Chunks in use: 0. 0B allocated for chunks. 0B in use in bin. 0B client-requested in use in bin.
2025-09-26 11:44:45.976905: I external/local_xla/xla/tsl/framework/bfc_allocator.cc:1056] Bin (32768): 	Total Chunks: 0, Chunks in use: 0. 0B allocated for chunks. 0B in use in bin. 0B client-requested in use in bin.
2025-09-26 11:44:45.976907: I external/local_xla/xla/tsl/framework/bfc_allocator.cc:1056] Bin (65536): 	Total Chunks: 0, Chunks in use: 0. 0B allocated for chunks. 0B in use in bin. 0B client-requested in use in bin.
2025-09-26 11:44:45.976910: I external/local_xla/xla/tsl/framework/bfc_allocator.cc:1056] Bin (131072): 	Total Chunks: 0, Chunks in use: 0. 0B allocated for chunks. 0B in use in bin. 0B client-requested in use in bin.
2025-09-26 11:44:45.976912: I external/local_xla/xla/tsl/framework/bfc_allocator.cc:1056] Bin (262144): 	Total Chunks: 0, Chunks in use: 0. 0B allocated for chunks. 0B in use in bin. 0B client-requested in use in bin.
2025-09-26 11:44:45.976915: I external/local_xla/xla/tsl/framework/bfc_allocator.cc:1056] Bin (524288): 	Total Chunks: 1, Chunks in use: 0. 976.8KiB allocated for chunks. 0B in use in bin. 0B client-requested in use in bin.
2025-09-26 11:44:45.976919: I external/local_xla/xla/tsl/framework/bfc_allocator.cc:1056] Bin (1048576): 	Total Chunks: 1, Chunks in use: 1. 1.90MiB allocated for chunks. 1.90MiB in use in bin. 976.6KiB client-requested in use in bin.
2025-09-26 11:44:45.976921: I external/local_xla/xla/tsl/framework/bfc_allocator.cc:1056] Bin (2097152): 	Total Chunks: 0, Chunks in use: 0. 0B allocated for chunks. 0B in use in bin. 0B client-requested in use in bin.
2025-09-26 11:44:45.976923: I external/local_xla/xla/tsl/framework/bfc_allocator.cc:1056] Bin (4194304): 	Total Chunks: 1, Chunks in use: 0. 7.63MiB allocated for chunks. 0B in use in bin. 0B client-requested in use in bin.
2025-09-26 11:44:45.976930: I external/local_xla/xla/tsl/framework/bfc_allocator.cc:1056] Bin (8388608): 	Total Chunks: 1, Chunks in use: 1. 12.39MiB allocated for chunks. 12.39MiB in use in bin. 7.63MiB client-requested in use in bin.
2025-09-26 11:44:45.976933: I external/local_xla/xla/tsl/framework/bfc_allocator.cc:1056] Bin (16777216): 	Total Chunks: 0, Chunks in use: 0. 0B allocated for chunks. 0B in use in bin. 0B client-requested in use in bin.
2025-09-26 11:44:45.976935: I external/local_xla/xla/tsl/framework/bfc_allocator.cc:1056] Bin (33554432): 	Total Chunks: 0, Chunks in use: 0. 0B allocated for chunks. 0B in use in bin. 0B client-requested in use in bin.
2025-09-26 11:44:45.976937: I external/local_xla/xla/tsl/framework/bfc_allocator.cc:1056] Bin (67108864): 	Total Chunks: 0, Chunks in use: 0. 0B allocated for chunks. 0B in use in bin. 0B client-requested in use in bin.
2025-09-26 11:44:45.976940: I external/local_xla/xla/tsl/framework/bfc_allocator.cc:1056] Bin (134217728): 	Total Chunks: 0, Chunks in use: 0. 0B allocated for chunks. 0B in use in bin. 0B client-requested in use in bin.
2025-09-26 11:44:45.976943: I external/local_xla/xla/tsl/framework/bfc_allocator.cc:1056] Bin (268435456): 	Total Chunks: 2, Chunks in use: 1. 21.80GiB allocated for chunks. 514.98MiB in use in bin. 514.98MiB client-requested in use in bin.
2025-09-26 11:44:45.976948: I external/local_xla/xla/tsl/framework/bfc_allocator.cc:1072] Bin for 40.23GiB was 256.00MiB, Chunk State: 
2025-09-26 11:44:45.976956: I external/local_xla/xla/tsl/framework/bfc_allocator.cc:1078]   Size: 21.30GiB | Requested Size: 976.6KiB | in_use: 0 | bin_num: 20, prev:   Size: 514.98MiB | Requested Size: 514.98MiB | in_use: 1 | bin_num: -1
2025-09-26 11:44:45.976959: I external/local_xla/xla/tsl/framework/bfc_allocator.cc:1085] Next region of size 23434756096
2025-09-26 11:44:45.976966: I external/local_xla/xla/tsl/framework/bfc_allocator.cc:1105] InUse at 7f4416000000 of size 1280 next 1
2025-09-26 11:44:45.976970: I external/local_xla/xla/tsl/framework/bfc_allocator.cc:1105] InUse at 7f4416000500 of size 256 next 2
2025-09-26 11:44:45.976971: I external/local_xla/xla/tsl/framework/bfc_allocator.cc:1105] InUse at 7f4416000600 of size 256 next 3
2025-09-26 11:44:45.976973: I external/local_xla/xla/tsl/framework/bfc_allocator.cc:1105] InUse at 7f4416000700 of size 256 next 4
2025-09-26 11:44:45.976975: I external/local_xla/xla/tsl/framework/bfc_allocator.cc:1105] InUse at 7f4416000800 of size 256 next 5
2025-09-26 11:44:45.976976: I external/local_xla/xla/tsl/framework/bfc_allocator.cc:1105] InUse at 7f4416000900 of size 4096 next 11
2025-09-26 11:44:45.976978: I external/local_xla/xla/tsl/framework/bfc_allocator.cc:1105] InUse at 7f4416001900 of size 1024 next 21
2025-09-26 11:44:45.977622: I external/local_xla/xla/tsl/framework/bfc_allocator.cc:1105] Free  at 7f4416001d00 of size 3072 next 7
2025-09-26 11:44:45.977628: I external/local_xla/xla/tsl/framework/bfc_allocator.cc:1105] InUse at 7f4416002900 of size 256 next 8
2025-09-26 11:44:45.977630: I external/local_xla/xla/tsl/framework/bfc_allocator.cc:1105] InUse at 7f4416002a00 of size 256 next 6
2025-09-26 11:44:45.977632: I external/local_xla/xla/tsl/framework/bfc_allocator.cc:1105] InUse at 7f4416002b00 of size 256 next 9
2025-09-26 11:44:45.977633: I external/local_xla/xla/tsl/framework/bfc_allocator.cc:1105] Free  at 7f4416002c00 of size 4096 next 12
2025-09-26 11:44:45.977635: I external/local_xla/xla/tsl/framework/bfc_allocator.cc:1105] InUse at 7f4416003c00 of size 256 next 14
2025-09-26 11:44:45.977637: I external/local_xla/xla/tsl/framework/bfc_allocator.cc:1105] InUse at 7f4416003d00 of size 256 next 15
2025-09-26 11:44:45.977638: I external/local_xla/xla/tsl/framework/bfc_allocator.cc:1105] InUse at 7f4416003e00 of size 256 next 13
2025-09-26 11:44:45.977640: I external/local_xla/xla/tsl/framework/bfc_allocator.cc:1105] InUse at 7f4416003f00 of size 256 next 19
2025-09-26 11:44:45.977644: I external/local_xla/xla/tsl/framework/bfc_allocator.cc:1105] InUse at 7f4416004000 of size 256 next 22
2025-09-26 11:44:45.977646: I external/local_xla/xla/tsl/framework/bfc_allocator.cc:1105] Free  at 7f4416004100 of size 512 next 16
2025-09-26 11:44:45.977648: I external/local_xla/xla/tsl/framework/bfc_allocator.cc:1105] InUse at 7f4416004300 of size 8192 next 10
2025-09-26 11:44:45.977651: I external/local_xla/xla/tsl/framework/bfc_allocator.cc:1105] InUse at 7f4416006300 of size 1992192 next 23
2025-09-26 11:44:45.977653: I external/local_xla/xla/tsl/framework/bfc_allocator.cc:1105] Free  at 7f44161ec900 of size 1000192 next 24
2025-09-26 11:44:45.977655: I external/local_xla/xla/tsl/framework/bfc_allocator.cc:1105] InUse at 7f44162e0c00 of size 12994560 next 17
2025-09-26 11:44:45.977658: I external/local_xla/xla/tsl/framework/bfc_allocator.cc:1105] Free  at 7f4416f45400 of size 8000000 next 18
2025-09-26 11:44:45.977661: I external/local_xla/xla/tsl/framework/bfc_allocator.cc:1105] InUse at 7f44176e6600 of size 539992064 next 20
2025-09-26 11:44:45.977663: I external/local_xla/xla/tsl/framework/bfc_allocator.cc:1105] Free  at 7f44379e0600 of size 22870751744 next 18446744073709551615
2025-09-26 11:44:45.977665: I external/local_xla/xla/tsl/framework/bfc_allocator.cc:1110]      Summary of in-use Chunks by size: 
2025-09-26 11:44:45.977671: I external/local_xla/xla/tsl/framework/bfc_allocator.cc:1113] 12 Chunks of size 256 totalling 3.0KiB
2025-09-26 11:44:45.977674: I external/local_xla/xla/tsl/framework/bfc_allocator.cc:1113] 1 Chunks of size 1024 totalling 1.0KiB
2025-09-26 11:44:45.977676: I external/local_xla/xla/tsl/framework/bfc_allocator.cc:1113] 1 Chunks of size 1280 totalling 1.2KiB
2025-09-26 11:44:45.977678: I external/local_xla/xla/tsl/framework/bfc_allocator.cc:1113] 1 Chunks of size 4096 totalling 4.0KiB
2025-09-26 11:44:45.977680: I external/local_xla/xla/tsl/framework/bfc_allocator.cc:1113] 1 Chunks of size 8192 totalling 8.0KiB
2025-09-26 11:44:45.977682: I external/local_xla/xla/tsl/framework/bfc_allocator.cc:1113] 1 Chunks of size 1992192 totalling 1.90MiB
2025-09-26 11:44:45.977685: I external/local_xla/xla/tsl/framework/bfc_allocator.cc:1113] 1 Chunks of size 12994560 totalling 12.39MiB
2025-09-26 11:44:45.977687: I external/local_xla/xla/tsl/framework/bfc_allocator.cc:1113] 1 Chunks of size 539992064 totalling 514.98MiB
2025-09-26 11:44:45.977690: I external/local_xla/xla/tsl/framework/bfc_allocator.cc:1117] Sum Total of in-use chunks: 529.29MiB
2025-09-26 11:44:45.977694: I external/local_xla/xla/tsl/framework/bfc_allocator.cc:1119] Total bytes in pool: 23434756096 memory_limit_: 23434756096 available bytes: 0 curr_region_allocation_bytes_: 46869512192
2025-09-26 11:44:45.977701: I external/local_xla/xla/tsl/framework/bfc_allocator.cc:1124] Stats: 
Limit:                     23434756096
InUse:                       554996480
MaxInUse:                   1619979008
NumAllocs:                          54
MaxAllocSize:                539992064
Reserved:                            0
PeakReserved:                        0
LargestFreeBlock:                    0

2025-09-26 11:44:45.977705: W external/local_xla/xla/tsl/framework/bfc_allocator.cc:512] ***_________________________________________________________________________________________________
Traceback (most recent call last):
  File "/home-mscluster/tmazarura/HonoursResearch/src/Kmeans.py", line 81, in <module>
    latent_vectors = encoder.predict(X,verbose=0)
  File "/home-mscluster/tmazarura/miniconda3/lib/python3.13/site-packages/keras/src/utils/traceback_utils.py", line 122, in error_handler
    raise e.with_traceback(filtered_tb) from None
  File "/home-mscluster/tmazarura/miniconda3/lib/python3.13/site-packages/tensorflow/python/framework/constant_op.py", line 108, in convert_to_eager_tensor
    return ops.EagerTensor(value, ctx.device_name, dtype)
           ~~~~~~~~~~~~~~~^^^^^^^^^^^^^^^^^^^^^^^^^^^^^^^
tensorflow.python.framework.errors_impl.InternalError: Failed copying input tensor from /job:localhost/replica:0/task:0/device:CPU:0 to /job:localhost/replica:0/task:0/device:GPU:0 in order to run _EagerConst: Dst tensor is not initialized.
