K-Means clustering started at: Fri Sep 19 04:47:40 PM SAST 2025
Loaded encoder
Loaded data
Shape: (160000, 250)
Coordinates shape: (160000, 3)
First few coordinates: [[0 1 1]
 [1 1 1]
 [2 1 1]
 [3 1 1]
 [4 1 1]]
Image dimensions: 400 x 401

Cluster Statistics:
Total number of pixels: 160000
Cluster 0: 123930 pixels (77.46%)
Cluster 1: 14769 pixels (9.23%)
Cluster 2: 21301 pixels (13.31%)
Saved joint plot to: ../Results/kmeans/cancer_kmeans_baseline_kmeans_k3_joint.png
Saved individual clusters subplot to: ../Results/kmeans/cancer_kmeans_baseline_kmeans_k3_individual_clusters.png

All plots saved to: ../Results/kmeans
Job 'cancer_kmeans_baseline' completed successfully!
K-Means clustering finished at: Fri Sep 19 04:53:24 PM SAST 2025
Tapedza!!! Mwari Ngaakudzwe!
