2025-09-26 21:19:46.620775: I tensorflow/core/util/port.cc:153] oneDNN custom operations are on. You may see slightly different numerical results due to floating-point round-off errors from different computation orders. To turn them off, set the environment variable `TF_ENABLE_ONEDNN_OPTS=0`.
2025-09-26 21:19:46.669338: I tensorflow/core/platform/cpu_feature_guard.cc:210] This TensorFlow binary is optimized to use available CPU instructions in performance-critical operations.
To enable the following instructions: AVX2 AVX512F AVX512_VNNI FMA, in other operations, rebuild TensorFlow with the appropriate compiler flags.
/home-mscluster/tmazarura/miniconda3/lib/python3.13/site-packages/google/protobuf/runtime_version.py:98: UserWarning: Protobuf gencode version 5.28.3 is exactly one major version older than the runtime version 6.31.1 at tensorflow/core/framework/attr_value.proto. Please update the gencode to avoid compatibility violations in the next runtime release.
  warnings.warn(
/home-mscluster/tmazarura/miniconda3/lib/python3.13/site-packages/google/protobuf/runtime_version.py:98: UserWarning: Protobuf gencode version 5.28.3 is exactly one major version older than the runtime version 6.31.1 at tensorflow/core/framework/tensor.proto. Please update the gencode to avoid compatibility violations in the next runtime release.
  warnings.warn(
/home-mscluster/tmazarura/miniconda3/lib/python3.13/site-packages/google/protobuf/runtime_version.py:98: UserWarning: Protobuf gencode version 5.28.3 is exactly one major version older than the runtime version 6.31.1 at tensorflow/core/framework/resource_handle.proto. Please update the gencode to avoid compatibility violations in the next runtime release.
  warnings.warn(
/home-mscluster/tmazarura/miniconda3/lib/python3.13/site-packages/google/protobuf/runtime_version.py:98: UserWarning: Protobuf gencode version 5.28.3 is exactly one major version older than the runtime version 6.31.1 at tensorflow/core/framework/tensor_shape.proto. Please update the gencode to avoid compatibility violations in the next runtime release.
  warnings.warn(
/home-mscluster/tmazarura/miniconda3/lib/python3.13/site-packages/google/protobuf/runtime_version.py:98: UserWarning: Protobuf gencode version 5.28.3 is exactly one major version older than the runtime version 6.31.1 at tensorflow/core/framework/types.proto. Please update the gencode to avoid compatibility violations in the next runtime release.
  warnings.warn(
/home-mscluster/tmazarura/miniconda3/lib/python3.13/site-packages/google/protobuf/runtime_version.py:98: UserWarning: Protobuf gencode version 5.28.3 is exactly one major version older than the runtime version 6.31.1 at tensorflow/core/framework/full_type.proto. Please update the gencode to avoid compatibility violations in the next runtime release.
  warnings.warn(
/home-mscluster/tmazarura/miniconda3/lib/python3.13/site-packages/google/protobuf/runtime_version.py:98: UserWarning: Protobuf gencode version 5.28.3 is exactly one major version older than the runtime version 6.31.1 at tensorflow/core/framework/function.proto. Please update the gencode to avoid compatibility violations in the next runtime release.
  warnings.warn(
/home-mscluster/tmazarura/miniconda3/lib/python3.13/site-packages/google/protobuf/runtime_version.py:98: UserWarning: Protobuf gencode version 5.28.3 is exactly one major version older than the runtime version 6.31.1 at tensorflow/core/framework/node_def.proto. Please update the gencode to avoid compatibility violations in the next runtime release.
  warnings.warn(
/home-mscluster/tmazarura/miniconda3/lib/python3.13/site-packages/google/protobuf/runtime_version.py:98: UserWarning: Protobuf gencode version 5.28.3 is exactly one major version older than the runtime version 6.31.1 at tensorflow/core/framework/op_def.proto. Please update the gencode to avoid compatibility violations in the next runtime release.
  warnings.warn(
/home-mscluster/tmazarura/miniconda3/lib/python3.13/site-packages/google/protobuf/runtime_version.py:98: UserWarning: Protobuf gencode version 5.28.3 is exactly one major version older than the runtime version 6.31.1 at tensorflow/core/framework/graph.proto. Please update the gencode to avoid compatibility violations in the next runtime release.
  warnings.warn(
/home-mscluster/tmazarura/miniconda3/lib/python3.13/site-packages/google/protobuf/runtime_version.py:98: UserWarning: Protobuf gencode version 5.28.3 is exactly one major version older than the runtime version 6.31.1 at tensorflow/core/framework/graph_debug_info.proto. Please update the gencode to avoid compatibility violations in the next runtime release.
  warnings.warn(
/home-mscluster/tmazarura/miniconda3/lib/python3.13/site-packages/google/protobuf/runtime_version.py:98: UserWarning: Protobuf gencode version 5.28.3 is exactly one major version older than the runtime version 6.31.1 at tensorflow/core/framework/versions.proto. Please update the gencode to avoid compatibility violations in the next runtime release.
  warnings.warn(
/home-mscluster/tmazarura/miniconda3/lib/python3.13/site-packages/google/protobuf/runtime_version.py:98: UserWarning: Protobuf gencode version 5.28.3 is exactly one major version older than the runtime version 6.31.1 at tensorflow/core/protobuf/config.proto. Please update the gencode to avoid compatibility violations in the next runtime release.
  warnings.warn(
/home-mscluster/tmazarura/miniconda3/lib/python3.13/site-packages/google/protobuf/runtime_version.py:98: UserWarning: Protobuf gencode version 5.28.3 is exactly one major version older than the runtime version 6.31.1 at xla/tsl/protobuf/coordination_config.proto. Please update the gencode to avoid compatibility violations in the next runtime release.
  warnings.warn(
/home-mscluster/tmazarura/miniconda3/lib/python3.13/site-packages/google/protobuf/runtime_version.py:98: UserWarning: Protobuf gencode version 5.28.3 is exactly one major version older than the runtime version 6.31.1 at tensorflow/core/framework/cost_graph.proto. Please update the gencode to avoid compatibility violations in the next runtime release.
  warnings.warn(
/home-mscluster/tmazarura/miniconda3/lib/python3.13/site-packages/google/protobuf/runtime_version.py:98: UserWarning: Protobuf gencode version 5.28.3 is exactly one major version older than the runtime version 6.31.1 at tensorflow/core/framework/step_stats.proto. Please update the gencode to avoid compatibility violations in the next runtime release.
  warnings.warn(
/home-mscluster/tmazarura/miniconda3/lib/python3.13/site-packages/google/protobuf/runtime_version.py:98: UserWarning: Protobuf gencode version 5.28.3 is exactly one major version older than the runtime version 6.31.1 at tensorflow/core/framework/allocation_description.proto. Please update the gencode to avoid compatibility violations in the next runtime release.
  warnings.warn(
/home-mscluster/tmazarura/miniconda3/lib/python3.13/site-packages/google/protobuf/runtime_version.py:98: UserWarning: Protobuf gencode version 5.28.3 is exactly one major version older than the runtime version 6.31.1 at tensorflow/core/framework/tensor_description.proto. Please update the gencode to avoid compatibility violations in the next runtime release.
  warnings.warn(
/home-mscluster/tmazarura/miniconda3/lib/python3.13/site-packages/google/protobuf/runtime_version.py:98: UserWarning: Protobuf gencode version 5.28.3 is exactly one major version older than the runtime version 6.31.1 at tensorflow/core/protobuf/cluster.proto. Please update the gencode to avoid compatibility violations in the next runtime release.
  warnings.warn(
/home-mscluster/tmazarura/miniconda3/lib/python3.13/site-packages/google/protobuf/runtime_version.py:98: UserWarning: Protobuf gencode version 5.28.3 is exactly one major version older than the runtime version 6.31.1 at tensorflow/core/protobuf/debug.proto. Please update the gencode to avoid compatibility violations in the next runtime release.
  warnings.warn(
2025-09-26 21:19:53.260183: I tensorflow/core/util/port.cc:153] oneDNN custom operations are on. You may see slightly different numerical results due to floating-point round-off errors from different computation orders. To turn them off, set the environment variable `TF_ENABLE_ONEDNN_OPTS=0`.
WARNING: All log messages before absl::InitializeLog() is called are written to STDERR
I0000 00:00:1758914401.268059  233771 gpu_device.cc:2020] Created device /job:localhost/replica:0/task:0/device:GPU:0 with 38005 MB memory:  -> device: 0, name: Quadro RTX 8000, pci bus id: 0000:17:00.0, compute capability: 7.5
I0000 00:00:1758914401.269491  233771 gpu_device.cc:2020] Created device /job:localhost/replica:0/task:0/device:GPU:1 with 47180 MB memory:  -> device: 1, name: Quadro RTX 8000, pci bus id: 0000:73:00.0, compute capability: 7.5
2025-09-26 21:31:51.429921: W external/local_xla/xla/tsl/framework/bfc_allocator.cc:501] Allocator (GPU_0_bfc) ran out of memory trying to allocate 40.23GiB (rounded to 43199360000)requested by op _EagerConst
If the cause is memory fragmentation maybe the environment variable 'TF_GPU_ALLOCATOR=cuda_malloc_async' will improve the situation. 
Current allocation summary follows.
Current allocation summary follows.
2025-09-26 21:31:51.430539: I external/local_xla/xla/tsl/framework/bfc_allocator.cc:1049] BFCAllocator dump for GPU_0_bfc
2025-09-26 21:31:51.430578: I external/local_xla/xla/tsl/framework/bfc_allocator.cc:1056] Bin (256): 	Total Chunks: 12, Chunks in use: 12. 3.0KiB allocated for chunks. 3.0KiB in use in bin. 84B client-requested in use in bin.
2025-09-26 21:31:51.430593: I external/local_xla/xla/tsl/framework/bfc_allocator.cc:1056] Bin (512): 	Total Chunks: 1, Chunks in use: 0. 512B allocated for chunks. 0B in use in bin. 0B client-requested in use in bin.
2025-09-26 21:31:51.430613: I external/local_xla/xla/tsl/framework/bfc_allocator.cc:1056] Bin (1024): 	Total Chunks: 2, Chunks in use: 2. 2.2KiB allocated for chunks. 2.2KiB in use in bin. 2.0KiB client-requested in use in bin.
2025-09-26 21:31:51.430629: I external/local_xla/xla/tsl/framework/bfc_allocator.cc:1056] Bin (2048): 	Total Chunks: 1, Chunks in use: 0. 3.0KiB allocated for chunks. 0B in use in bin. 0B client-requested in use in bin.
2025-09-26 21:31:51.430643: I external/local_xla/xla/tsl/framework/bfc_allocator.cc:1056] Bin (4096): 	Total Chunks: 2, Chunks in use: 1. 8.0KiB allocated for chunks. 4.0KiB in use in bin. 3.9KiB client-requested in use in bin.
2025-09-26 21:31:51.430657: I external/local_xla/xla/tsl/framework/bfc_allocator.cc:1056] Bin (8192): 	Total Chunks: 1, Chunks in use: 1. 8.0KiB allocated for chunks. 8.0KiB in use in bin. 7.8KiB client-requested in use in bin.
2025-09-26 21:31:51.430670: I external/local_xla/xla/tsl/framework/bfc_allocator.cc:1056] Bin (16384): 	Total Chunks: 0, Chunks in use: 0. 0B allocated for chunks. 0B in use in bin. 0B client-requested in use in bin.
2025-09-26 21:31:51.430682: I external/local_xla/xla/tsl/framework/bfc_allocator.cc:1056] Bin (32768): 	Total Chunks: 0, Chunks in use: 0. 0B allocated for chunks. 0B in use in bin. 0B client-requested in use in bin.
2025-09-26 21:31:51.430693: I external/local_xla/xla/tsl/framework/bfc_allocator.cc:1056] Bin (65536): 	Total Chunks: 0, Chunks in use: 0. 0B allocated for chunks. 0B in use in bin. 0B client-requested in use in bin.
2025-09-26 21:31:51.430705: I external/local_xla/xla/tsl/framework/bfc_allocator.cc:1056] Bin (131072): 	Total Chunks: 0, Chunks in use: 0. 0B allocated for chunks. 0B in use in bin. 0B client-requested in use in bin.
2025-09-26 21:31:51.430717: I external/local_xla/xla/tsl/framework/bfc_allocator.cc:1056] Bin (262144): 	Total Chunks: 0, Chunks in use: 0. 0B allocated for chunks. 0B in use in bin. 0B client-requested in use in bin.
2025-09-26 21:31:51.430732: I external/local_xla/xla/tsl/framework/bfc_allocator.cc:1056] Bin (524288): 	Total Chunks: 1, Chunks in use: 0. 976.8KiB allocated for chunks. 0B in use in bin. 0B client-requested in use in bin.
2025-09-26 21:31:51.430747: I external/local_xla/xla/tsl/framework/bfc_allocator.cc:1056] Bin (1048576): 	Total Chunks: 1, Chunks in use: 1. 1.90MiB allocated for chunks. 1.90MiB in use in bin. 976.6KiB client-requested in use in bin.
2025-09-26 21:31:51.430759: I external/local_xla/xla/tsl/framework/bfc_allocator.cc:1056] Bin (2097152): 	Total Chunks: 0, Chunks in use: 0. 0B allocated for chunks. 0B in use in bin. 0B client-requested in use in bin.
2025-09-26 21:31:51.430785: I external/local_xla/xla/tsl/framework/bfc_allocator.cc:1056] Bin (4194304): 	Total Chunks: 1, Chunks in use: 0. 7.63MiB allocated for chunks. 0B in use in bin. 0B client-requested in use in bin.
2025-09-26 21:31:51.430801: I external/local_xla/xla/tsl/framework/bfc_allocator.cc:1056] Bin (8388608): 	Total Chunks: 1, Chunks in use: 1. 12.39MiB allocated for chunks. 12.39MiB in use in bin. 7.63MiB client-requested in use in bin.
2025-09-26 21:31:51.430813: I external/local_xla/xla/tsl/framework/bfc_allocator.cc:1056] Bin (16777216): 	Total Chunks: 0, Chunks in use: 0. 0B allocated for chunks. 0B in use in bin. 0B client-requested in use in bin.
2025-09-26 21:31:51.430825: I external/local_xla/xla/tsl/framework/bfc_allocator.cc:1056] Bin (33554432): 	Total Chunks: 0, Chunks in use: 0. 0B allocated for chunks. 0B in use in bin. 0B client-requested in use in bin.
2025-09-26 21:31:51.430837: I external/local_xla/xla/tsl/framework/bfc_allocator.cc:1056] Bin (67108864): 	Total Chunks: 0, Chunks in use: 0. 0B allocated for chunks. 0B in use in bin. 0B client-requested in use in bin.
2025-09-26 21:31:51.430849: I external/local_xla/xla/tsl/framework/bfc_allocator.cc:1056] Bin (134217728): 	Total Chunks: 0, Chunks in use: 0. 0B allocated for chunks. 0B in use in bin. 0B client-requested in use in bin.
2025-09-26 21:31:51.430865: I external/local_xla/xla/tsl/framework/bfc_allocator.cc:1056] Bin (268435456): 	Total Chunks: 2, Chunks in use: 1. 37.09GiB allocated for chunks. 514.98MiB in use in bin. 514.98MiB client-requested in use in bin.
2025-09-26 21:31:51.430882: I external/local_xla/xla/tsl/framework/bfc_allocator.cc:1072] Bin for 40.23GiB was 256.00MiB, Chunk State: 
2025-09-26 21:31:51.430912: I external/local_xla/xla/tsl/framework/bfc_allocator.cc:1078]   Size: 36.59GiB | Requested Size: 976.6KiB | in_use: 0 | bin_num: 20, prev:   Size: 514.98MiB | Requested Size: 514.98MiB | in_use: 1 | bin_num: -1
2025-09-26 21:31:51.430923: I external/local_xla/xla/tsl/framework/bfc_allocator.cc:1085] Next region of size 39851327488
2025-09-26 21:31:51.430936: I external/local_xla/xla/tsl/framework/bfc_allocator.cc:1105] InUse at 7f7af4000000 of size 1280 next 1
2025-09-26 21:31:51.430947: I external/local_xla/xla/tsl/framework/bfc_allocator.cc:1105] InUse at 7f7af4000500 of size 256 next 2
2025-09-26 21:31:51.430956: I external/local_xla/xla/tsl/framework/bfc_allocator.cc:1105] InUse at 7f7af4000600 of size 256 next 3
2025-09-26 21:31:51.430964: I external/local_xla/xla/tsl/framework/bfc_allocator.cc:1105] InUse at 7f7af4000700 of size 256 next 4
2025-09-26 21:31:51.430973: I external/local_xla/xla/tsl/framework/bfc_allocator.cc:1105] InUse at 7f7af4000800 of size 256 next 5
2025-09-26 21:31:51.430983: I external/local_xla/xla/tsl/framework/bfc_allocator.cc:1105] InUse at 7f7af4000900 of size 4096 next 11
2025-09-26 21:31:51.430992: I external/local_xla/xla/tsl/framework/bfc_allocator.cc:1105] InUse at 7f7af4001900 of size 1024 next 21
2025-09-26 21:31:51.431003: I external/local_xla/xla/tsl/framework/bfc_allocator.cc:1105] Free  at 7f7af4001d00 of size 3072 next 7
2025-09-26 21:31:51.431013: I external/local_xla/xla/tsl/framework/bfc_allocator.cc:1105] InUse at 7f7af4002900 of size 256 next 8
2025-09-26 21:31:51.431022: I external/local_xla/xla/tsl/framework/bfc_allocator.cc:1105] InUse at 7f7af4002a00 of size 256 next 6
2025-09-26 21:31:51.431031: I external/local_xla/xla/tsl/framework/bfc_allocator.cc:1105] InUse at 7f7af4002b00 of size 256 next 9
2025-09-26 21:31:51.431044: I external/local_xla/xla/tsl/framework/bfc_allocator.cc:1105] Free  at 7f7af4002c00 of size 4096 next 12
2025-09-26 21:31:51.431054: I external/local_xla/xla/tsl/framework/bfc_allocator.cc:1105] InUse at 7f7af4003c00 of size 256 next 14
2025-09-26 21:31:51.431066: I external/local_xla/xla/tsl/framework/bfc_allocator.cc:1105] InUse at 7f7af4003d00 of size 256 next 15
2025-09-26 21:31:51.431083: I external/local_xla/xla/tsl/framework/bfc_allocator.cc:1105] InUse at 7f7af4003e00 of size 256 next 13
2025-09-26 21:31:51.431096: I external/local_xla/xla/tsl/framework/bfc_allocator.cc:1105] InUse at 7f7af4003f00 of size 256 next 19
2025-09-26 21:31:51.431107: I external/local_xla/xla/tsl/framework/bfc_allocator.cc:1105] InUse at 7f7af4004000 of size 256 next 22
2025-09-26 21:31:51.431117: I external/local_xla/xla/tsl/framework/bfc_allocator.cc:1105] Free  at 7f7af4004100 of size 512 next 16
2025-09-26 21:31:51.431127: I external/local_xla/xla/tsl/framework/bfc_allocator.cc:1105] InUse at 7f7af4004300 of size 8192 next 10
2025-09-26 21:31:51.431137: I external/local_xla/xla/tsl/framework/bfc_allocator.cc:1105] InUse at 7f7af4006300 of size 1992192 next 23
2025-09-26 21:31:51.431152: I external/local_xla/xla/tsl/framework/bfc_allocator.cc:1105] Free  at 7f7af41ec900 of size 1000192 next 24
2025-09-26 21:31:51.431161: I external/local_xla/xla/tsl/framework/bfc_allocator.cc:1105] InUse at 7f7af42e0c00 of size 12994560 next 17
2025-09-26 21:31:51.431171: I external/local_xla/xla/tsl/framework/bfc_allocator.cc:1105] Free  at 7f7af4f45400 of size 8000000 next 18
2025-09-26 21:31:51.431180: I external/local_xla/xla/tsl/framework/bfc_allocator.cc:1105] InUse at 7f7af56e6600 of size 539992064 next 20
2025-09-26 21:31:51.431189: I external/local_xla/xla/tsl/framework/bfc_allocator.cc:1105] Free  at 7f7b159e0600 of size 39287323136 next 18446744073709551615
2025-09-26 21:31:51.431198: I external/local_xla/xla/tsl/framework/bfc_allocator.cc:1110]      Summary of in-use Chunks by size: 
2025-09-26 21:31:51.431212: I external/local_xla/xla/tsl/framework/bfc_allocator.cc:1113] 12 Chunks of size 256 totalling 3.0KiB
2025-09-26 21:31:51.431224: I external/local_xla/xla/tsl/framework/bfc_allocator.cc:1113] 1 Chunks of size 1024 totalling 1.0KiB
2025-09-26 21:31:51.431235: I external/local_xla/xla/tsl/framework/bfc_allocator.cc:1113] 1 Chunks of size 1280 totalling 1.2KiB
2025-09-26 21:31:51.431246: I external/local_xla/xla/tsl/framework/bfc_allocator.cc:1113] 1 Chunks of size 4096 totalling 4.0KiB
2025-09-26 21:31:51.431257: I external/local_xla/xla/tsl/framework/bfc_allocator.cc:1113] 1 Chunks of size 8192 totalling 8.0KiB
2025-09-26 21:31:51.431268: I external/local_xla/xla/tsl/framework/bfc_allocator.cc:1113] 1 Chunks of size 1992192 totalling 1.90MiB
2025-09-26 21:31:51.431280: I external/local_xla/xla/tsl/framework/bfc_allocator.cc:1113] 1 Chunks of size 12994560 totalling 12.39MiB
2025-09-26 21:31:51.431292: I external/local_xla/xla/tsl/framework/bfc_allocator.cc:1113] 1 Chunks of size 539992064 totalling 514.98MiB
2025-09-26 21:31:51.431304: I external/local_xla/xla/tsl/framework/bfc_allocator.cc:1117] Sum Total of in-use chunks: 529.29MiB
2025-09-26 21:31:51.431315: I external/local_xla/xla/tsl/framework/bfc_allocator.cc:1119] Total bytes in pool: 39851327488 memory_limit_: 39851327488 available bytes: 0 curr_region_allocation_bytes_: 79702654976
2025-09-26 21:31:51.431332: I external/local_xla/xla/tsl/framework/bfc_allocator.cc:1124] Stats: 
Limit:                     39851327488
InUse:                       554996480
MaxInUse:                   1619979008
NumAllocs:                          54
MaxAllocSize:                539992064
Reserved:                            0
PeakReserved:                        0
LargestFreeBlock:                    0

2025-09-26 21:31:51.431347: W external/local_xla/xla/tsl/framework/bfc_allocator.cc:512] **__________________________________________________________________________________________________
Traceback (most recent call last):
  File "/home-mscluster/tmazarura/HonoursResearch/src/Kmeans.py", line 81, in <module>
    latent_vectors = encoder.predict(X,verbose=0)
  File "/home-mscluster/tmazarura/miniconda3/lib/python3.13/site-packages/keras/src/utils/traceback_utils.py", line 122, in error_handler
    raise e.with_traceback(filtered_tb) from None
  File "/home-mscluster/tmazarura/miniconda3/lib/python3.13/site-packages/tensorflow/python/framework/constant_op.py", line 108, in convert_to_eager_tensor
    return ops.EagerTensor(value, ctx.device_name, dtype)
           ~~~~~~~~~~~~~~~^^^^^^^^^^^^^^^^^^^^^^^^^^^^^^^
tensorflow.python.framework.errors_impl.InternalError: Failed copying input tensor from /job:localhost/replica:0/task:0/device:CPU:0 to /job:localhost/replica:0/task:0/device:GPU:0 in order to run _EagerConst: Dst tensor is not initialized.
