K-Means clustering started at: Mon Nov  3 08:54:14 PM SAST 2025
Loaded data
Shape: (56679, 200)
Saved elbow analysis plot to: ../kmeans/nmf-hiv_silhouette.png
Inspect the elbow plot to determine the optimal k.
Inertias: [96.41722869873047, 88.01598358154297, 82.183349609375, 78.8838882446289]
Silhouette: [0.5370378494262695, 0.2864415645599365, 0.2901020646095276, 0.29091131687164307]
Coordinates shape: (56678, 3)
Image dimensions: 335 x 460

Cluster Statistics:
Total number of pixels: 56679
Cluster 0: 41807 pixels (73.76%)
Cluster 1: 4965 pixels (8.76%)
Cluster 2: 9907 pixels (17.48%)
Saved joint plot to: ../kmeans/nmf-hiv_kmeans_k3_joint.png
Saved individual clusters subplot to: ../kmeans/nmf-hiv_kmeans_k3_individual_clusters.png
Saved centroids to: ../kmeans/nmf-hiv_centroids_k3.npy
Centroids shape: (3, 200)

All plots saved to: ../kmeans
Job 'nmf-hiv' completed successfully!
K-Means clustering finished at: Mon Nov  3 08:56:46 PM SAST 2025
Tapedza!!! Mwari Ngaakudzwe!
