K-Means clustering started at: Tue Nov  4 09:30:00 PM SAST 2025
Loaded data
Shape: (160000, 200)
Saved elbow analysis plot to: ../kmeans/nmf-cancer_silhouette.png
Inspect the elbow plot to determine the optimal k.
Inertias: [405.9952392578125, 368.10955810546875, 352.94268798828125, 338.621337890625]
Silhouette: [0.4169936180114746, 0.17657722532749176, 0.17655742168426514, 0.17828764021396637]
Coordinates shape: (160000, 2)
Image dimensions: 400 x 400

Cluster Statistics:
Total number of pixels: 160000
Cluster 0: 29963 pixels (18.73%)
Cluster 1: 130037 pixels (81.27%)
Saved individual clusters subplot to: ../kmeans/nmf-cancer_kmeans_k2_individual_clusters.png
Saved centroids to: ../kmeans/nmf-cancer_centroids_k2.npy
Centroids shape: (2, 200)

All plots saved to: ../kmeans
Job 'nmf-cancer' completed successfully!
K-Means clustering finished at: Tue Nov  4 09:46:27 PM SAST 2025
Tapedza!!! Mwari Ngaakudzwe!
