K-Means clustering started at: Mon Nov  3 08:53:51 PM SAST 2025
Loaded data
Shape: (56679, 200)
Saved elbow analysis plot to: ../kmeans/pca-hiv_silhouette.png
Inspect the elbow plot to determine the optimal k.
Inertias: [458472672.0, 450793344.0, 445909888.0, 442395232.0]
Silhouette: [0.3518933653831482, 0.306966632604599, 0.3247775733470917, 0.2850629687309265]
Coordinates shape: (56678, 3)
Image dimensions: 335 x 460

Cluster Statistics:
Total number of pixels: 56679
Cluster 0: 9829 pixels (17.34%)
Cluster 1: 37387 pixels (65.96%)
Cluster 2: 9463 pixels (16.70%)
Saved joint plot to: ../kmeans/pca-hiv_kmeans_k3_joint.png
Saved individual clusters subplot to: ../kmeans/pca-hiv_kmeans_k3_individual_clusters.png
Saved centroids to: ../kmeans/pca-hiv_centroids_k3.npy
Centroids shape: (3, 200)

All plots saved to: ../kmeans
Job 'pca-hiv' completed successfully!
K-Means clustering finished at: Mon Nov  3 08:56:29 PM SAST 2025
Tapedza!!! Mwari Ngaakudzwe!
