K-Means clustering started at: Fri Sep 19 04:37:08 PM SAST 2025
Loaded encoder
Loaded data
Shape: (160000, 250)
Coordinates shape: (160000, 3)
First few coordinates: [[0 1 1]
 [1 1 1]
 [2 1 1]
 [3 1 1]
 [4 1 1]]
Image dimensions: 400 x 401

Cluster Statistics:
Total number of pixels: 160000
Cluster 0: 124925 pixels (78.08%)
Cluster 1: 35075 pixels (21.92%)
Saved joint plot to: ../Results/kmeans/cancer_kmeans_baseline_kmeans_k2_joint.png
Saved individual clusters subplot to: ../Results/kmeans/cancer_kmeans_baseline_kmeans_k2_individual_clusters.png

All plots saved to: ../Results/kmeans
Job 'cancer_kmeans_baseline' completed successfully!
K-Means clustering finished at: Fri Sep 19 04:42:56 PM SAST 2025
Tapedza!!! Mwari Ngaakudzwe!
