K-Means clustering started at: Wed Oct  8 10:18:15 PM SAST 2025
Loaded data
Shape: (56678, 200)
Saved elbow analysis plot to: ../kmeans/hiv-h5_elbow_silhouette_analysis.png
Inspect the elbow plot to determine the optimal k.
Coordinates shape: (56678, 3)
Image dimensions: 335 x 460

Cluster Statistics:
Total number of pixels: 56678
Cluster 0: 38128 pixels (67.27%)
Cluster 1: 4943 pixels (8.72%)
Cluster 2: 13607 pixels (24.01%)
Saved joint plot to: ../kmeans/hiv-h5_kmeans_k3_joint.png
Saved individual clusters subplot to: ../kmeans/hiv-h5_kmeans_k3_individual_clusters.png
Saved centroids to: ../kmeans/hiv-h5_centroids_k3.npy
Centroids shape: (3, 200)

All plots saved to: ../kmeans
Job 'hiv-h5' completed successfully!
K-Means clustering finished at: Wed Oct  8 10:24:45 PM SAST 2025
Tapedza!!! Mwari Ngaakudzwe!
