Starting NMF analysis at Tue Aug 26 04:04:28 PM SAST 2025
Using input file: ../Data/LPS/SAL_ST_1-1657_x.npy
Using mzs file: ../Data/LPS/SAL_ST_1-1657_mzs.npy
Output directory: ../Results/NMF/LPS
Job name: SAL_ST_1-1657
SLURM Job ID: 154250
Train Metrics:
MSE: 0.00000000
MAE: 0.00000423
RMSE: 0.00001359
Test Metrics:
MSE: 0.00000000
MAE: 0.00000677
RMSE: 0.00002291
NMF analysis completed at Wed Aug 27 06:16:15 AM SAST 2025
Results saved to ../Results/NMF/LPS
Files created:
  - SAL_ST_1-1657_original_vs_reconstructed.png (Original vs Reconstructed spectra)
  - SAL_ST_1-1657_component_loadings.png (Component loadings plot)
Thank the Lord Almighty!!!
