Starting NMF analysis at Sat Aug 23 07:47:42 AM SAST 2025
Using input file: ../Data/LPS/LPS_LT_1-1660_x.npy
Using mzs file: ../Data/LPS/LPS_LT_1-1660_mzs.npy
Output directory: ../Results/NMF/LPS
Job name: LPS_LT_1-1660
SLURM Job ID: 153728
Component 1 - Top sample indices: [  97 1045   96    0   53]
Component 1 - Top weights: [0.04017633 0.04025028 0.0405876  0.04101372 0.0421822 ]
Component 2 - Top sample indices: [ 203 1293 1265 1180  647]
Component 2 - Top weights: [0.08695694 0.08697118 0.08739093 0.09315965 0.10074998]
Component 3 - Top sample indices: [1431   83 1088  933  118]
Component 3 - Top weights: [0.02181939 0.02244657 0.02248379 0.02303624 0.02430844]
Total Dataset Metrics:
MSE: 0.00000001
MAE: 0.00000809
RMSE: 0.00002221
Overall reconstruction error: 1.14119210
NMF analysis completed at Sat Aug 23 08:00:37 AM SAST 2025
Results saved to ../Results/NMF/LPS
Files created:
  - LPS_LT_1-1660_original_vs_reconstructed.png (Original vs Reconstructed spectra)
  - LPS_LT_1-1660_component_loadings.png (Component loadings plot)
Thank the Lord Almighty!!!
