Starting NMF analysis for nmf-h5 at Fri Oct 31 11:00:06 PM SAST 2025
Using input file: ../Data/Pretrain/large_data.npy_part0.npy
Output directory: ../Results/NMF/Cancer/
SLURM Job ID: 165352
Shape of X_train: (151675, 67499)
Shape of X_val: (21668, 67499)
Shape of X_test: (43336, 67499)
Number of components: 200
Training Set Metrics:
MSE: 0.00000212
MAE: 0.00009655
RMSE: 0.00111609
Test Set Metrics:
MSE: 0.00000210
MAE: 0.00009591
RMSE: 0.00107337
Freeing some memory...
Done

Loading data to encode...
Encoding data with shape: (160000, 67499)
Encoded data shape: (160000, 200)
Encoded data saved to: ../Results/NMF/Cancer/nmf-h5_nmf.npy
Model saved to: ../Results/NMF/Cancer/nmf-h5_nmf_model.pkl
NMF analysis for nmf-h5 completed at Sat Nov  1 12:10:34 AM SAST 2025
Results saved to ../Results/NMF/Cancer/
============================================================================
Tapedza!!! Mwari Ngaakudzwe!
