Starting NMF analysis for cancer-h5-200 at Thu Oct  9 12:59:44 PM SAST 2025
Using input file: ../Data/Pretrain/hiv_cancer_150-1500.npy
Using mzs file: ../Data/Cancer/cancer-150-1500-mzs.npy
Output directory: ../Models/NMF
SLURM Job ID: 162504
Shape of X_train: (151674, 67499)
Shape of X_val: (21668, 67499)
Shape of X_test: (43336, 67499)
Number of components: 200
NMF model saved to ../Models/NMF/cancer-h5-200_nmf_model.pkl
Training Set Metrics:
MSE: 0.00000221
MAE: 0.00009399
RMSE: 0.00119141
Test Set Metrics:
MSE: 0.00000225
MAE: 0.00009427
RMSE: 0.00113999
NMF analysis for cancer-h5-200 completed at Thu Oct  9 01:39:30 PM SAST 2025
Results saved to ../Models/NMF
Files created:
  - cancer-h5-200_original_vs_reconstructed.png (Original vs Reconstructed spectra)
  - cancer-h5-200_component_loadings_%j.png (Component loadings plot)
============================================================================
Tapedza!!! Mwari Ngaakudzwe!
