Starting NMF analysis at Tue Aug 26 03:04:20 PM SAST 2025
Using input file: ../Data/LPS/SAL_LT_plasma_1-1658_x.npy
Using mzs file: ../Data/LPS/SAL_LT_plasma_1-1658_mzs.npy
Output directory: ../Results/NMF/LPS
Job name: SAL_LT_plasma_1-1658
SLURM Job ID: 154238
Component 1 - Top sample indices: [ 920  336 1610  676  352]
Component 1 - Top weights: [0.03946267 0.03946536 0.04010203 0.04087079 0.04168193]
Component 2 - Top sample indices: [ 757  837 1034  832  834]
Component 2 - Top weights: [0.04610824 0.04640189 0.04776962 0.04894787 0.05403776]
Component 3 - Top sample indices: [861   0 905 575  83]
Component 3 - Top weights: [0.01477065 0.01485513 0.01503623 0.01528232 0.0168309 ]
Total Dataset Metrics:
MSE: 0.00000000
MAE: 0.00000274
RMSE: 0.00000862
Overall reconstruction error: 0.28028648
NMF analysis completed at Tue Aug 26 03:47:42 PM SAST 2025
Results saved to ../Results/NMF/LPS
Files created:
  - SAL_LT_plasma_1-1658_original_vs_reconstructed.png (Original vs Reconstructed spectra)
  - SAL_LT_plasma_1-1658_component_loadings_%j.png (Component loadings plot)
Thank the Lord Almighty!!!
