Starting NMF analysis at Tue Aug 26 04:03:14 PM SAST 2025
Using input file: ../Data/LPS/LPS_ST_1-1658_x.npy
Using mzs file: ../Data/LPS/LPS_ST_1-1658_mzs.npy
Output directory: ../Results/NMF/LPS
Job name: LPS_LT_1-1660
SLURM Job ID: 154249
Train Metrics:
MSE: 0.00000000
MAE: 0.00000461
RMSE: 0.00001442
Test Metrics:
MSE: 0.00000000
MAE: 0.00000650
RMSE: 0.00002027
NMF analysis completed at Wed Aug 27 06:10:24 AM SAST 2025
Results saved to ../Results/NMF/LPS
Files created:
  - LPS_LT_1-1660_original_vs_reconstructed.png (Original vs Reconstructed spectra)
  - LPS_LT_1-1660_component_loadings.png (Component loadings plot)
Thank the Lord Almighty!!!
