Starting NMF analysis at Tue Aug 26 03:53:50 PM SAST 2025
Using input file: ../Data/LPS/SAL_LT_plasma_1-1658_x.npy
Using mzs file: ../Data/LPS/SAL_LT_plasma_1-1658_mzs.npy
Output directory: ../Results/NMF/LPS
Job name: SAL_LT_plasma_1-1658
SLURM Job ID: 154245
Train Metrics:
MSE: 0.00000000
MAE: 0.00000453
RMSE: 0.00001384
Test Metrics:
MSE: 0.00000000
MAE: 0.00000630
RMSE: 0.00001963
NMF analysis completed at Wed Aug 27 06:11:00 AM SAST 2025
Results saved to ../Results/NMF/LPS
Files created:
  - SAL_LT_plasma_1-1658_original_vs_reconstructed.png (Original vs Reconstructed spectra)
  - SAL_LT_plasma_1-1658_component_loadings.png (Component loadings plot)
Thank the Lord Almighty!!!
