Starting PCA analysis at Thu Aug 21 10:42:39 AM SAST 2025
Using input file: ../Data/Cancer/cancer_x.npy
Output directory: ../Results/PCA/Cancer/
Job name: cancer
SLURM Job ID: 153220
Individual Principal Component Analysis:
============================================================
PC1:
  Explained Variance: 174.279384
  Explained Variance Ratio: 0.002489 (0.25%)

Total variance explained by 1500 components: 0.122357 (12.24%)

MSE: 0.8777652487369227
MAE: 0.12513176168165904
RMSE: 0.9353501048032463

Plot saved to ../Results/PCA/Cancer/PCA_cancer.png
PCA analysis completed at Thu Aug 21 11:18:57 AM SAST 2025
Results saved to ../Results/PCA/Cancer/
Files created:
  - PCA_cancer.png (PCA scatter plot)
Thank the Lord Almighty!!!
