Scaled Data
Starting PCA analysis for lps_st_x_x at Mon Sep  1 02:48:58 AM SAST 2025
Using input file: ../Data/LPS/lps_st_x_x.npy
Output directory: ../Results/PCA/LPS/
SLURM Job ID: 154671
Number of components: 500
Plot saved to ../Results/PCA/LPS/pca_spectra_reconstruction_lps_st_x_x.png
Total variance explained by 500 components: 0.592121 (59.21%)

Training Data Metrics:
MSE: 0.22841779663111483
MAE: 0.11834766576621439
RMSE: 0.2921056196581717
Test Data Metrics:
MSE: 0.5519500589745114
MAE: 0.061692197170412
RMSE: 0.40887096504274034
PCA analysis for lps_st_x_x completed at Mon Sep  1 02:49:38 AM SAST 2025
Results saved to ../Results/PCA/LPS/
Starting PCA analysis for lps_lt_x_x at Mon Sep  1 02:49:38 AM SAST 2025
Using input file: ../Data/LPS/lps_lt_x_x.npy
Output directory: ../Results/PCA/LPS/
SLURM Job ID: 154671
Number of components: 500
Plot saved to ../Results/PCA/LPS/pca_spectra_reconstruction_lps_lt_x_x.png
Total variance explained by 500 components: 0.603717 (60.37%)

Training Data Metrics:
MSE: 0.22148707300679754
MAE: 0.11105270738459606
RMSE: 0.28469315569053133
Test Data Metrics:
MSE: 0.5559689397310699
MAE: 0.06299485494719645
RMSE: 0.41172492030243785
PCA analysis for lps_lt_x_x completed at Mon Sep  1 02:50:11 AM SAST 2025
Results saved to ../Results/PCA/LPS/
Starting PCA analysis for sal_lt_plasma_x_x at Mon Sep  1 02:50:11 AM SAST 2025
Using input file: ../Data/LPS/sal_lt_plasma_x_x.npy
Output directory: ../Results/PCA/LPS/
SLURM Job ID: 154671
Number of components: 500
Plot saved to ../Results/PCA/LPS/pca_spectra_reconstruction_sal_lt_plasma_x_x.png
Total variance explained by 500 components: 0.591403 (59.14%)

Training Data Metrics:
MSE: 0.23141367159527948
MAE: 0.11947515494233567
RMSE: 0.2953822155289399
Test Data Metrics:
MSE: 0.5470298480075411
MAE: 0.061321117561386355
RMSE: 0.4058830230139849
PCA analysis for sal_lt_plasma_x_x completed at Mon Sep  1 02:50:45 AM SAST 2025
Results saved to ../Results/PCA/LPS/
Starting PCA analysis for sal_st_x_x at Mon Sep  1 02:50:45 AM SAST 2025
Using input file: ../Data/LPS/sal_st_x_x.npy
Output directory: ../Results/PCA/LPS/
SLURM Job ID: 154671
Number of components: 500
Plot saved to ../Results/PCA/LPS/pca_spectra_reconstruction_sal_st_x_x.png
Total variance explained by 500 components: 0.598493 (59.85%)

Training Data Metrics:
MSE: 0.22373340806342895
MAE: 0.11500046135543203
RMSE: 0.28693059139987126
Test Data Metrics:
MSE: 0.5678610052051347
MAE: 0.06096080692512875
RMSE: 0.4163097236978675
PCA analysis for sal_st_x_x completed at Mon Sep  1 02:51:18 AM SAST 2025
Results saved to ../Results/PCA/LPS/
Tapedza!!! Mwari Ngaakudzwe!
