Starting PCA analysis for LPS_ST_1-1658_x at Fri Aug 29 10:03:48 PM SAST 2025
Using input file: ../Data/LPS/LPS_ST_1-1658_x.npy
Output directory: ../Results/PCA/LPS/
SLURM Job ID: 154534
Number of components: 1500
PCA analysis for LPS_ST_1-1658_x completed at Fri Aug 29 10:04:18 PM SAST 2025
Results saved to ../Results/PCA/LPS/
Files created:
  - PCA_LPS_ST_1-1658_x.png (PCA scatter plot)
Starting PCA analysis for LPS_LT_1-1660_x at Fri Aug 29 10:04:18 PM SAST 2025
Using input file: ../Data/LPS/LPS_LT_1-1660_x.npy
Output directory: ../Results/PCA/LPS/
SLURM Job ID: 154534
Number of components: 1500
PCA analysis for LPS_LT_1-1660_x completed at Fri Aug 29 10:04:34 PM SAST 2025
Results saved to ../Results/PCA/LPS/
Files created:
  - PCA_LPS_LT_1-1660_x.png (PCA scatter plot)
Starting PCA analysis for SAL_ST_1-1657_x at Fri Aug 29 10:04:34 PM SAST 2025
Using input file: ../Data/LPS/SAL_ST_1-1657_x.npy
Output directory: ../Results/PCA/LPS/
SLURM Job ID: 154534
Number of components: 1500
PCA analysis for SAL_ST_1-1657_x completed at Fri Aug 29 10:04:50 PM SAST 2025
Results saved to ../Results/PCA/LPS/
Files created:
  - PCA_SAL_ST_1-1657_x.png (PCA scatter plot)
Starting PCA analysis for SAL_LT_plasma_1-1658_x at Fri Aug 29 10:04:50 PM SAST 2025
Using input file: ../Data/LPS/SAL_LT_plasma_1-1658_x.npy
Output directory: ../Results/PCA/LPS/
SLURM Job ID: 154534
Number of components: 1500
PCA analysis for SAL_LT_plasma_1-1658_x completed at Fri Aug 29 10:05:13 PM SAST 2025
Results saved to ../Results/PCA/LPS/
Files created:
  - PCA_SAL_LT_plasma_1-1658_x.png (PCA scatter plot)
Tapedza!!! Mwari Ngaakudzwe!
