Starting PCA analysis for pca_cancer at Wed Oct 29 08:56:52 PM SAST 2025
Using input file: ../Data/Pretrain/hiv_cancer_150-1500.npy
Output directory: ../Results/PCA/Cancer
SLURM Job ID: 164936
Shape of X_train: (151674, 67499)
Shape of X_val: (21668, 67499)
Shape of X_test: (43336, 67499)
Number of components: 200

Test set reconstruction statistics:
Non-zero elements: 2925136659 out of 2925136664 (100.00%)
Total variance explained by 200 components: 0.041116 (4.11%)

Training Data Metrics:
MSE: 0.9574000835418701
MAE: 0.052531905472278595
RMSE: 0.9688690900802612
Test Data Metrics:
MSE: 0.9920656085014343
MAE: 0.04482666775584221
RMSE: 0.9181580543518066
PCA model saved to ../Results/PCA/Cancer/pca_cancer_pca_model.joblib
Scaler model saved to ../Results/PCA/Cancer/pca_cancer_scaler_model.joblib
Encoded data saved to ../Results/PCA/Cancer/pca_cancer_encoded_pca.npy
Encoded data shape: (160000, 200)
PCA analysis for pca_cancer completed at Wed Oct 29 09:06:04 PM SAST 2025
Results saved to ../Results/PCA/Cancer
Tapedza!!! Mwari Ngaakudzwe!
