Starting PCA analysis for cancer-h5-200 at Thu Oct  9 01:39:30 PM SAST 2025
Using input file: ../Data/Pretrain/hiv_cancer_150-1500.npy
Output directory: ../Models/pca
SLURM Job ID: 162505
Shape of X_train: (151674, 67499)
Shape of X_val: (21668, 67499)
Shape of X_test: (43336, 67499)
Number of components: 200
PCA model saved to ../Models/pca/cancer-h5-200_pca_model.joblib
Scaler model saved to ../Models/pca/cancer-h5-200_scaler_model.joblib
Plot saved to ../Models/pca/pca_spectra_reconstruction_cancer-h5-200.png
Total variance explained by 200 components: 0.041137 (4.11%)

Training Data Metrics:
MSE: 0.9573802947998047
MAE: 0.052485134452581406
RMSE: 0.9688575267791748
Test Data Metrics:
MSE: 0.9920774102210999
MAE: 0.04481259360909462
RMSE: 0.9181627631187439
Plot saved to ../Models/pca/pca_spectra_reconstruction_cancer-h5-200.png
PCA analysis for cancer-h5-200 completed at Thu Oct  9 01:54:03 PM SAST 2025
Results saved to ../Models/pca
Tapedza!!! Mwari Ngaakudzwe!
