Starting preprocessing for sal_st_x at Sun Aug 31 01:59:09 AM SAST 2025
Using input file: ../../mass_spec_data/LPS/09102024_Leandrie_LPS_plasma test/09102024_Leandrie_LPS_plasma test/h5 files/091024_39_SAL_ST_1-1657_SN1p0_centroid.imzml
Output directory: ../Data/LPS/
Job name: sal_st_x
SLURM Job ID: 154603
####################################
Loading spectra...
Total spectra loaded: 1634
Range of mz values: (150, 2000)
Matrix created!
Matrix has dimensions of (1634, 92500)
Done creating data
Preprocessing for sal_st_x completed at Sun Aug 31 01:59:23 AM SAST 2025
Results saved to ../Data/LPS/
Files created:
  - sal_st_x_x.npy (normalized intensity matrix)
============================================================================
Starting preprocessing for sal_lt_plasma_x at Sun Aug 31 01:59:23 AM SAST 2025
Using input file: ../../mass_spec_data/LPS/09102024_Leandrie_LPS_plasma test/09102024_Leandrie_LPS_plasma test/h5 files/091024_11_SAL_LT_plasma_1-1658_SN1p0_centroid.imzml
Output directory: ../Data/LPS/
Job name: sal_lt_plasma_x
SLURM Job ID: 154603
####################################
Loading spectra...
Total spectra loaded: 1636
Range of mz values: (150, 2000)
Matrix created!
Matrix has dimensions of (1636, 92500)
Done creating data
Preprocessing for sal_lt_plasma_x completed at Sun Aug 31 01:59:29 AM SAST 2025
Results saved to ../Data/LPS/
Files created:
  - sal_lt_plasma_x_x.npy (normalized intensity matrix)
============================================================================
Starting preprocessing for lps_lt_x at Sun Aug 31 01:59:29 AM SAST 2025
Using input file: ../../mass_spec_data/LPS/09102024_Leandrie_LPS_plasma test/09102024_Leandrie_LPS_plasma test/h5 files/091024_15_LPS_LT_1-1660_SN1p0_centroid.imzml
Output directory: ../Data/LPS/
Job name: lps_lt_x
SLURM Job ID: 154603
####################################
Loading spectra...
Total spectra loaded: 1640
Range of mz values: (150, 2000)
Matrix created!
Matrix has dimensions of (1640, 92500)
Done creating data
Preprocessing for lps_lt_x completed at Sun Aug 31 01:59:35 AM SAST 2025
Results saved to ../Data/LPS/
Files created:
  - lps_lt_x_x.npy (normalized intensity matrix)
============================================================================
Starting preprocessing for lps_st_x at Sun Aug 31 01:59:35 AM SAST 2025
Using input file: ../../mass_spec_data/LPS/09102024_Leandrie_LPS_plasma test/09102024_Leandrie_LPS_plasma test/h5 files/091024_36_LPS_ST_1-1658_SN1p0_centroid.imzml
Output directory: ../Data/LPS/
Job name: lps_st_x
SLURM Job ID: 154603
####################################
Loading spectra...
Total spectra loaded: 1636
Range of mz values: (150, 2000)
Matrix created!
Matrix has dimensions of (1636, 92500)
Done creating data
Preprocessing for lps_st_x completed at Sun Aug 31 01:59:41 AM SAST 2025
Results saved to ../Data/LPS/
Files created:
  - lps_st_x_x.npy (normalized intensity matrix)
============================================================================
Tapedza!!! Mwari Ngaakudzwe!
