2025-11-03 00:42:03.879114: I tensorflow/core/util/port.cc:153] oneDNN custom operations are on. You may see slightly different numerical results due to floating-point round-off errors from different computation orders. To turn them off, set the environment variable `TF_ENABLE_ONEDNN_OPTS=0`.
2025-11-03 00:42:03.930546: I tensorflow/core/platform/cpu_feature_guard.cc:210] This TensorFlow binary is optimized to use available CPU instructions in performance-critical operations.
To enable the following instructions: AVX2 AVX512F AVX512_VNNI FMA, in other operations, rebuild TensorFlow with the appropriate compiler flags.
/home-mscluster/tmazarura/miniconda3/lib/python3.13/site-packages/google/protobuf/runtime_version.py:98: UserWarning: Protobuf gencode version 5.28.3 is exactly one major version older than the runtime version 6.31.1 at tensorflow/core/framework/attr_value.proto. Please update the gencode to avoid compatibility violations in the next runtime release.
  warnings.warn(
/home-mscluster/tmazarura/miniconda3/lib/python3.13/site-packages/google/protobuf/runtime_version.py:98: UserWarning: Protobuf gencode version 5.28.3 is exactly one major version older than the runtime version 6.31.1 at tensorflow/core/framework/tensor.proto. Please update the gencode to avoid compatibility violations in the next runtime release.
  warnings.warn(
/home-mscluster/tmazarura/miniconda3/lib/python3.13/site-packages/google/protobuf/runtime_version.py:98: UserWarning: Protobuf gencode version 5.28.3 is exactly one major version older than the runtime version 6.31.1 at tensorflow/core/framework/resource_handle.proto. Please update the gencode to avoid compatibility violations in the next runtime release.
  warnings.warn(
/home-mscluster/tmazarura/miniconda3/lib/python3.13/site-packages/google/protobuf/runtime_version.py:98: UserWarning: Protobuf gencode version 5.28.3 is exactly one major version older than the runtime version 6.31.1 at tensorflow/core/framework/tensor_shape.proto. Please update the gencode to avoid compatibility violations in the next runtime release.
  warnings.warn(
/home-mscluster/tmazarura/miniconda3/lib/python3.13/site-packages/google/protobuf/runtime_version.py:98: UserWarning: Protobuf gencode version 5.28.3 is exactly one major version older than the runtime version 6.31.1 at tensorflow/core/framework/types.proto. Please update the gencode to avoid compatibility violations in the next runtime release.
  warnings.warn(
/home-mscluster/tmazarura/miniconda3/lib/python3.13/site-packages/google/protobuf/runtime_version.py:98: UserWarning: Protobuf gencode version 5.28.3 is exactly one major version older than the runtime version 6.31.1 at tensorflow/core/framework/full_type.proto. Please update the gencode to avoid compatibility violations in the next runtime release.
  warnings.warn(
/home-mscluster/tmazarura/miniconda3/lib/python3.13/site-packages/google/protobuf/runtime_version.py:98: UserWarning: Protobuf gencode version 5.28.3 is exactly one major version older than the runtime version 6.31.1 at tensorflow/core/framework/function.proto. Please update the gencode to avoid compatibility violations in the next runtime release.
  warnings.warn(
/home-mscluster/tmazarura/miniconda3/lib/python3.13/site-packages/google/protobuf/runtime_version.py:98: UserWarning: Protobuf gencode version 5.28.3 is exactly one major version older than the runtime version 6.31.1 at tensorflow/core/framework/node_def.proto. Please update the gencode to avoid compatibility violations in the next runtime release.
  warnings.warn(
/home-mscluster/tmazarura/miniconda3/lib/python3.13/site-packages/google/protobuf/runtime_version.py:98: UserWarning: Protobuf gencode version 5.28.3 is exactly one major version older than the runtime version 6.31.1 at tensorflow/core/framework/op_def.proto. Please update the gencode to avoid compatibility violations in the next runtime release.
  warnings.warn(
/home-mscluster/tmazarura/miniconda3/lib/python3.13/site-packages/google/protobuf/runtime_version.py:98: UserWarning: Protobuf gencode version 5.28.3 is exactly one major version older than the runtime version 6.31.1 at tensorflow/core/framework/graph.proto. Please update the gencode to avoid compatibility violations in the next runtime release.
  warnings.warn(
/home-mscluster/tmazarura/miniconda3/lib/python3.13/site-packages/google/protobuf/runtime_version.py:98: UserWarning: Protobuf gencode version 5.28.3 is exactly one major version older than the runtime version 6.31.1 at tensorflow/core/framework/graph_debug_info.proto. Please update the gencode to avoid compatibility violations in the next runtime release.
  warnings.warn(
/home-mscluster/tmazarura/miniconda3/lib/python3.13/site-packages/google/protobuf/runtime_version.py:98: UserWarning: Protobuf gencode version 5.28.3 is exactly one major version older than the runtime version 6.31.1 at tensorflow/core/framework/versions.proto. Please update the gencode to avoid compatibility violations in the next runtime release.
  warnings.warn(
/home-mscluster/tmazarura/miniconda3/lib/python3.13/site-packages/google/protobuf/runtime_version.py:98: UserWarning: Protobuf gencode version 5.28.3 is exactly one major version older than the runtime version 6.31.1 at tensorflow/core/protobuf/config.proto. Please update the gencode to avoid compatibility violations in the next runtime release.
  warnings.warn(
/home-mscluster/tmazarura/miniconda3/lib/python3.13/site-packages/google/protobuf/runtime_version.py:98: UserWarning: Protobuf gencode version 5.28.3 is exactly one major version older than the runtime version 6.31.1 at xla/tsl/protobuf/coordination_config.proto. Please update the gencode to avoid compatibility violations in the next runtime release.
  warnings.warn(
/home-mscluster/tmazarura/miniconda3/lib/python3.13/site-packages/google/protobuf/runtime_version.py:98: UserWarning: Protobuf gencode version 5.28.3 is exactly one major version older than the runtime version 6.31.1 at tensorflow/core/framework/cost_graph.proto. Please update the gencode to avoid compatibility violations in the next runtime release.
  warnings.warn(
/home-mscluster/tmazarura/miniconda3/lib/python3.13/site-packages/google/protobuf/runtime_version.py:98: UserWarning: Protobuf gencode version 5.28.3 is exactly one major version older than the runtime version 6.31.1 at tensorflow/core/framework/step_stats.proto. Please update the gencode to avoid compatibility violations in the next runtime release.
  warnings.warn(
/home-mscluster/tmazarura/miniconda3/lib/python3.13/site-packages/google/protobuf/runtime_version.py:98: UserWarning: Protobuf gencode version 5.28.3 is exactly one major version older than the runtime version 6.31.1 at tensorflow/core/framework/allocation_description.proto. Please update the gencode to avoid compatibility violations in the next runtime release.
  warnings.warn(
/home-mscluster/tmazarura/miniconda3/lib/python3.13/site-packages/google/protobuf/runtime_version.py:98: UserWarning: Protobuf gencode version 5.28.3 is exactly one major version older than the runtime version 6.31.1 at tensorflow/core/framework/tensor_description.proto. Please update the gencode to avoid compatibility violations in the next runtime release.
  warnings.warn(
/home-mscluster/tmazarura/miniconda3/lib/python3.13/site-packages/google/protobuf/runtime_version.py:98: UserWarning: Protobuf gencode version 5.28.3 is exactly one major version older than the runtime version 6.31.1 at tensorflow/core/protobuf/cluster.proto. Please update the gencode to avoid compatibility violations in the next runtime release.
  warnings.warn(
/home-mscluster/tmazarura/miniconda3/lib/python3.13/site-packages/google/protobuf/runtime_version.py:98: UserWarning: Protobuf gencode version 5.28.3 is exactly one major version older than the runtime version 6.31.1 at tensorflow/core/protobuf/debug.proto. Please update the gencode to avoid compatibility violations in the next runtime release.
  warnings.warn(
2025-11-03 00:42:11.689408: I tensorflow/core/util/port.cc:153] oneDNN custom operations are on. You may see slightly different numerical results due to floating-point round-off errors from different computation orders. To turn them off, set the environment variable `TF_ENABLE_ONEDNN_OPTS=0`.
WARNING: All log messages before absl::InitializeLog() is called are written to STDERR
I0000 00:00:1762123340.526611 4071384 gpu_device.cc:2020] Created device /job:localhost/replica:0/task:0/device:GPU:0 with 47189 MB memory:  -> device: 0, name: Quadro RTX 8000, pci bus id: 0000:17:00.0, compute capability: 7.5
I0000 00:00:1762123340.528144 4071384 gpu_device.cc:2020] Created device /job:localhost/replica:0/task:0/device:GPU:1 with 47180 MB memory:  -> device: 1, name: Quadro RTX 8000, pci bus id: 0000:73:00.0, compute capability: 7.5
wandb: Currently logged in as: trapezium (trapezium-wits-university) to https://api.wandb.ai. Use `wandb login --relogin` to force relogin
wandb: creating run
wandb: Tracking run with wandb version 0.21.4
wandb: Run data is saved locally in /home-mscluster/tmazarura/HonoursResearch/src/wandb/run-20251103_004221-cs27771i
wandb: Run `wandb offline` to turn off syncing.
wandb: Syncing run tough-surf-42
wandb: ⭐️ View project at https://wandb.ai/trapezium-wits-university/CorrectAE
wandb: 🚀 View run at https://wandb.ai/trapezium-wits-university/CorrectAE/runs/cs27771i
2025-11-03 00:43:23.222452: I external/local_xla/xla/service/service.cc:163] XLA service 0x7fac600077a0 initialized for platform CUDA (this does not guarantee that XLA will be used). Devices:
2025-11-03 00:43:23.222757: I external/local_xla/xla/service/service.cc:171]   StreamExecutor device (0): Quadro RTX 8000, Compute Capability 7.5
2025-11-03 00:43:23.222764: I external/local_xla/xla/service/service.cc:171]   StreamExecutor device (1): Quadro RTX 8000, Compute Capability 7.5
2025-11-03 00:43:23.416070: I tensorflow/compiler/mlir/tensorflow/utils/dump_mlir_util.cc:269] disabling MLIR crash reproducer, set env var `MLIR_CRASH_REPRODUCER_DIRECTORY` to enable.
2025-11-03 00:43:23.623600: I external/local_xla/xla/stream_executor/cuda/cuda_dnn.cc:473] Loaded cuDNN version 91002
I0000 00:00:1762123405.070447 4071747 device_compiler.h:196] Compiled cluster using XLA!  This line is logged at most once for the lifetime of the process.
2025-11-03 00:46:27.004636: I tensorflow/core/util/port.cc:153] oneDNN custom operations are on. You may see slightly different numerical results due to floating-point round-off errors from different computation orders. To turn them off, set the environment variable `TF_ENABLE_ONEDNN_OPTS=0`.
2025-11-03 00:46:27.055856: I tensorflow/core/platform/cpu_feature_guard.cc:210] This TensorFlow binary is optimized to use available CPU instructions in performance-critical operations.
To enable the following instructions: AVX2 AVX512F AVX512_VNNI FMA, in other operations, rebuild TensorFlow with the appropriate compiler flags.
/home-mscluster/tmazarura/miniconda3/lib/python3.13/site-packages/google/protobuf/runtime_version.py:98: UserWarning: Protobuf gencode version 5.28.3 is exactly one major version older than the runtime version 6.31.1 at tensorflow/core/framework/attr_value.proto. Please update the gencode to avoid compatibility violations in the next runtime release.
  warnings.warn(
/home-mscluster/tmazarura/miniconda3/lib/python3.13/site-packages/google/protobuf/runtime_version.py:98: UserWarning: Protobuf gencode version 5.28.3 is exactly one major version older than the runtime version 6.31.1 at tensorflow/core/framework/tensor.proto. Please update the gencode to avoid compatibility violations in the next runtime release.
  warnings.warn(
/home-mscluster/tmazarura/miniconda3/lib/python3.13/site-packages/google/protobuf/runtime_version.py:98: UserWarning: Protobuf gencode version 5.28.3 is exactly one major version older than the runtime version 6.31.1 at tensorflow/core/framework/resource_handle.proto. Please update the gencode to avoid compatibility violations in the next runtime release.
  warnings.warn(
/home-mscluster/tmazarura/miniconda3/lib/python3.13/site-packages/google/protobuf/runtime_version.py:98: UserWarning: Protobuf gencode version 5.28.3 is exactly one major version older than the runtime version 6.31.1 at tensorflow/core/framework/tensor_shape.proto. Please update the gencode to avoid compatibility violations in the next runtime release.
  warnings.warn(
/home-mscluster/tmazarura/miniconda3/lib/python3.13/site-packages/google/protobuf/runtime_version.py:98: UserWarning: Protobuf gencode version 5.28.3 is exactly one major version older than the runtime version 6.31.1 at tensorflow/core/framework/types.proto. Please update the gencode to avoid compatibility violations in the next runtime release.
  warnings.warn(
/home-mscluster/tmazarura/miniconda3/lib/python3.13/site-packages/google/protobuf/runtime_version.py:98: UserWarning: Protobuf gencode version 5.28.3 is exactly one major version older than the runtime version 6.31.1 at tensorflow/core/framework/full_type.proto. Please update the gencode to avoid compatibility violations in the next runtime release.
  warnings.warn(
/home-mscluster/tmazarura/miniconda3/lib/python3.13/site-packages/google/protobuf/runtime_version.py:98: UserWarning: Protobuf gencode version 5.28.3 is exactly one major version older than the runtime version 6.31.1 at tensorflow/core/framework/function.proto. Please update the gencode to avoid compatibility violations in the next runtime release.
  warnings.warn(
/home-mscluster/tmazarura/miniconda3/lib/python3.13/site-packages/google/protobuf/runtime_version.py:98: UserWarning: Protobuf gencode version 5.28.3 is exactly one major version older than the runtime version 6.31.1 at tensorflow/core/framework/node_def.proto. Please update the gencode to avoid compatibility violations in the next runtime release.
  warnings.warn(
/home-mscluster/tmazarura/miniconda3/lib/python3.13/site-packages/google/protobuf/runtime_version.py:98: UserWarning: Protobuf gencode version 5.28.3 is exactly one major version older than the runtime version 6.31.1 at tensorflow/core/framework/op_def.proto. Please update the gencode to avoid compatibility violations in the next runtime release.
  warnings.warn(
/home-mscluster/tmazarura/miniconda3/lib/python3.13/site-packages/google/protobuf/runtime_version.py:98: UserWarning: Protobuf gencode version 5.28.3 is exactly one major version older than the runtime version 6.31.1 at tensorflow/core/framework/graph.proto. Please update the gencode to avoid compatibility violations in the next runtime release.
  warnings.warn(
/home-mscluster/tmazarura/miniconda3/lib/python3.13/site-packages/google/protobuf/runtime_version.py:98: UserWarning: Protobuf gencode version 5.28.3 is exactly one major version older than the runtime version 6.31.1 at tensorflow/core/framework/graph_debug_info.proto. Please update the gencode to avoid compatibility violations in the next runtime release.
  warnings.warn(
/home-mscluster/tmazarura/miniconda3/lib/python3.13/site-packages/google/protobuf/runtime_version.py:98: UserWarning: Protobuf gencode version 5.28.3 is exactly one major version older than the runtime version 6.31.1 at tensorflow/core/framework/versions.proto. Please update the gencode to avoid compatibility violations in the next runtime release.
  warnings.warn(
/home-mscluster/tmazarura/miniconda3/lib/python3.13/site-packages/google/protobuf/runtime_version.py:98: UserWarning: Protobuf gencode version 5.28.3 is exactly one major version older than the runtime version 6.31.1 at tensorflow/core/protobuf/config.proto. Please update the gencode to avoid compatibility violations in the next runtime release.
  warnings.warn(
/home-mscluster/tmazarura/miniconda3/lib/python3.13/site-packages/google/protobuf/runtime_version.py:98: UserWarning: Protobuf gencode version 5.28.3 is exactly one major version older than the runtime version 6.31.1 at xla/tsl/protobuf/coordination_config.proto. Please update the gencode to avoid compatibility violations in the next runtime release.
  warnings.warn(
/home-mscluster/tmazarura/miniconda3/lib/python3.13/site-packages/google/protobuf/runtime_version.py:98: UserWarning: Protobuf gencode version 5.28.3 is exactly one major version older than the runtime version 6.31.1 at tensorflow/core/framework/cost_graph.proto. Please update the gencode to avoid compatibility violations in the next runtime release.
  warnings.warn(
/home-mscluster/tmazarura/miniconda3/lib/python3.13/site-packages/google/protobuf/runtime_version.py:98: UserWarning: Protobuf gencode version 5.28.3 is exactly one major version older than the runtime version 6.31.1 at tensorflow/core/framework/step_stats.proto. Please update the gencode to avoid compatibility violations in the next runtime release.
  warnings.warn(
/home-mscluster/tmazarura/miniconda3/lib/python3.13/site-packages/google/protobuf/runtime_version.py:98: UserWarning: Protobuf gencode version 5.28.3 is exactly one major version older than the runtime version 6.31.1 at tensorflow/core/framework/allocation_description.proto. Please update the gencode to avoid compatibility violations in the next runtime release.
  warnings.warn(
/home-mscluster/tmazarura/miniconda3/lib/python3.13/site-packages/google/protobuf/runtime_version.py:98: UserWarning: Protobuf gencode version 5.28.3 is exactly one major version older than the runtime version 6.31.1 at tensorflow/core/framework/tensor_description.proto. Please update the gencode to avoid compatibility violations in the next runtime release.
  warnings.warn(
/home-mscluster/tmazarura/miniconda3/lib/python3.13/site-packages/google/protobuf/runtime_version.py:98: UserWarning: Protobuf gencode version 5.28.3 is exactly one major version older than the runtime version 6.31.1 at tensorflow/core/protobuf/cluster.proto. Please update the gencode to avoid compatibility violations in the next runtime release.
  warnings.warn(
/home-mscluster/tmazarura/miniconda3/lib/python3.13/site-packages/google/protobuf/runtime_version.py:98: UserWarning: Protobuf gencode version 5.28.3 is exactly one major version older than the runtime version 6.31.1 at tensorflow/core/protobuf/debug.proto. Please update the gencode to avoid compatibility violations in the next runtime release.
  warnings.warn(
2025-11-03 00:46:34.991961: I tensorflow/core/util/port.cc:153] oneDNN custom operations are on. You may see slightly different numerical results due to floating-point round-off errors from different computation orders. To turn them off, set the environment variable `TF_ENABLE_ONEDNN_OPTS=0`.
WARNING: All log messages before absl::InitializeLog() is called are written to STDERR
I0000 00:00:1762123605.393258 4076579 gpu_device.cc:2020] Created device /job:localhost/replica:0/task:0/device:GPU:0 with 47189 MB memory:  -> device: 0, name: Quadro RTX 8000, pci bus id: 0000:17:00.0, compute capability: 7.5
I0000 00:00:1762123605.394848 4076579 gpu_device.cc:2020] Created device /job:localhost/replica:0/task:0/device:GPU:1 with 47180 MB memory:  -> device: 1, name: Quadro RTX 8000, pci bus id: 0000:73:00.0, compute capability: 7.5
wandb: Currently logged in as: trapezium (trapezium-wits-university) to https://api.wandb.ai. Use `wandb login --relogin` to force relogin
wandb: creating run
wandb: Tracking run with wandb version 0.21.4
wandb: Run data is saved locally in /home-mscluster/tmazarura/HonoursResearch/src/wandb/run-20251103_004649-6wxto9eq
wandb: Run `wandb offline` to turn off syncing.
wandb: Syncing run ancient-firefly-44
wandb: ⭐️ View project at https://wandb.ai/trapezium-wits-university/CorrectAE
wandb: 🚀 View run at https://wandb.ai/trapezium-wits-university/CorrectAE/runs/6wxto9eq
2025-11-03 00:47:50.818171: I external/local_xla/xla/service/service.cc:163] XLA service 0x7f8e9801f250 initialized for platform CUDA (this does not guarantee that XLA will be used). Devices:
2025-11-03 00:47:50.818485: I external/local_xla/xla/service/service.cc:171]   StreamExecutor device (0): Quadro RTX 8000, Compute Capability 7.5
2025-11-03 00:47:50.818494: I external/local_xla/xla/service/service.cc:171]   StreamExecutor device (1): Quadro RTX 8000, Compute Capability 7.5
2025-11-03 00:47:50.999718: I tensorflow/compiler/mlir/tensorflow/utils/dump_mlir_util.cc:269] disabling MLIR crash reproducer, set env var `MLIR_CRASH_REPRODUCER_DIRECTORY` to enable.
2025-11-03 00:47:51.207921: I external/local_xla/xla/stream_executor/cuda/cuda_dnn.cc:473] Loaded cuDNN version 91002
I0000 00:00:1762123672.654363 4076940 device_compiler.h:196] Compiled cluster using XLA!  This line is logged at most once for the lifetime of the process.
2025-11-03 00:51:21.337656: I tensorflow/core/util/port.cc:153] oneDNN custom operations are on. You may see slightly different numerical results due to floating-point round-off errors from different computation orders. To turn them off, set the environment variable `TF_ENABLE_ONEDNN_OPTS=0`.
2025-11-03 00:51:21.389242: I tensorflow/core/platform/cpu_feature_guard.cc:210] This TensorFlow binary is optimized to use available CPU instructions in performance-critical operations.
To enable the following instructions: AVX2 AVX512F AVX512_VNNI FMA, in other operations, rebuild TensorFlow with the appropriate compiler flags.
/home-mscluster/tmazarura/miniconda3/lib/python3.13/site-packages/google/protobuf/runtime_version.py:98: UserWarning: Protobuf gencode version 5.28.3 is exactly one major version older than the runtime version 6.31.1 at tensorflow/core/framework/attr_value.proto. Please update the gencode to avoid compatibility violations in the next runtime release.
  warnings.warn(
/home-mscluster/tmazarura/miniconda3/lib/python3.13/site-packages/google/protobuf/runtime_version.py:98: UserWarning: Protobuf gencode version 5.28.3 is exactly one major version older than the runtime version 6.31.1 at tensorflow/core/framework/tensor.proto. Please update the gencode to avoid compatibility violations in the next runtime release.
  warnings.warn(
/home-mscluster/tmazarura/miniconda3/lib/python3.13/site-packages/google/protobuf/runtime_version.py:98: UserWarning: Protobuf gencode version 5.28.3 is exactly one major version older than the runtime version 6.31.1 at tensorflow/core/framework/resource_handle.proto. Please update the gencode to avoid compatibility violations in the next runtime release.
  warnings.warn(
/home-mscluster/tmazarura/miniconda3/lib/python3.13/site-packages/google/protobuf/runtime_version.py:98: UserWarning: Protobuf gencode version 5.28.3 is exactly one major version older than the runtime version 6.31.1 at tensorflow/core/framework/tensor_shape.proto. Please update the gencode to avoid compatibility violations in the next runtime release.
  warnings.warn(
/home-mscluster/tmazarura/miniconda3/lib/python3.13/site-packages/google/protobuf/runtime_version.py:98: UserWarning: Protobuf gencode version 5.28.3 is exactly one major version older than the runtime version 6.31.1 at tensorflow/core/framework/types.proto. Please update the gencode to avoid compatibility violations in the next runtime release.
  warnings.warn(
/home-mscluster/tmazarura/miniconda3/lib/python3.13/site-packages/google/protobuf/runtime_version.py:98: UserWarning: Protobuf gencode version 5.28.3 is exactly one major version older than the runtime version 6.31.1 at tensorflow/core/framework/full_type.proto. Please update the gencode to avoid compatibility violations in the next runtime release.
  warnings.warn(
/home-mscluster/tmazarura/miniconda3/lib/python3.13/site-packages/google/protobuf/runtime_version.py:98: UserWarning: Protobuf gencode version 5.28.3 is exactly one major version older than the runtime version 6.31.1 at tensorflow/core/framework/function.proto. Please update the gencode to avoid compatibility violations in the next runtime release.
  warnings.warn(
/home-mscluster/tmazarura/miniconda3/lib/python3.13/site-packages/google/protobuf/runtime_version.py:98: UserWarning: Protobuf gencode version 5.28.3 is exactly one major version older than the runtime version 6.31.1 at tensorflow/core/framework/node_def.proto. Please update the gencode to avoid compatibility violations in the next runtime release.
  warnings.warn(
/home-mscluster/tmazarura/miniconda3/lib/python3.13/site-packages/google/protobuf/runtime_version.py:98: UserWarning: Protobuf gencode version 5.28.3 is exactly one major version older than the runtime version 6.31.1 at tensorflow/core/framework/op_def.proto. Please update the gencode to avoid compatibility violations in the next runtime release.
  warnings.warn(
/home-mscluster/tmazarura/miniconda3/lib/python3.13/site-packages/google/protobuf/runtime_version.py:98: UserWarning: Protobuf gencode version 5.28.3 is exactly one major version older than the runtime version 6.31.1 at tensorflow/core/framework/graph.proto. Please update the gencode to avoid compatibility violations in the next runtime release.
  warnings.warn(
/home-mscluster/tmazarura/miniconda3/lib/python3.13/site-packages/google/protobuf/runtime_version.py:98: UserWarning: Protobuf gencode version 5.28.3 is exactly one major version older than the runtime version 6.31.1 at tensorflow/core/framework/graph_debug_info.proto. Please update the gencode to avoid compatibility violations in the next runtime release.
  warnings.warn(
/home-mscluster/tmazarura/miniconda3/lib/python3.13/site-packages/google/protobuf/runtime_version.py:98: UserWarning: Protobuf gencode version 5.28.3 is exactly one major version older than the runtime version 6.31.1 at tensorflow/core/framework/versions.proto. Please update the gencode to avoid compatibility violations in the next runtime release.
  warnings.warn(
/home-mscluster/tmazarura/miniconda3/lib/python3.13/site-packages/google/protobuf/runtime_version.py:98: UserWarning: Protobuf gencode version 5.28.3 is exactly one major version older than the runtime version 6.31.1 at tensorflow/core/protobuf/config.proto. Please update the gencode to avoid compatibility violations in the next runtime release.
  warnings.warn(
/home-mscluster/tmazarura/miniconda3/lib/python3.13/site-packages/google/protobuf/runtime_version.py:98: UserWarning: Protobuf gencode version 5.28.3 is exactly one major version older than the runtime version 6.31.1 at xla/tsl/protobuf/coordination_config.proto. Please update the gencode to avoid compatibility violations in the next runtime release.
  warnings.warn(
/home-mscluster/tmazarura/miniconda3/lib/python3.13/site-packages/google/protobuf/runtime_version.py:98: UserWarning: Protobuf gencode version 5.28.3 is exactly one major version older than the runtime version 6.31.1 at tensorflow/core/framework/cost_graph.proto. Please update the gencode to avoid compatibility violations in the next runtime release.
  warnings.warn(
/home-mscluster/tmazarura/miniconda3/lib/python3.13/site-packages/google/protobuf/runtime_version.py:98: UserWarning: Protobuf gencode version 5.28.3 is exactly one major version older than the runtime version 6.31.1 at tensorflow/core/framework/step_stats.proto. Please update the gencode to avoid compatibility violations in the next runtime release.
  warnings.warn(
/home-mscluster/tmazarura/miniconda3/lib/python3.13/site-packages/google/protobuf/runtime_version.py:98: UserWarning: Protobuf gencode version 5.28.3 is exactly one major version older than the runtime version 6.31.1 at tensorflow/core/framework/allocation_description.proto. Please update the gencode to avoid compatibility violations in the next runtime release.
  warnings.warn(
/home-mscluster/tmazarura/miniconda3/lib/python3.13/site-packages/google/protobuf/runtime_version.py:98: UserWarning: Protobuf gencode version 5.28.3 is exactly one major version older than the runtime version 6.31.1 at tensorflow/core/framework/tensor_description.proto. Please update the gencode to avoid compatibility violations in the next runtime release.
  warnings.warn(
/home-mscluster/tmazarura/miniconda3/lib/python3.13/site-packages/google/protobuf/runtime_version.py:98: UserWarning: Protobuf gencode version 5.28.3 is exactly one major version older than the runtime version 6.31.1 at tensorflow/core/protobuf/cluster.proto. Please update the gencode to avoid compatibility violations in the next runtime release.
  warnings.warn(
/home-mscluster/tmazarura/miniconda3/lib/python3.13/site-packages/google/protobuf/runtime_version.py:98: UserWarning: Protobuf gencode version 5.28.3 is exactly one major version older than the runtime version 6.31.1 at tensorflow/core/protobuf/debug.proto. Please update the gencode to avoid compatibility violations in the next runtime release.
  warnings.warn(
2025-11-03 00:51:32.952396: I tensorflow/core/util/port.cc:153] oneDNN custom operations are on. You may see slightly different numerical results due to floating-point round-off errors from different computation orders. To turn them off, set the environment variable `TF_ENABLE_ONEDNN_OPTS=0`.
WARNING: All log messages before absl::InitializeLog() is called are written to STDERR
I0000 00:00:1762123907.780862 4082225 gpu_device.cc:2020] Created device /job:localhost/replica:0/task:0/device:GPU:0 with 47189 MB memory:  -> device: 0, name: Quadro RTX 8000, pci bus id: 0000:17:00.0, compute capability: 7.5
I0000 00:00:1762123907.782310 4082225 gpu_device.cc:2020] Created device /job:localhost/replica:0/task:0/device:GPU:1 with 47180 MB memory:  -> device: 1, name: Quadro RTX 8000, pci bus id: 0000:73:00.0, compute capability: 7.5
wandb: Currently logged in as: trapezium (trapezium-wits-university) to https://api.wandb.ai. Use `wandb login --relogin` to force relogin
wandb: creating run
wandb: Tracking run with wandb version 0.21.4
wandb: Run data is saved locally in /home-mscluster/tmazarura/HonoursResearch/src/wandb/run-20251103_005151-o0j64x5h
wandb: Run `wandb offline` to turn off syncing.
wandb: Syncing run mild-lake-46
wandb: ⭐️ View project at https://wandb.ai/trapezium-wits-university/CorrectAE
wandb: 🚀 View run at https://wandb.ai/trapezium-wits-university/CorrectAE/runs/o0j64x5h
2025-11-03 00:52:54.209726: I external/local_xla/xla/service/service.cc:163] XLA service 0x7efd98007560 initialized for platform CUDA (this does not guarantee that XLA will be used). Devices:
2025-11-03 00:52:54.210026: I external/local_xla/xla/service/service.cc:171]   StreamExecutor device (0): Quadro RTX 8000, Compute Capability 7.5
2025-11-03 00:52:54.210035: I external/local_xla/xla/service/service.cc:171]   StreamExecutor device (1): Quadro RTX 8000, Compute Capability 7.5
2025-11-03 00:52:54.408323: I tensorflow/compiler/mlir/tensorflow/utils/dump_mlir_util.cc:269] disabling MLIR crash reproducer, set env var `MLIR_CRASH_REPRODUCER_DIRECTORY` to enable.
2025-11-03 00:52:54.641497: I external/local_xla/xla/stream_executor/cuda/cuda_dnn.cc:473] Loaded cuDNN version 91002
I0000 00:00:1762123976.104033 4082587 device_compiler.h:196] Compiled cluster using XLA!  This line is logged at most once for the lifetime of the process.
2025-11-03 00:56:24.174748: I tensorflow/core/util/port.cc:153] oneDNN custom operations are on. You may see slightly different numerical results due to floating-point round-off errors from different computation orders. To turn them off, set the environment variable `TF_ENABLE_ONEDNN_OPTS=0`.
2025-11-03 00:56:24.226680: I tensorflow/core/platform/cpu_feature_guard.cc:210] This TensorFlow binary is optimized to use available CPU instructions in performance-critical operations.
To enable the following instructions: AVX2 AVX512F AVX512_VNNI FMA, in other operations, rebuild TensorFlow with the appropriate compiler flags.
/home-mscluster/tmazarura/miniconda3/lib/python3.13/site-packages/google/protobuf/runtime_version.py:98: UserWarning: Protobuf gencode version 5.28.3 is exactly one major version older than the runtime version 6.31.1 at tensorflow/core/framework/attr_value.proto. Please update the gencode to avoid compatibility violations in the next runtime release.
  warnings.warn(
/home-mscluster/tmazarura/miniconda3/lib/python3.13/site-packages/google/protobuf/runtime_version.py:98: UserWarning: Protobuf gencode version 5.28.3 is exactly one major version older than the runtime version 6.31.1 at tensorflow/core/framework/tensor.proto. Please update the gencode to avoid compatibility violations in the next runtime release.
  warnings.warn(
/home-mscluster/tmazarura/miniconda3/lib/python3.13/site-packages/google/protobuf/runtime_version.py:98: UserWarning: Protobuf gencode version 5.28.3 is exactly one major version older than the runtime version 6.31.1 at tensorflow/core/framework/resource_handle.proto. Please update the gencode to avoid compatibility violations in the next runtime release.
  warnings.warn(
/home-mscluster/tmazarura/miniconda3/lib/python3.13/site-packages/google/protobuf/runtime_version.py:98: UserWarning: Protobuf gencode version 5.28.3 is exactly one major version older than the runtime version 6.31.1 at tensorflow/core/framework/tensor_shape.proto. Please update the gencode to avoid compatibility violations in the next runtime release.
  warnings.warn(
/home-mscluster/tmazarura/miniconda3/lib/python3.13/site-packages/google/protobuf/runtime_version.py:98: UserWarning: Protobuf gencode version 5.28.3 is exactly one major version older than the runtime version 6.31.1 at tensorflow/core/framework/types.proto. Please update the gencode to avoid compatibility violations in the next runtime release.
  warnings.warn(
/home-mscluster/tmazarura/miniconda3/lib/python3.13/site-packages/google/protobuf/runtime_version.py:98: UserWarning: Protobuf gencode version 5.28.3 is exactly one major version older than the runtime version 6.31.1 at tensorflow/core/framework/full_type.proto. Please update the gencode to avoid compatibility violations in the next runtime release.
  warnings.warn(
/home-mscluster/tmazarura/miniconda3/lib/python3.13/site-packages/google/protobuf/runtime_version.py:98: UserWarning: Protobuf gencode version 5.28.3 is exactly one major version older than the runtime version 6.31.1 at tensorflow/core/framework/function.proto. Please update the gencode to avoid compatibility violations in the next runtime release.
  warnings.warn(
/home-mscluster/tmazarura/miniconda3/lib/python3.13/site-packages/google/protobuf/runtime_version.py:98: UserWarning: Protobuf gencode version 5.28.3 is exactly one major version older than the runtime version 6.31.1 at tensorflow/core/framework/node_def.proto. Please update the gencode to avoid compatibility violations in the next runtime release.
  warnings.warn(
/home-mscluster/tmazarura/miniconda3/lib/python3.13/site-packages/google/protobuf/runtime_version.py:98: UserWarning: Protobuf gencode version 5.28.3 is exactly one major version older than the runtime version 6.31.1 at tensorflow/core/framework/op_def.proto. Please update the gencode to avoid compatibility violations in the next runtime release.
  warnings.warn(
/home-mscluster/tmazarura/miniconda3/lib/python3.13/site-packages/google/protobuf/runtime_version.py:98: UserWarning: Protobuf gencode version 5.28.3 is exactly one major version older than the runtime version 6.31.1 at tensorflow/core/framework/graph.proto. Please update the gencode to avoid compatibility violations in the next runtime release.
  warnings.warn(
/home-mscluster/tmazarura/miniconda3/lib/python3.13/site-packages/google/protobuf/runtime_version.py:98: UserWarning: Protobuf gencode version 5.28.3 is exactly one major version older than the runtime version 6.31.1 at tensorflow/core/framework/graph_debug_info.proto. Please update the gencode to avoid compatibility violations in the next runtime release.
  warnings.warn(
/home-mscluster/tmazarura/miniconda3/lib/python3.13/site-packages/google/protobuf/runtime_version.py:98: UserWarning: Protobuf gencode version 5.28.3 is exactly one major version older than the runtime version 6.31.1 at tensorflow/core/framework/versions.proto. Please update the gencode to avoid compatibility violations in the next runtime release.
  warnings.warn(
/home-mscluster/tmazarura/miniconda3/lib/python3.13/site-packages/google/protobuf/runtime_version.py:98: UserWarning: Protobuf gencode version 5.28.3 is exactly one major version older than the runtime version 6.31.1 at tensorflow/core/protobuf/config.proto. Please update the gencode to avoid compatibility violations in the next runtime release.
  warnings.warn(
/home-mscluster/tmazarura/miniconda3/lib/python3.13/site-packages/google/protobuf/runtime_version.py:98: UserWarning: Protobuf gencode version 5.28.3 is exactly one major version older than the runtime version 6.31.1 at xla/tsl/protobuf/coordination_config.proto. Please update the gencode to avoid compatibility violations in the next runtime release.
  warnings.warn(
/home-mscluster/tmazarura/miniconda3/lib/python3.13/site-packages/google/protobuf/runtime_version.py:98: UserWarning: Protobuf gencode version 5.28.3 is exactly one major version older than the runtime version 6.31.1 at tensorflow/core/framework/cost_graph.proto. Please update the gencode to avoid compatibility violations in the next runtime release.
  warnings.warn(
/home-mscluster/tmazarura/miniconda3/lib/python3.13/site-packages/google/protobuf/runtime_version.py:98: UserWarning: Protobuf gencode version 5.28.3 is exactly one major version older than the runtime version 6.31.1 at tensorflow/core/framework/step_stats.proto. Please update the gencode to avoid compatibility violations in the next runtime release.
  warnings.warn(
/home-mscluster/tmazarura/miniconda3/lib/python3.13/site-packages/google/protobuf/runtime_version.py:98: UserWarning: Protobuf gencode version 5.28.3 is exactly one major version older than the runtime version 6.31.1 at tensorflow/core/framework/allocation_description.proto. Please update the gencode to avoid compatibility violations in the next runtime release.
  warnings.warn(
/home-mscluster/tmazarura/miniconda3/lib/python3.13/site-packages/google/protobuf/runtime_version.py:98: UserWarning: Protobuf gencode version 5.28.3 is exactly one major version older than the runtime version 6.31.1 at tensorflow/core/framework/tensor_description.proto. Please update the gencode to avoid compatibility violations in the next runtime release.
  warnings.warn(
/home-mscluster/tmazarura/miniconda3/lib/python3.13/site-packages/google/protobuf/runtime_version.py:98: UserWarning: Protobuf gencode version 5.28.3 is exactly one major version older than the runtime version 6.31.1 at tensorflow/core/protobuf/cluster.proto. Please update the gencode to avoid compatibility violations in the next runtime release.
  warnings.warn(
/home-mscluster/tmazarura/miniconda3/lib/python3.13/site-packages/google/protobuf/runtime_version.py:98: UserWarning: Protobuf gencode version 5.28.3 is exactly one major version older than the runtime version 6.31.1 at tensorflow/core/protobuf/debug.proto. Please update the gencode to avoid compatibility violations in the next runtime release.
  warnings.warn(
2025-11-03 00:56:31.590009: I tensorflow/core/util/port.cc:153] oneDNN custom operations are on. You may see slightly different numerical results due to floating-point round-off errors from different computation orders. To turn them off, set the environment variable `TF_ENABLE_ONEDNN_OPTS=0`.
WARNING: All log messages before absl::InitializeLog() is called are written to STDERR
I0000 00:00:1762124201.944489 4087876 gpu_device.cc:2020] Created device /job:localhost/replica:0/task:0/device:GPU:0 with 47189 MB memory:  -> device: 0, name: Quadro RTX 8000, pci bus id: 0000:17:00.0, compute capability: 7.5
I0000 00:00:1762124201.945990 4087876 gpu_device.cc:2020] Created device /job:localhost/replica:0/task:0/device:GPU:1 with 47180 MB memory:  -> device: 1, name: Quadro RTX 8000, pci bus id: 0000:73:00.0, compute capability: 7.5
wandb: Currently logged in as: trapezium (trapezium-wits-university) to https://api.wandb.ai. Use `wandb login --relogin` to force relogin
wandb: creating run
wandb: Tracking run with wandb version 0.21.4
wandb: Run data is saved locally in /home-mscluster/tmazarura/HonoursResearch/src/wandb/run-20251103_005645-2m6wd0x6
wandb: Run `wandb offline` to turn off syncing.
wandb: Syncing run fancy-moon-47
wandb: ⭐️ View project at https://wandb.ai/trapezium-wits-university/CorrectAE
wandb: 🚀 View run at https://wandb.ai/trapezium-wits-university/CorrectAE/runs/2m6wd0x6
2025-11-03 00:57:48.625224: I external/local_xla/xla/service/service.cc:163] XLA service 0x7f4da001ebb0 initialized for platform CUDA (this does not guarantee that XLA will be used). Devices:
2025-11-03 00:57:48.625266: I external/local_xla/xla/service/service.cc:171]   StreamExecutor device (0): Quadro RTX 8000, Compute Capability 7.5
2025-11-03 00:57:48.625271: I external/local_xla/xla/service/service.cc:171]   StreamExecutor device (1): Quadro RTX 8000, Compute Capability 7.5
2025-11-03 00:57:48.836277: I tensorflow/compiler/mlir/tensorflow/utils/dump_mlir_util.cc:269] disabling MLIR crash reproducer, set env var `MLIR_CRASH_REPRODUCER_DIRECTORY` to enable.
2025-11-03 00:57:49.062525: I external/local_xla/xla/stream_executor/cuda/cuda_dnn.cc:473] Loaded cuDNN version 91002
I0000 00:00:1762124270.532436 4088237 device_compiler.h:196] Compiled cluster using XLA!  This line is logged at most once for the lifetime of the process.
2025-11-03 01:01:58.978123: I tensorflow/core/util/port.cc:153] oneDNN custom operations are on. You may see slightly different numerical results due to floating-point round-off errors from different computation orders. To turn them off, set the environment variable `TF_ENABLE_ONEDNN_OPTS=0`.
2025-11-03 01:01:59.028792: I tensorflow/core/platform/cpu_feature_guard.cc:210] This TensorFlow binary is optimized to use available CPU instructions in performance-critical operations.
To enable the following instructions: AVX2 AVX512F AVX512_VNNI FMA, in other operations, rebuild TensorFlow with the appropriate compiler flags.
/home-mscluster/tmazarura/miniconda3/lib/python3.13/site-packages/google/protobuf/runtime_version.py:98: UserWarning: Protobuf gencode version 5.28.3 is exactly one major version older than the runtime version 6.31.1 at tensorflow/core/framework/attr_value.proto. Please update the gencode to avoid compatibility violations in the next runtime release.
  warnings.warn(
/home-mscluster/tmazarura/miniconda3/lib/python3.13/site-packages/google/protobuf/runtime_version.py:98: UserWarning: Protobuf gencode version 5.28.3 is exactly one major version older than the runtime version 6.31.1 at tensorflow/core/framework/tensor.proto. Please update the gencode to avoid compatibility violations in the next runtime release.
  warnings.warn(
/home-mscluster/tmazarura/miniconda3/lib/python3.13/site-packages/google/protobuf/runtime_version.py:98: UserWarning: Protobuf gencode version 5.28.3 is exactly one major version older than the runtime version 6.31.1 at tensorflow/core/framework/resource_handle.proto. Please update the gencode to avoid compatibility violations in the next runtime release.
  warnings.warn(
/home-mscluster/tmazarura/miniconda3/lib/python3.13/site-packages/google/protobuf/runtime_version.py:98: UserWarning: Protobuf gencode version 5.28.3 is exactly one major version older than the runtime version 6.31.1 at tensorflow/core/framework/tensor_shape.proto. Please update the gencode to avoid compatibility violations in the next runtime release.
  warnings.warn(
/home-mscluster/tmazarura/miniconda3/lib/python3.13/site-packages/google/protobuf/runtime_version.py:98: UserWarning: Protobuf gencode version 5.28.3 is exactly one major version older than the runtime version 6.31.1 at tensorflow/core/framework/types.proto. Please update the gencode to avoid compatibility violations in the next runtime release.
  warnings.warn(
/home-mscluster/tmazarura/miniconda3/lib/python3.13/site-packages/google/protobuf/runtime_version.py:98: UserWarning: Protobuf gencode version 5.28.3 is exactly one major version older than the runtime version 6.31.1 at tensorflow/core/framework/full_type.proto. Please update the gencode to avoid compatibility violations in the next runtime release.
  warnings.warn(
/home-mscluster/tmazarura/miniconda3/lib/python3.13/site-packages/google/protobuf/runtime_version.py:98: UserWarning: Protobuf gencode version 5.28.3 is exactly one major version older than the runtime version 6.31.1 at tensorflow/core/framework/function.proto. Please update the gencode to avoid compatibility violations in the next runtime release.
  warnings.warn(
/home-mscluster/tmazarura/miniconda3/lib/python3.13/site-packages/google/protobuf/runtime_version.py:98: UserWarning: Protobuf gencode version 5.28.3 is exactly one major version older than the runtime version 6.31.1 at tensorflow/core/framework/node_def.proto. Please update the gencode to avoid compatibility violations in the next runtime release.
  warnings.warn(
/home-mscluster/tmazarura/miniconda3/lib/python3.13/site-packages/google/protobuf/runtime_version.py:98: UserWarning: Protobuf gencode version 5.28.3 is exactly one major version older than the runtime version 6.31.1 at tensorflow/core/framework/op_def.proto. Please update the gencode to avoid compatibility violations in the next runtime release.
  warnings.warn(
/home-mscluster/tmazarura/miniconda3/lib/python3.13/site-packages/google/protobuf/runtime_version.py:98: UserWarning: Protobuf gencode version 5.28.3 is exactly one major version older than the runtime version 6.31.1 at tensorflow/core/framework/graph.proto. Please update the gencode to avoid compatibility violations in the next runtime release.
  warnings.warn(
/home-mscluster/tmazarura/miniconda3/lib/python3.13/site-packages/google/protobuf/runtime_version.py:98: UserWarning: Protobuf gencode version 5.28.3 is exactly one major version older than the runtime version 6.31.1 at tensorflow/core/framework/graph_debug_info.proto. Please update the gencode to avoid compatibility violations in the next runtime release.
  warnings.warn(
/home-mscluster/tmazarura/miniconda3/lib/python3.13/site-packages/google/protobuf/runtime_version.py:98: UserWarning: Protobuf gencode version 5.28.3 is exactly one major version older than the runtime version 6.31.1 at tensorflow/core/framework/versions.proto. Please update the gencode to avoid compatibility violations in the next runtime release.
  warnings.warn(
/home-mscluster/tmazarura/miniconda3/lib/python3.13/site-packages/google/protobuf/runtime_version.py:98: UserWarning: Protobuf gencode version 5.28.3 is exactly one major version older than the runtime version 6.31.1 at tensorflow/core/protobuf/config.proto. Please update the gencode to avoid compatibility violations in the next runtime release.
  warnings.warn(
/home-mscluster/tmazarura/miniconda3/lib/python3.13/site-packages/google/protobuf/runtime_version.py:98: UserWarning: Protobuf gencode version 5.28.3 is exactly one major version older than the runtime version 6.31.1 at xla/tsl/protobuf/coordination_config.proto. Please update the gencode to avoid compatibility violations in the next runtime release.
  warnings.warn(
/home-mscluster/tmazarura/miniconda3/lib/python3.13/site-packages/google/protobuf/runtime_version.py:98: UserWarning: Protobuf gencode version 5.28.3 is exactly one major version older than the runtime version 6.31.1 at tensorflow/core/framework/cost_graph.proto. Please update the gencode to avoid compatibility violations in the next runtime release.
  warnings.warn(
/home-mscluster/tmazarura/miniconda3/lib/python3.13/site-packages/google/protobuf/runtime_version.py:98: UserWarning: Protobuf gencode version 5.28.3 is exactly one major version older than the runtime version 6.31.1 at tensorflow/core/framework/step_stats.proto. Please update the gencode to avoid compatibility violations in the next runtime release.
  warnings.warn(
/home-mscluster/tmazarura/miniconda3/lib/python3.13/site-packages/google/protobuf/runtime_version.py:98: UserWarning: Protobuf gencode version 5.28.3 is exactly one major version older than the runtime version 6.31.1 at tensorflow/core/framework/allocation_description.proto. Please update the gencode to avoid compatibility violations in the next runtime release.
  warnings.warn(
/home-mscluster/tmazarura/miniconda3/lib/python3.13/site-packages/google/protobuf/runtime_version.py:98: UserWarning: Protobuf gencode version 5.28.3 is exactly one major version older than the runtime version 6.31.1 at tensorflow/core/framework/tensor_description.proto. Please update the gencode to avoid compatibility violations in the next runtime release.
  warnings.warn(
/home-mscluster/tmazarura/miniconda3/lib/python3.13/site-packages/google/protobuf/runtime_version.py:98: UserWarning: Protobuf gencode version 5.28.3 is exactly one major version older than the runtime version 6.31.1 at tensorflow/core/protobuf/cluster.proto. Please update the gencode to avoid compatibility violations in the next runtime release.
  warnings.warn(
/home-mscluster/tmazarura/miniconda3/lib/python3.13/site-packages/google/protobuf/runtime_version.py:98: UserWarning: Protobuf gencode version 5.28.3 is exactly one major version older than the runtime version 6.31.1 at tensorflow/core/protobuf/debug.proto. Please update the gencode to avoid compatibility violations in the next runtime release.
  warnings.warn(
2025-11-03 01:02:07.170733: I tensorflow/core/util/port.cc:153] oneDNN custom operations are on. You may see slightly different numerical results due to floating-point round-off errors from different computation orders. To turn them off, set the environment variable `TF_ENABLE_ONEDNN_OPTS=0`.
WARNING: All log messages before absl::InitializeLog() is called are written to STDERR
I0000 00:00:1762124539.330254 4094511 gpu_device.cc:2020] Created device /job:localhost/replica:0/task:0/device:GPU:0 with 47189 MB memory:  -> device: 0, name: Quadro RTX 8000, pci bus id: 0000:17:00.0, compute capability: 7.5
I0000 00:00:1762124539.331737 4094511 gpu_device.cc:2020] Created device /job:localhost/replica:0/task:0/device:GPU:1 with 47180 MB memory:  -> device: 1, name: Quadro RTX 8000, pci bus id: 0000:73:00.0, compute capability: 7.5
wandb: Currently logged in as: trapezium (trapezium-wits-university) to https://api.wandb.ai. Use `wandb login --relogin` to force relogin
wandb: creating run
wandb: Tracking run with wandb version 0.21.4
wandb: Run data is saved locally in /home-mscluster/tmazarura/HonoursResearch/src/wandb/run-20251103_010223-m4naxsj8
wandb: Run `wandb offline` to turn off syncing.
wandb: Syncing run pretty-salad-49
wandb: ⭐️ View project at https://wandb.ai/trapezium-wits-university/CorrectAE
wandb: 🚀 View run at https://wandb.ai/trapezium-wits-university/CorrectAE/runs/m4naxsj8
2025-11-03 01:03:25.819664: I external/local_xla/xla/service/service.cc:163] XLA service 0x7f72d00205a0 initialized for platform CUDA (this does not guarantee that XLA will be used). Devices:
2025-11-03 01:03:25.819998: I external/local_xla/xla/service/service.cc:171]   StreamExecutor device (0): Quadro RTX 8000, Compute Capability 7.5
2025-11-03 01:03:25.820007: I external/local_xla/xla/service/service.cc:171]   StreamExecutor device (1): Quadro RTX 8000, Compute Capability 7.5
2025-11-03 01:03:26.002533: I tensorflow/compiler/mlir/tensorflow/utils/dump_mlir_util.cc:269] disabling MLIR crash reproducer, set env var `MLIR_CRASH_REPRODUCER_DIRECTORY` to enable.
2025-11-03 01:03:26.209777: I external/local_xla/xla/stream_executor/cuda/cuda_dnn.cc:473] Loaded cuDNN version 91002
I0000 00:00:1762124607.666226 4094876 device_compiler.h:196] Compiled cluster using XLA!  This line is logged at most once for the lifetime of the process.
2025-11-03 01:07:58.714128: I tensorflow/core/util/port.cc:153] oneDNN custom operations are on. You may see slightly different numerical results due to floating-point round-off errors from different computation orders. To turn them off, set the environment variable `TF_ENABLE_ONEDNN_OPTS=0`.
2025-11-03 01:07:58.775688: I tensorflow/core/platform/cpu_feature_guard.cc:210] This TensorFlow binary is optimized to use available CPU instructions in performance-critical operations.
To enable the following instructions: AVX2 AVX512F AVX512_VNNI FMA, in other operations, rebuild TensorFlow with the appropriate compiler flags.
/home-mscluster/tmazarura/miniconda3/lib/python3.13/site-packages/google/protobuf/runtime_version.py:98: UserWarning: Protobuf gencode version 5.28.3 is exactly one major version older than the runtime version 6.31.1 at tensorflow/core/framework/attr_value.proto. Please update the gencode to avoid compatibility violations in the next runtime release.
  warnings.warn(
/home-mscluster/tmazarura/miniconda3/lib/python3.13/site-packages/google/protobuf/runtime_version.py:98: UserWarning: Protobuf gencode version 5.28.3 is exactly one major version older than the runtime version 6.31.1 at tensorflow/core/framework/tensor.proto. Please update the gencode to avoid compatibility violations in the next runtime release.
  warnings.warn(
/home-mscluster/tmazarura/miniconda3/lib/python3.13/site-packages/google/protobuf/runtime_version.py:98: UserWarning: Protobuf gencode version 5.28.3 is exactly one major version older than the runtime version 6.31.1 at tensorflow/core/framework/resource_handle.proto. Please update the gencode to avoid compatibility violations in the next runtime release.
  warnings.warn(
/home-mscluster/tmazarura/miniconda3/lib/python3.13/site-packages/google/protobuf/runtime_version.py:98: UserWarning: Protobuf gencode version 5.28.3 is exactly one major version older than the runtime version 6.31.1 at tensorflow/core/framework/tensor_shape.proto. Please update the gencode to avoid compatibility violations in the next runtime release.
  warnings.warn(
/home-mscluster/tmazarura/miniconda3/lib/python3.13/site-packages/google/protobuf/runtime_version.py:98: UserWarning: Protobuf gencode version 5.28.3 is exactly one major version older than the runtime version 6.31.1 at tensorflow/core/framework/types.proto. Please update the gencode to avoid compatibility violations in the next runtime release.
  warnings.warn(
/home-mscluster/tmazarura/miniconda3/lib/python3.13/site-packages/google/protobuf/runtime_version.py:98: UserWarning: Protobuf gencode version 5.28.3 is exactly one major version older than the runtime version 6.31.1 at tensorflow/core/framework/full_type.proto. Please update the gencode to avoid compatibility violations in the next runtime release.
  warnings.warn(
/home-mscluster/tmazarura/miniconda3/lib/python3.13/site-packages/google/protobuf/runtime_version.py:98: UserWarning: Protobuf gencode version 5.28.3 is exactly one major version older than the runtime version 6.31.1 at tensorflow/core/framework/function.proto. Please update the gencode to avoid compatibility violations in the next runtime release.
  warnings.warn(
/home-mscluster/tmazarura/miniconda3/lib/python3.13/site-packages/google/protobuf/runtime_version.py:98: UserWarning: Protobuf gencode version 5.28.3 is exactly one major version older than the runtime version 6.31.1 at tensorflow/core/framework/node_def.proto. Please update the gencode to avoid compatibility violations in the next runtime release.
  warnings.warn(
/home-mscluster/tmazarura/miniconda3/lib/python3.13/site-packages/google/protobuf/runtime_version.py:98: UserWarning: Protobuf gencode version 5.28.3 is exactly one major version older than the runtime version 6.31.1 at tensorflow/core/framework/op_def.proto. Please update the gencode to avoid compatibility violations in the next runtime release.
  warnings.warn(
/home-mscluster/tmazarura/miniconda3/lib/python3.13/site-packages/google/protobuf/runtime_version.py:98: UserWarning: Protobuf gencode version 5.28.3 is exactly one major version older than the runtime version 6.31.1 at tensorflow/core/framework/graph.proto. Please update the gencode to avoid compatibility violations in the next runtime release.
  warnings.warn(
/home-mscluster/tmazarura/miniconda3/lib/python3.13/site-packages/google/protobuf/runtime_version.py:98: UserWarning: Protobuf gencode version 5.28.3 is exactly one major version older than the runtime version 6.31.1 at tensorflow/core/framework/graph_debug_info.proto. Please update the gencode to avoid compatibility violations in the next runtime release.
  warnings.warn(
/home-mscluster/tmazarura/miniconda3/lib/python3.13/site-packages/google/protobuf/runtime_version.py:98: UserWarning: Protobuf gencode version 5.28.3 is exactly one major version older than the runtime version 6.31.1 at tensorflow/core/framework/versions.proto. Please update the gencode to avoid compatibility violations in the next runtime release.
  warnings.warn(
/home-mscluster/tmazarura/miniconda3/lib/python3.13/site-packages/google/protobuf/runtime_version.py:98: UserWarning: Protobuf gencode version 5.28.3 is exactly one major version older than the runtime version 6.31.1 at tensorflow/core/protobuf/config.proto. Please update the gencode to avoid compatibility violations in the next runtime release.
  warnings.warn(
/home-mscluster/tmazarura/miniconda3/lib/python3.13/site-packages/google/protobuf/runtime_version.py:98: UserWarning: Protobuf gencode version 5.28.3 is exactly one major version older than the runtime version 6.31.1 at xla/tsl/protobuf/coordination_config.proto. Please update the gencode to avoid compatibility violations in the next runtime release.
  warnings.warn(
/home-mscluster/tmazarura/miniconda3/lib/python3.13/site-packages/google/protobuf/runtime_version.py:98: UserWarning: Protobuf gencode version 5.28.3 is exactly one major version older than the runtime version 6.31.1 at tensorflow/core/framework/cost_graph.proto. Please update the gencode to avoid compatibility violations in the next runtime release.
  warnings.warn(
/home-mscluster/tmazarura/miniconda3/lib/python3.13/site-packages/google/protobuf/runtime_version.py:98: UserWarning: Protobuf gencode version 5.28.3 is exactly one major version older than the runtime version 6.31.1 at tensorflow/core/framework/step_stats.proto. Please update the gencode to avoid compatibility violations in the next runtime release.
  warnings.warn(
/home-mscluster/tmazarura/miniconda3/lib/python3.13/site-packages/google/protobuf/runtime_version.py:98: UserWarning: Protobuf gencode version 5.28.3 is exactly one major version older than the runtime version 6.31.1 at tensorflow/core/framework/allocation_description.proto. Please update the gencode to avoid compatibility violations in the next runtime release.
  warnings.warn(
/home-mscluster/tmazarura/miniconda3/lib/python3.13/site-packages/google/protobuf/runtime_version.py:98: UserWarning: Protobuf gencode version 5.28.3 is exactly one major version older than the runtime version 6.31.1 at tensorflow/core/framework/tensor_description.proto. Please update the gencode to avoid compatibility violations in the next runtime release.
  warnings.warn(
/home-mscluster/tmazarura/miniconda3/lib/python3.13/site-packages/google/protobuf/runtime_version.py:98: UserWarning: Protobuf gencode version 5.28.3 is exactly one major version older than the runtime version 6.31.1 at tensorflow/core/protobuf/cluster.proto. Please update the gencode to avoid compatibility violations in the next runtime release.
  warnings.warn(
/home-mscluster/tmazarura/miniconda3/lib/python3.13/site-packages/google/protobuf/runtime_version.py:98: UserWarning: Protobuf gencode version 5.28.3 is exactly one major version older than the runtime version 6.31.1 at tensorflow/core/protobuf/debug.proto. Please update the gencode to avoid compatibility violations in the next runtime release.
  warnings.warn(
2025-11-03 01:08:03.807328: I tensorflow/core/util/port.cc:153] oneDNN custom operations are on. You may see slightly different numerical results due to floating-point round-off errors from different computation orders. To turn them off, set the environment variable `TF_ENABLE_ONEDNN_OPTS=0`.
WARNING: All log messages before absl::InitializeLog() is called are written to STDERR
I0000 00:00:1762124890.695887 4101534 gpu_device.cc:2020] Created device /job:localhost/replica:0/task:0/device:GPU:0 with 47189 MB memory:  -> device: 0, name: Quadro RTX 8000, pci bus id: 0000:17:00.0, compute capability: 7.5
I0000 00:00:1762124890.697336 4101534 gpu_device.cc:2020] Created device /job:localhost/replica:0/task:0/device:GPU:1 with 47180 MB memory:  -> device: 1, name: Quadro RTX 8000, pci bus id: 0000:73:00.0, compute capability: 7.5
wandb: Currently logged in as: trapezium (trapezium-wits-university) to https://api.wandb.ai. Use `wandb login --relogin` to force relogin
wandb: creating run
wandb: Tracking run with wandb version 0.21.4
wandb: Run data is saved locally in /home-mscluster/tmazarura/HonoursResearch/src/wandb/run-20251103_010814-kvt59nkc
wandb: Run `wandb offline` to turn off syncing.
wandb: Syncing run flowing-snow-52
wandb: ⭐️ View project at https://wandb.ai/trapezium-wits-university/CorrectAE
wandb: 🚀 View run at https://wandb.ai/trapezium-wits-university/CorrectAE/runs/kvt59nkc
2025-11-03 01:09:19.240133: I external/local_xla/xla/service/service.cc:163] XLA service 0x7fcf54002c20 initialized for platform CUDA (this does not guarantee that XLA will be used). Devices:
2025-11-03 01:09:19.241545: I external/local_xla/xla/service/service.cc:171]   StreamExecutor device (0): Quadro RTX 8000, Compute Capability 7.5
2025-11-03 01:09:19.241586: I external/local_xla/xla/service/service.cc:171]   StreamExecutor device (1): Quadro RTX 8000, Compute Capability 7.5
2025-11-03 01:09:19.457752: I tensorflow/compiler/mlir/tensorflow/utils/dump_mlir_util.cc:269] disabling MLIR crash reproducer, set env var `MLIR_CRASH_REPRODUCER_DIRECTORY` to enable.
2025-11-03 01:09:19.708256: I external/local_xla/xla/stream_executor/cuda/cuda_dnn.cc:473] Loaded cuDNN version 91002
I0000 00:00:1762124961.194218 4101895 device_compiler.h:196] Compiled cluster using XLA!  This line is logged at most once for the lifetime of the process.
2025-11-03 01:13:15.416541: I tensorflow/core/util/port.cc:153] oneDNN custom operations are on. You may see slightly different numerical results due to floating-point round-off errors from different computation orders. To turn them off, set the environment variable `TF_ENABLE_ONEDNN_OPTS=0`.
2025-11-03 01:13:15.469081: I tensorflow/core/platform/cpu_feature_guard.cc:210] This TensorFlow binary is optimized to use available CPU instructions in performance-critical operations.
To enable the following instructions: AVX2 AVX512F AVX512_VNNI FMA, in other operations, rebuild TensorFlow with the appropriate compiler flags.
/home-mscluster/tmazarura/miniconda3/lib/python3.13/site-packages/google/protobuf/runtime_version.py:98: UserWarning: Protobuf gencode version 5.28.3 is exactly one major version older than the runtime version 6.31.1 at tensorflow/core/framework/attr_value.proto. Please update the gencode to avoid compatibility violations in the next runtime release.
  warnings.warn(
/home-mscluster/tmazarura/miniconda3/lib/python3.13/site-packages/google/protobuf/runtime_version.py:98: UserWarning: Protobuf gencode version 5.28.3 is exactly one major version older than the runtime version 6.31.1 at tensorflow/core/framework/tensor.proto. Please update the gencode to avoid compatibility violations in the next runtime release.
  warnings.warn(
/home-mscluster/tmazarura/miniconda3/lib/python3.13/site-packages/google/protobuf/runtime_version.py:98: UserWarning: Protobuf gencode version 5.28.3 is exactly one major version older than the runtime version 6.31.1 at tensorflow/core/framework/resource_handle.proto. Please update the gencode to avoid compatibility violations in the next runtime release.
  warnings.warn(
/home-mscluster/tmazarura/miniconda3/lib/python3.13/site-packages/google/protobuf/runtime_version.py:98: UserWarning: Protobuf gencode version 5.28.3 is exactly one major version older than the runtime version 6.31.1 at tensorflow/core/framework/tensor_shape.proto. Please update the gencode to avoid compatibility violations in the next runtime release.
  warnings.warn(
/home-mscluster/tmazarura/miniconda3/lib/python3.13/site-packages/google/protobuf/runtime_version.py:98: UserWarning: Protobuf gencode version 5.28.3 is exactly one major version older than the runtime version 6.31.1 at tensorflow/core/framework/types.proto. Please update the gencode to avoid compatibility violations in the next runtime release.
  warnings.warn(
/home-mscluster/tmazarura/miniconda3/lib/python3.13/site-packages/google/protobuf/runtime_version.py:98: UserWarning: Protobuf gencode version 5.28.3 is exactly one major version older than the runtime version 6.31.1 at tensorflow/core/framework/full_type.proto. Please update the gencode to avoid compatibility violations in the next runtime release.
  warnings.warn(
/home-mscluster/tmazarura/miniconda3/lib/python3.13/site-packages/google/protobuf/runtime_version.py:98: UserWarning: Protobuf gencode version 5.28.3 is exactly one major version older than the runtime version 6.31.1 at tensorflow/core/framework/function.proto. Please update the gencode to avoid compatibility violations in the next runtime release.
  warnings.warn(
/home-mscluster/tmazarura/miniconda3/lib/python3.13/site-packages/google/protobuf/runtime_version.py:98: UserWarning: Protobuf gencode version 5.28.3 is exactly one major version older than the runtime version 6.31.1 at tensorflow/core/framework/node_def.proto. Please update the gencode to avoid compatibility violations in the next runtime release.
  warnings.warn(
/home-mscluster/tmazarura/miniconda3/lib/python3.13/site-packages/google/protobuf/runtime_version.py:98: UserWarning: Protobuf gencode version 5.28.3 is exactly one major version older than the runtime version 6.31.1 at tensorflow/core/framework/op_def.proto. Please update the gencode to avoid compatibility violations in the next runtime release.
  warnings.warn(
/home-mscluster/tmazarura/miniconda3/lib/python3.13/site-packages/google/protobuf/runtime_version.py:98: UserWarning: Protobuf gencode version 5.28.3 is exactly one major version older than the runtime version 6.31.1 at tensorflow/core/framework/graph.proto. Please update the gencode to avoid compatibility violations in the next runtime release.
  warnings.warn(
/home-mscluster/tmazarura/miniconda3/lib/python3.13/site-packages/google/protobuf/runtime_version.py:98: UserWarning: Protobuf gencode version 5.28.3 is exactly one major version older than the runtime version 6.31.1 at tensorflow/core/framework/graph_debug_info.proto. Please update the gencode to avoid compatibility violations in the next runtime release.
  warnings.warn(
/home-mscluster/tmazarura/miniconda3/lib/python3.13/site-packages/google/protobuf/runtime_version.py:98: UserWarning: Protobuf gencode version 5.28.3 is exactly one major version older than the runtime version 6.31.1 at tensorflow/core/framework/versions.proto. Please update the gencode to avoid compatibility violations in the next runtime release.
  warnings.warn(
/home-mscluster/tmazarura/miniconda3/lib/python3.13/site-packages/google/protobuf/runtime_version.py:98: UserWarning: Protobuf gencode version 5.28.3 is exactly one major version older than the runtime version 6.31.1 at tensorflow/core/protobuf/config.proto. Please update the gencode to avoid compatibility violations in the next runtime release.
  warnings.warn(
/home-mscluster/tmazarura/miniconda3/lib/python3.13/site-packages/google/protobuf/runtime_version.py:98: UserWarning: Protobuf gencode version 5.28.3 is exactly one major version older than the runtime version 6.31.1 at xla/tsl/protobuf/coordination_config.proto. Please update the gencode to avoid compatibility violations in the next runtime release.
  warnings.warn(
/home-mscluster/tmazarura/miniconda3/lib/python3.13/site-packages/google/protobuf/runtime_version.py:98: UserWarning: Protobuf gencode version 5.28.3 is exactly one major version older than the runtime version 6.31.1 at tensorflow/core/framework/cost_graph.proto. Please update the gencode to avoid compatibility violations in the next runtime release.
  warnings.warn(
/home-mscluster/tmazarura/miniconda3/lib/python3.13/site-packages/google/protobuf/runtime_version.py:98: UserWarning: Protobuf gencode version 5.28.3 is exactly one major version older than the runtime version 6.31.1 at tensorflow/core/framework/step_stats.proto. Please update the gencode to avoid compatibility violations in the next runtime release.
  warnings.warn(
/home-mscluster/tmazarura/miniconda3/lib/python3.13/site-packages/google/protobuf/runtime_version.py:98: UserWarning: Protobuf gencode version 5.28.3 is exactly one major version older than the runtime version 6.31.1 at tensorflow/core/framework/allocation_description.proto. Please update the gencode to avoid compatibility violations in the next runtime release.
  warnings.warn(
/home-mscluster/tmazarura/miniconda3/lib/python3.13/site-packages/google/protobuf/runtime_version.py:98: UserWarning: Protobuf gencode version 5.28.3 is exactly one major version older than the runtime version 6.31.1 at tensorflow/core/framework/tensor_description.proto. Please update the gencode to avoid compatibility violations in the next runtime release.
  warnings.warn(
/home-mscluster/tmazarura/miniconda3/lib/python3.13/site-packages/google/protobuf/runtime_version.py:98: UserWarning: Protobuf gencode version 5.28.3 is exactly one major version older than the runtime version 6.31.1 at tensorflow/core/protobuf/cluster.proto. Please update the gencode to avoid compatibility violations in the next runtime release.
  warnings.warn(
/home-mscluster/tmazarura/miniconda3/lib/python3.13/site-packages/google/protobuf/runtime_version.py:98: UserWarning: Protobuf gencode version 5.28.3 is exactly one major version older than the runtime version 6.31.1 at tensorflow/core/protobuf/debug.proto. Please update the gencode to avoid compatibility violations in the next runtime release.
  warnings.warn(
2025-11-03 01:13:24.876044: I tensorflow/core/util/port.cc:153] oneDNN custom operations are on. You may see slightly different numerical results due to floating-point round-off errors from different computation orders. To turn them off, set the environment variable `TF_ENABLE_ONEDNN_OPTS=0`.
WARNING: All log messages before absl::InitializeLog() is called are written to STDERR
I0000 00:00:1762125216.863186 4108094 gpu_device.cc:2020] Created device /job:localhost/replica:0/task:0/device:GPU:0 with 47189 MB memory:  -> device: 0, name: Quadro RTX 8000, pci bus id: 0000:17:00.0, compute capability: 7.5
I0000 00:00:1762125216.864694 4108094 gpu_device.cc:2020] Created device /job:localhost/replica:0/task:0/device:GPU:1 with 47180 MB memory:  -> device: 1, name: Quadro RTX 8000, pci bus id: 0000:73:00.0, compute capability: 7.5
wandb: Currently logged in as: trapezium (trapezium-wits-university) to https://api.wandb.ai. Use `wandb login --relogin` to force relogin
wandb: creating run
wandb: Tracking run with wandb version 0.21.4
wandb: Run data is saved locally in /home-mscluster/tmazarura/HonoursResearch/src/wandb/run-20251103_011340-bl2tobiv
wandb: Run `wandb offline` to turn off syncing.
wandb: Syncing run dazzling-cosmos-53
wandb: ⭐️ View project at https://wandb.ai/trapezium-wits-university/CorrectAE
wandb: 🚀 View run at https://wandb.ai/trapezium-wits-university/CorrectAE/runs/bl2tobiv
2025-11-03 01:14:44.973256: I external/local_xla/xla/service/service.cc:163] XLA service 0x7f5de0004880 initialized for platform CUDA (this does not guarantee that XLA will be used). Devices:
2025-11-03 01:14:44.973646: I external/local_xla/xla/service/service.cc:171]   StreamExecutor device (0): Quadro RTX 8000, Compute Capability 7.5
2025-11-03 01:14:44.973664: I external/local_xla/xla/service/service.cc:171]   StreamExecutor device (1): Quadro RTX 8000, Compute Capability 7.5
2025-11-03 01:14:45.187166: I tensorflow/compiler/mlir/tensorflow/utils/dump_mlir_util.cc:269] disabling MLIR crash reproducer, set env var `MLIR_CRASH_REPRODUCER_DIRECTORY` to enable.
2025-11-03 01:14:45.412119: I external/local_xla/xla/stream_executor/cuda/cuda_dnn.cc:473] Loaded cuDNN version 91002
I0000 00:00:1762125286.933453 4108452 device_compiler.h:196] Compiled cluster using XLA!  This line is logged at most once for the lifetime of the process.
2025-11-03 01:20:57.928838: I tensorflow/core/util/port.cc:153] oneDNN custom operations are on. You may see slightly different numerical results due to floating-point round-off errors from different computation orders. To turn them off, set the environment variable `TF_ENABLE_ONEDNN_OPTS=0`.
2025-11-03 01:20:57.980279: I tensorflow/core/platform/cpu_feature_guard.cc:210] This TensorFlow binary is optimized to use available CPU instructions in performance-critical operations.
To enable the following instructions: AVX2 AVX512F AVX512_VNNI FMA, in other operations, rebuild TensorFlow with the appropriate compiler flags.
/home-mscluster/tmazarura/miniconda3/lib/python3.13/site-packages/google/protobuf/runtime_version.py:98: UserWarning: Protobuf gencode version 5.28.3 is exactly one major version older than the runtime version 6.31.1 at tensorflow/core/framework/attr_value.proto. Please update the gencode to avoid compatibility violations in the next runtime release.
  warnings.warn(
/home-mscluster/tmazarura/miniconda3/lib/python3.13/site-packages/google/protobuf/runtime_version.py:98: UserWarning: Protobuf gencode version 5.28.3 is exactly one major version older than the runtime version 6.31.1 at tensorflow/core/framework/tensor.proto. Please update the gencode to avoid compatibility violations in the next runtime release.
  warnings.warn(
/home-mscluster/tmazarura/miniconda3/lib/python3.13/site-packages/google/protobuf/runtime_version.py:98: UserWarning: Protobuf gencode version 5.28.3 is exactly one major version older than the runtime version 6.31.1 at tensorflow/core/framework/resource_handle.proto. Please update the gencode to avoid compatibility violations in the next runtime release.
  warnings.warn(
/home-mscluster/tmazarura/miniconda3/lib/python3.13/site-packages/google/protobuf/runtime_version.py:98: UserWarning: Protobuf gencode version 5.28.3 is exactly one major version older than the runtime version 6.31.1 at tensorflow/core/framework/tensor_shape.proto. Please update the gencode to avoid compatibility violations in the next runtime release.
  warnings.warn(
/home-mscluster/tmazarura/miniconda3/lib/python3.13/site-packages/google/protobuf/runtime_version.py:98: UserWarning: Protobuf gencode version 5.28.3 is exactly one major version older than the runtime version 6.31.1 at tensorflow/core/framework/types.proto. Please update the gencode to avoid compatibility violations in the next runtime release.
  warnings.warn(
/home-mscluster/tmazarura/miniconda3/lib/python3.13/site-packages/google/protobuf/runtime_version.py:98: UserWarning: Protobuf gencode version 5.28.3 is exactly one major version older than the runtime version 6.31.1 at tensorflow/core/framework/full_type.proto. Please update the gencode to avoid compatibility violations in the next runtime release.
  warnings.warn(
/home-mscluster/tmazarura/miniconda3/lib/python3.13/site-packages/google/protobuf/runtime_version.py:98: UserWarning: Protobuf gencode version 5.28.3 is exactly one major version older than the runtime version 6.31.1 at tensorflow/core/framework/function.proto. Please update the gencode to avoid compatibility violations in the next runtime release.
  warnings.warn(
/home-mscluster/tmazarura/miniconda3/lib/python3.13/site-packages/google/protobuf/runtime_version.py:98: UserWarning: Protobuf gencode version 5.28.3 is exactly one major version older than the runtime version 6.31.1 at tensorflow/core/framework/node_def.proto. Please update the gencode to avoid compatibility violations in the next runtime release.
  warnings.warn(
/home-mscluster/tmazarura/miniconda3/lib/python3.13/site-packages/google/protobuf/runtime_version.py:98: UserWarning: Protobuf gencode version 5.28.3 is exactly one major version older than the runtime version 6.31.1 at tensorflow/core/framework/op_def.proto. Please update the gencode to avoid compatibility violations in the next runtime release.
  warnings.warn(
/home-mscluster/tmazarura/miniconda3/lib/python3.13/site-packages/google/protobuf/runtime_version.py:98: UserWarning: Protobuf gencode version 5.28.3 is exactly one major version older than the runtime version 6.31.1 at tensorflow/core/framework/graph.proto. Please update the gencode to avoid compatibility violations in the next runtime release.
  warnings.warn(
/home-mscluster/tmazarura/miniconda3/lib/python3.13/site-packages/google/protobuf/runtime_version.py:98: UserWarning: Protobuf gencode version 5.28.3 is exactly one major version older than the runtime version 6.31.1 at tensorflow/core/framework/graph_debug_info.proto. Please update the gencode to avoid compatibility violations in the next runtime release.
  warnings.warn(
/home-mscluster/tmazarura/miniconda3/lib/python3.13/site-packages/google/protobuf/runtime_version.py:98: UserWarning: Protobuf gencode version 5.28.3 is exactly one major version older than the runtime version 6.31.1 at tensorflow/core/framework/versions.proto. Please update the gencode to avoid compatibility violations in the next runtime release.
  warnings.warn(
/home-mscluster/tmazarura/miniconda3/lib/python3.13/site-packages/google/protobuf/runtime_version.py:98: UserWarning: Protobuf gencode version 5.28.3 is exactly one major version older than the runtime version 6.31.1 at tensorflow/core/protobuf/config.proto. Please update the gencode to avoid compatibility violations in the next runtime release.
  warnings.warn(
/home-mscluster/tmazarura/miniconda3/lib/python3.13/site-packages/google/protobuf/runtime_version.py:98: UserWarning: Protobuf gencode version 5.28.3 is exactly one major version older than the runtime version 6.31.1 at xla/tsl/protobuf/coordination_config.proto. Please update the gencode to avoid compatibility violations in the next runtime release.
  warnings.warn(
/home-mscluster/tmazarura/miniconda3/lib/python3.13/site-packages/google/protobuf/runtime_version.py:98: UserWarning: Protobuf gencode version 5.28.3 is exactly one major version older than the runtime version 6.31.1 at tensorflow/core/framework/cost_graph.proto. Please update the gencode to avoid compatibility violations in the next runtime release.
  warnings.warn(
/home-mscluster/tmazarura/miniconda3/lib/python3.13/site-packages/google/protobuf/runtime_version.py:98: UserWarning: Protobuf gencode version 5.28.3 is exactly one major version older than the runtime version 6.31.1 at tensorflow/core/framework/step_stats.proto. Please update the gencode to avoid compatibility violations in the next runtime release.
  warnings.warn(
/home-mscluster/tmazarura/miniconda3/lib/python3.13/site-packages/google/protobuf/runtime_version.py:98: UserWarning: Protobuf gencode version 5.28.3 is exactly one major version older than the runtime version 6.31.1 at tensorflow/core/framework/allocation_description.proto. Please update the gencode to avoid compatibility violations in the next runtime release.
  warnings.warn(
/home-mscluster/tmazarura/miniconda3/lib/python3.13/site-packages/google/protobuf/runtime_version.py:98: UserWarning: Protobuf gencode version 5.28.3 is exactly one major version older than the runtime version 6.31.1 at tensorflow/core/framework/tensor_description.proto. Please update the gencode to avoid compatibility violations in the next runtime release.
  warnings.warn(
/home-mscluster/tmazarura/miniconda3/lib/python3.13/site-packages/google/protobuf/runtime_version.py:98: UserWarning: Protobuf gencode version 5.28.3 is exactly one major version older than the runtime version 6.31.1 at tensorflow/core/protobuf/cluster.proto. Please update the gencode to avoid compatibility violations in the next runtime release.
  warnings.warn(
/home-mscluster/tmazarura/miniconda3/lib/python3.13/site-packages/google/protobuf/runtime_version.py:98: UserWarning: Protobuf gencode version 5.28.3 is exactly one major version older than the runtime version 6.31.1 at tensorflow/core/protobuf/debug.proto. Please update the gencode to avoid compatibility violations in the next runtime release.
  warnings.warn(
2025-11-03 01:21:06.452263: I tensorflow/core/util/port.cc:153] oneDNN custom operations are on. You may see slightly different numerical results due to floating-point round-off errors from different computation orders. To turn them off, set the environment variable `TF_ENABLE_ONEDNN_OPTS=0`.
WARNING: All log messages before absl::InitializeLog() is called are written to STDERR
I0000 00:00:1762125676.762885 4117404 gpu_device.cc:2020] Created device /job:localhost/replica:0/task:0/device:GPU:0 with 47189 MB memory:  -> device: 0, name: Quadro RTX 8000, pci bus id: 0000:17:00.0, compute capability: 7.5
I0000 00:00:1762125676.764405 4117404 gpu_device.cc:2020] Created device /job:localhost/replica:0/task:0/device:GPU:1 with 47180 MB memory:  -> device: 1, name: Quadro RTX 8000, pci bus id: 0000:73:00.0, compute capability: 7.5
wandb: Currently logged in as: trapezium (trapezium-wits-university) to https://api.wandb.ai. Use `wandb login --relogin` to force relogin
wandb: creating run
wandb: Tracking run with wandb version 0.21.4
wandb: Run data is saved locally in /home-mscluster/tmazarura/HonoursResearch/src/wandb/run-20251103_012120-ls19jxdk
wandb: Run `wandb offline` to turn off syncing.
wandb: Syncing run deft-sunset-55
wandb: ⭐️ View project at https://wandb.ai/trapezium-wits-university/CorrectAE
wandb: 🚀 View run at https://wandb.ai/trapezium-wits-university/CorrectAE/runs/ls19jxdk
2025-11-03 01:22:23.180339: I external/local_xla/xla/service/service.cc:163] XLA service 0x7f6a700034f0 initialized for platform CUDA (this does not guarantee that XLA will be used). Devices:
2025-11-03 01:22:23.180392: I external/local_xla/xla/service/service.cc:171]   StreamExecutor device (0): Quadro RTX 8000, Compute Capability 7.5
2025-11-03 01:22:23.180402: I external/local_xla/xla/service/service.cc:171]   StreamExecutor device (1): Quadro RTX 8000, Compute Capability 7.5
2025-11-03 01:22:23.388340: I tensorflow/compiler/mlir/tensorflow/utils/dump_mlir_util.cc:269] disabling MLIR crash reproducer, set env var `MLIR_CRASH_REPRODUCER_DIRECTORY` to enable.
2025-11-03 01:22:23.612869: I external/local_xla/xla/stream_executor/cuda/cuda_dnn.cc:473] Loaded cuDNN version 91002
I0000 00:00:1762125745.093068 4117757 device_compiler.h:196] Compiled cluster using XLA!  This line is logged at most once for the lifetime of the process.
