2025-11-03 00:34:17.630167: I tensorflow/core/util/port.cc:153] oneDNN custom operations are on. You may see slightly different numerical results due to floating-point round-off errors from different computation orders. To turn them off, set the environment variable `TF_ENABLE_ONEDNN_OPTS=0`.
2025-11-03 00:34:17.669701: I tensorflow/core/platform/cpu_feature_guard.cc:210] This TensorFlow binary is optimized to use available CPU instructions in performance-critical operations.
To enable the following instructions: AVX2 AVX512F AVX512_VNNI AVX512_BF16 AVX512_FP16 AVX_VNNI AMX_TILE AMX_INT8 AMX_BF16 FMA, in other operations, rebuild TensorFlow with the appropriate compiler flags.
/home-mscluster/tmazarura/miniconda3/lib/python3.13/site-packages/google/protobuf/runtime_version.py:98: UserWarning: Protobuf gencode version 5.28.3 is exactly one major version older than the runtime version 6.31.1 at tensorflow/core/framework/attr_value.proto. Please update the gencode to avoid compatibility violations in the next runtime release.
  warnings.warn(
/home-mscluster/tmazarura/miniconda3/lib/python3.13/site-packages/google/protobuf/runtime_version.py:98: UserWarning: Protobuf gencode version 5.28.3 is exactly one major version older than the runtime version 6.31.1 at tensorflow/core/framework/tensor.proto. Please update the gencode to avoid compatibility violations in the next runtime release.
  warnings.warn(
/home-mscluster/tmazarura/miniconda3/lib/python3.13/site-packages/google/protobuf/runtime_version.py:98: UserWarning: Protobuf gencode version 5.28.3 is exactly one major version older than the runtime version 6.31.1 at tensorflow/core/framework/resource_handle.proto. Please update the gencode to avoid compatibility violations in the next runtime release.
  warnings.warn(
/home-mscluster/tmazarura/miniconda3/lib/python3.13/site-packages/google/protobuf/runtime_version.py:98: UserWarning: Protobuf gencode version 5.28.3 is exactly one major version older than the runtime version 6.31.1 at tensorflow/core/framework/tensor_shape.proto. Please update the gencode to avoid compatibility violations in the next runtime release.
  warnings.warn(
/home-mscluster/tmazarura/miniconda3/lib/python3.13/site-packages/google/protobuf/runtime_version.py:98: UserWarning: Protobuf gencode version 5.28.3 is exactly one major version older than the runtime version 6.31.1 at tensorflow/core/framework/types.proto. Please update the gencode to avoid compatibility violations in the next runtime release.
  warnings.warn(
/home-mscluster/tmazarura/miniconda3/lib/python3.13/site-packages/google/protobuf/runtime_version.py:98: UserWarning: Protobuf gencode version 5.28.3 is exactly one major version older than the runtime version 6.31.1 at tensorflow/core/framework/full_type.proto. Please update the gencode to avoid compatibility violations in the next runtime release.
  warnings.warn(
/home-mscluster/tmazarura/miniconda3/lib/python3.13/site-packages/google/protobuf/runtime_version.py:98: UserWarning: Protobuf gencode version 5.28.3 is exactly one major version older than the runtime version 6.31.1 at tensorflow/core/framework/function.proto. Please update the gencode to avoid compatibility violations in the next runtime release.
  warnings.warn(
/home-mscluster/tmazarura/miniconda3/lib/python3.13/site-packages/google/protobuf/runtime_version.py:98: UserWarning: Protobuf gencode version 5.28.3 is exactly one major version older than the runtime version 6.31.1 at tensorflow/core/framework/node_def.proto. Please update the gencode to avoid compatibility violations in the next runtime release.
  warnings.warn(
/home-mscluster/tmazarura/miniconda3/lib/python3.13/site-packages/google/protobuf/runtime_version.py:98: UserWarning: Protobuf gencode version 5.28.3 is exactly one major version older than the runtime version 6.31.1 at tensorflow/core/framework/op_def.proto. Please update the gencode to avoid compatibility violations in the next runtime release.
  warnings.warn(
/home-mscluster/tmazarura/miniconda3/lib/python3.13/site-packages/google/protobuf/runtime_version.py:98: UserWarning: Protobuf gencode version 5.28.3 is exactly one major version older than the runtime version 6.31.1 at tensorflow/core/framework/graph.proto. Please update the gencode to avoid compatibility violations in the next runtime release.
  warnings.warn(
/home-mscluster/tmazarura/miniconda3/lib/python3.13/site-packages/google/protobuf/runtime_version.py:98: UserWarning: Protobuf gencode version 5.28.3 is exactly one major version older than the runtime version 6.31.1 at tensorflow/core/framework/graph_debug_info.proto. Please update the gencode to avoid compatibility violations in the next runtime release.
  warnings.warn(
/home-mscluster/tmazarura/miniconda3/lib/python3.13/site-packages/google/protobuf/runtime_version.py:98: UserWarning: Protobuf gencode version 5.28.3 is exactly one major version older than the runtime version 6.31.1 at tensorflow/core/framework/versions.proto. Please update the gencode to avoid compatibility violations in the next runtime release.
  warnings.warn(
/home-mscluster/tmazarura/miniconda3/lib/python3.13/site-packages/google/protobuf/runtime_version.py:98: UserWarning: Protobuf gencode version 5.28.3 is exactly one major version older than the runtime version 6.31.1 at tensorflow/core/protobuf/config.proto. Please update the gencode to avoid compatibility violations in the next runtime release.
  warnings.warn(
/home-mscluster/tmazarura/miniconda3/lib/python3.13/site-packages/google/protobuf/runtime_version.py:98: UserWarning: Protobuf gencode version 5.28.3 is exactly one major version older than the runtime version 6.31.1 at xla/tsl/protobuf/coordination_config.proto. Please update the gencode to avoid compatibility violations in the next runtime release.
  warnings.warn(
/home-mscluster/tmazarura/miniconda3/lib/python3.13/site-packages/google/protobuf/runtime_version.py:98: UserWarning: Protobuf gencode version 5.28.3 is exactly one major version older than the runtime version 6.31.1 at tensorflow/core/framework/cost_graph.proto. Please update the gencode to avoid compatibility violations in the next runtime release.
  warnings.warn(
/home-mscluster/tmazarura/miniconda3/lib/python3.13/site-packages/google/protobuf/runtime_version.py:98: UserWarning: Protobuf gencode version 5.28.3 is exactly one major version older than the runtime version 6.31.1 at tensorflow/core/framework/step_stats.proto. Please update the gencode to avoid compatibility violations in the next runtime release.
  warnings.warn(
/home-mscluster/tmazarura/miniconda3/lib/python3.13/site-packages/google/protobuf/runtime_version.py:98: UserWarning: Protobuf gencode version 5.28.3 is exactly one major version older than the runtime version 6.31.1 at tensorflow/core/framework/allocation_description.proto. Please update the gencode to avoid compatibility violations in the next runtime release.
  warnings.warn(
/home-mscluster/tmazarura/miniconda3/lib/python3.13/site-packages/google/protobuf/runtime_version.py:98: UserWarning: Protobuf gencode version 5.28.3 is exactly one major version older than the runtime version 6.31.1 at tensorflow/core/framework/tensor_description.proto. Please update the gencode to avoid compatibility violations in the next runtime release.
  warnings.warn(
/home-mscluster/tmazarura/miniconda3/lib/python3.13/site-packages/google/protobuf/runtime_version.py:98: UserWarning: Protobuf gencode version 5.28.3 is exactly one major version older than the runtime version 6.31.1 at tensorflow/core/protobuf/cluster.proto. Please update the gencode to avoid compatibility violations in the next runtime release.
  warnings.warn(
/home-mscluster/tmazarura/miniconda3/lib/python3.13/site-packages/google/protobuf/runtime_version.py:98: UserWarning: Protobuf gencode version 5.28.3 is exactly one major version older than the runtime version 6.31.1 at tensorflow/core/protobuf/debug.proto. Please update the gencode to avoid compatibility violations in the next runtime release.
  warnings.warn(
2025-11-03 00:34:18.610485: I tensorflow/core/util/port.cc:153] oneDNN custom operations are on. You may see slightly different numerical results due to floating-point round-off errors from different computation orders. To turn them off, set the environment variable `TF_ENABLE_ONEDNN_OPTS=0`.
WARNING: All log messages before absl::InitializeLog() is called are written to STDERR
I0000 00:00:1762122867.255330  120689 gpu_device.cc:2020] Created device /job:localhost/replica:0/task:0/device:GPU:0 with 46761 MB memory:  -> device: 0, name: NVIDIA RTX A6000, pci bus id: 0000:0d:00.0, compute capability: 8.6
I0000 00:00:1762122867.256967  120689 gpu_device.cc:2020] Created device /job:localhost/replica:0/task:0/device:GPU:1 with 46761 MB memory:  -> device: 1, name: NVIDIA RTX A6000, pci bus id: 0000:b5:00.0, compute capability: 8.6
wandb: Currently logged in as: trapezium (trapezium-wits-university) to https://api.wandb.ai. Use `wandb login --relogin` to force relogin
wandb: creating run
wandb: Tracking run with wandb version 0.21.4
wandb: Run data is saved locally in /home-mscluster/tmazarura/HonoursResearch/src/wandb/run-20251103_003427-ly6e3veh
wandb: Run `wandb offline` to turn off syncing.
wandb: Syncing run crisp-microwave-38
wandb: ⭐️ View project at https://wandb.ai/trapezium-wits-university/CorrectAE
wandb: 🚀 View run at https://wandb.ai/trapezium-wits-university/CorrectAE/runs/ly6e3veh
2025-11-03 00:35:02.297597: I external/local_xla/xla/service/service.cc:163] XLA service 0x7f89dc003030 initialized for platform CUDA (this does not guarantee that XLA will be used). Devices:
2025-11-03 00:35:02.298158: I external/local_xla/xla/service/service.cc:171]   StreamExecutor device (0): NVIDIA RTX A6000, Compute Capability 8.6
2025-11-03 00:35:02.298163: I external/local_xla/xla/service/service.cc:171]   StreamExecutor device (1): NVIDIA RTX A6000, Compute Capability 8.6
2025-11-03 00:35:02.492975: I tensorflow/compiler/mlir/tensorflow/utils/dump_mlir_util.cc:269] disabling MLIR crash reproducer, set env var `MLIR_CRASH_REPRODUCER_DIRECTORY` to enable.
2025-11-03 00:35:02.715289: I external/local_xla/xla/stream_executor/cuda/cuda_dnn.cc:473] Loaded cuDNN version 91002
2025-11-03 00:35:02.741206: I external/local_xla/xla/service/gpu/autotuning/dot_search_space.cc:208] All configs were filtered out because none of them sufficiently match the hints. Maybe the hints set does not contain a good representative set of valid configs? Working around this by using the full hints set instead.
2025-11-03 00:35:02.741228: I external/local_xla/xla/service/gpu/autotuning/dot_search_space.cc:208] All configs were filtered out because none of them sufficiently match the hints. Maybe the hints set does not contain a good representative set of valid configs? Working around this by using the full hints set instead.
2025-11-03 00:35:03.891020: I external/local_xla/xla/stream_executor/cuda/subprocess_compilation.cc:346] ptxas warning : Registers are spilled to local memory in function 'gemm_fusion_dot_478', 8 bytes spill stores, 8 bytes spill loads

2025-11-03 00:35:03.929774: I external/local_xla/xla/stream_executor/cuda/subprocess_compilation.cc:346] ptxas warning : Registers are spilled to local memory in function 'gemm_fusion_dot_426', 12 bytes spill stores, 12 bytes spill loads

2025-11-03 00:35:04.564748: I external/local_xla/xla/stream_executor/cuda/subprocess_compilation.cc:346] ptxas warning : Registers are spilled to local memory in function 'gemm_fusion_dot_497', 16 bytes spill stores, 16 bytes spill loads

2025-11-03 00:35:04.565181: I external/local_xla/xla/stream_executor/cuda/subprocess_compilation.cc:346] ptxas warning : Registers are spilled to local memory in function 'gemm_fusion_dot_495', 16 bytes spill stores, 16 bytes spill loads

2025-11-03 00:35:04.639893: I external/local_xla/xla/stream_executor/cuda/subprocess_compilation.cc:346] ptxas warning : Registers are spilled to local memory in function 'gemm_fusion_dot_497', 28 bytes spill stores, 28 bytes spill loads

2025-11-03 00:35:04.654086: I external/local_xla/xla/stream_executor/cuda/subprocess_compilation.cc:346] ptxas warning : Registers are spilled to local memory in function 'gemm_fusion_dot_495', 28 bytes spill stores, 28 bytes spill loads

2025-11-03 00:35:04.673616: I external/local_xla/xla/stream_executor/cuda/subprocess_compilation.cc:346] ptxas warning : Registers are spilled to local memory in function 'gemm_fusion_dot_270', 4 bytes spill stores, 4 bytes spill loads

2025-11-03 00:35:04.695785: I external/local_xla/xla/stream_executor/cuda/subprocess_compilation.cc:346] ptxas warning : Registers are spilled to local memory in function 'gemm_fusion_dot_495', 4 bytes spill stores, 4 bytes spill loads

2025-11-03 00:35:04.727479: I external/local_xla/xla/stream_executor/cuda/subprocess_compilation.cc:346] ptxas warning : Registers are spilled to local memory in function 'gemm_fusion_dot_497', 4 bytes spill stores, 4 bytes spill loads

2025-11-03 00:35:04.790407: I external/local_xla/xla/stream_executor/cuda/subprocess_compilation.cc:346] ptxas warning : Registers are spilled to local memory in function 'gemm_fusion_dot_426', 56 bytes spill stores, 56 bytes spill loads

2025-11-03 00:35:04.881929: I external/local_xla/xla/stream_executor/cuda/subprocess_compilation.cc:346] ptxas warning : Registers are spilled to local memory in function 'gemm_fusion_dot_495', 364 bytes spill stores, 364 bytes spill loads

2025-11-03 00:35:04.939492: I external/local_xla/xla/stream_executor/cuda/subprocess_compilation.cc:346] ptxas warning : Registers are spilled to local memory in function 'gemm_fusion_dot_497', 364 bytes spill stores, 364 bytes spill loads

I0000 00:00:1762122908.298093  121084 device_compiler.h:196] Compiled cluster using XLA!  This line is logged at most once for the lifetime of the process.
2025-11-03 00:35:23.486010: I external/local_xla/xla/stream_executor/cuda/subprocess_compilation.cc:346] ptxas warning : Registers are spilled to local memory in function 'gemm_fusion_dot_439', 8 bytes spill stores, 8 bytes spill loads

2025-11-03 00:35:23.785720: I external/local_xla/xla/stream_executor/cuda/subprocess_compilation.cc:346] ptxas warning : Registers are spilled to local memory in function 'gemm_fusion_dot_493', 16 bytes spill stores, 16 bytes spill loads

2025-11-03 00:35:23.810031: I external/local_xla/xla/stream_executor/cuda/subprocess_compilation.cc:346] ptxas warning : Registers are spilled to local memory in function 'gemm_fusion_dot_295', 4 bytes spill stores, 4 bytes spill loads

2025-11-03 00:35:23.939896: I external/local_xla/xla/stream_executor/cuda/subprocess_compilation.cc:346] ptxas warning : Registers are spilled to local memory in function 'gemm_fusion_dot_295', 24 bytes spill stores, 24 bytes spill loads

2025-11-03 00:35:23.943510: I external/local_xla/xla/stream_executor/cuda/subprocess_compilation.cc:346] ptxas warning : Registers are spilled to local memory in function 'gemm_fusion_dot_426', 8 bytes spill stores, 8 bytes spill loads

2025-11-03 00:35:31.328996: I external/local_xla/xla/stream_executor/cuda/subprocess_compilation.cc:346] ptxas warning : Registers are spilled to local memory in function 'gemm_fusion_dot_50', 8 bytes spill stores, 8 bytes spill loads

2025-11-03 00:35:31.356792: I external/local_xla/xla/stream_executor/cuda/subprocess_compilation.cc:346] ptxas warning : Registers are spilled to local memory in function 'gemm_fusion_dot_50', 4 bytes spill stores, 4 bytes spill loads

2025-11-03 00:35:31.656191: I external/local_xla/xla/stream_executor/cuda/subprocess_compilation.cc:346] ptxas warning : Registers are spilled to local memory in function 'gemm_fusion_dot_25', 40 bytes spill stores, 40 bytes spill loads

2025-11-03 00:35:31.666656: I external/local_xla/xla/stream_executor/cuda/subprocess_compilation.cc:346] ptxas warning : Registers are spilled to local memory in function 'gemm_fusion_dot_45', 16 bytes spill stores, 16 bytes spill loads

2025-11-03 00:37:20.261508: I external/local_xla/xla/stream_executor/cuda/subprocess_compilation.cc:346] ptxas warning : Registers are spilled to local memory in function 'gemm_fusion_dot_50', 24 bytes spill stores, 24 bytes spill loads

2025-11-03 00:37:20.380456: I external/local_xla/xla/stream_executor/cuda/subprocess_compilation.cc:346] ptxas warning : Registers are spilled to local memory in function 'gemm_fusion_dot_50', 4 bytes spill stores, 4 bytes spill loads

2025-11-03 00:37:46.426728: I tensorflow/core/util/port.cc:153] oneDNN custom operations are on. You may see slightly different numerical results due to floating-point round-off errors from different computation orders. To turn them off, set the environment variable `TF_ENABLE_ONEDNN_OPTS=0`.
2025-11-03 00:37:46.492462: I tensorflow/core/platform/cpu_feature_guard.cc:210] This TensorFlow binary is optimized to use available CPU instructions in performance-critical operations.
To enable the following instructions: AVX2 AVX512F AVX512_VNNI AVX512_BF16 AVX512_FP16 AVX_VNNI AMX_TILE AMX_INT8 AMX_BF16 FMA, in other operations, rebuild TensorFlow with the appropriate compiler flags.
/home-mscluster/tmazarura/miniconda3/lib/python3.13/site-packages/google/protobuf/runtime_version.py:98: UserWarning: Protobuf gencode version 5.28.3 is exactly one major version older than the runtime version 6.31.1 at tensorflow/core/framework/attr_value.proto. Please update the gencode to avoid compatibility violations in the next runtime release.
  warnings.warn(
/home-mscluster/tmazarura/miniconda3/lib/python3.13/site-packages/google/protobuf/runtime_version.py:98: UserWarning: Protobuf gencode version 5.28.3 is exactly one major version older than the runtime version 6.31.1 at tensorflow/core/framework/tensor.proto. Please update the gencode to avoid compatibility violations in the next runtime release.
  warnings.warn(
/home-mscluster/tmazarura/miniconda3/lib/python3.13/site-packages/google/protobuf/runtime_version.py:98: UserWarning: Protobuf gencode version 5.28.3 is exactly one major version older than the runtime version 6.31.1 at tensorflow/core/framework/resource_handle.proto. Please update the gencode to avoid compatibility violations in the next runtime release.
  warnings.warn(
/home-mscluster/tmazarura/miniconda3/lib/python3.13/site-packages/google/protobuf/runtime_version.py:98: UserWarning: Protobuf gencode version 5.28.3 is exactly one major version older than the runtime version 6.31.1 at tensorflow/core/framework/tensor_shape.proto. Please update the gencode to avoid compatibility violations in the next runtime release.
  warnings.warn(
/home-mscluster/tmazarura/miniconda3/lib/python3.13/site-packages/google/protobuf/runtime_version.py:98: UserWarning: Protobuf gencode version 5.28.3 is exactly one major version older than the runtime version 6.31.1 at tensorflow/core/framework/types.proto. Please update the gencode to avoid compatibility violations in the next runtime release.
  warnings.warn(
/home-mscluster/tmazarura/miniconda3/lib/python3.13/site-packages/google/protobuf/runtime_version.py:98: UserWarning: Protobuf gencode version 5.28.3 is exactly one major version older than the runtime version 6.31.1 at tensorflow/core/framework/full_type.proto. Please update the gencode to avoid compatibility violations in the next runtime release.
  warnings.warn(
/home-mscluster/tmazarura/miniconda3/lib/python3.13/site-packages/google/protobuf/runtime_version.py:98: UserWarning: Protobuf gencode version 5.28.3 is exactly one major version older than the runtime version 6.31.1 at tensorflow/core/framework/function.proto. Please update the gencode to avoid compatibility violations in the next runtime release.
  warnings.warn(
/home-mscluster/tmazarura/miniconda3/lib/python3.13/site-packages/google/protobuf/runtime_version.py:98: UserWarning: Protobuf gencode version 5.28.3 is exactly one major version older than the runtime version 6.31.1 at tensorflow/core/framework/node_def.proto. Please update the gencode to avoid compatibility violations in the next runtime release.
  warnings.warn(
/home-mscluster/tmazarura/miniconda3/lib/python3.13/site-packages/google/protobuf/runtime_version.py:98: UserWarning: Protobuf gencode version 5.28.3 is exactly one major version older than the runtime version 6.31.1 at tensorflow/core/framework/op_def.proto. Please update the gencode to avoid compatibility violations in the next runtime release.
  warnings.warn(
/home-mscluster/tmazarura/miniconda3/lib/python3.13/site-packages/google/protobuf/runtime_version.py:98: UserWarning: Protobuf gencode version 5.28.3 is exactly one major version older than the runtime version 6.31.1 at tensorflow/core/framework/graph.proto. Please update the gencode to avoid compatibility violations in the next runtime release.
  warnings.warn(
/home-mscluster/tmazarura/miniconda3/lib/python3.13/site-packages/google/protobuf/runtime_version.py:98: UserWarning: Protobuf gencode version 5.28.3 is exactly one major version older than the runtime version 6.31.1 at tensorflow/core/framework/graph_debug_info.proto. Please update the gencode to avoid compatibility violations in the next runtime release.
  warnings.warn(
/home-mscluster/tmazarura/miniconda3/lib/python3.13/site-packages/google/protobuf/runtime_version.py:98: UserWarning: Protobuf gencode version 5.28.3 is exactly one major version older than the runtime version 6.31.1 at tensorflow/core/framework/versions.proto. Please update the gencode to avoid compatibility violations in the next runtime release.
  warnings.warn(
/home-mscluster/tmazarura/miniconda3/lib/python3.13/site-packages/google/protobuf/runtime_version.py:98: UserWarning: Protobuf gencode version 5.28.3 is exactly one major version older than the runtime version 6.31.1 at tensorflow/core/protobuf/config.proto. Please update the gencode to avoid compatibility violations in the next runtime release.
  warnings.warn(
/home-mscluster/tmazarura/miniconda3/lib/python3.13/site-packages/google/protobuf/runtime_version.py:98: UserWarning: Protobuf gencode version 5.28.3 is exactly one major version older than the runtime version 6.31.1 at xla/tsl/protobuf/coordination_config.proto. Please update the gencode to avoid compatibility violations in the next runtime release.
  warnings.warn(
/home-mscluster/tmazarura/miniconda3/lib/python3.13/site-packages/google/protobuf/runtime_version.py:98: UserWarning: Protobuf gencode version 5.28.3 is exactly one major version older than the runtime version 6.31.1 at tensorflow/core/framework/cost_graph.proto. Please update the gencode to avoid compatibility violations in the next runtime release.
  warnings.warn(
/home-mscluster/tmazarura/miniconda3/lib/python3.13/site-packages/google/protobuf/runtime_version.py:98: UserWarning: Protobuf gencode version 5.28.3 is exactly one major version older than the runtime version 6.31.1 at tensorflow/core/framework/step_stats.proto. Please update the gencode to avoid compatibility violations in the next runtime release.
  warnings.warn(
/home-mscluster/tmazarura/miniconda3/lib/python3.13/site-packages/google/protobuf/runtime_version.py:98: UserWarning: Protobuf gencode version 5.28.3 is exactly one major version older than the runtime version 6.31.1 at tensorflow/core/framework/allocation_description.proto. Please update the gencode to avoid compatibility violations in the next runtime release.
  warnings.warn(
/home-mscluster/tmazarura/miniconda3/lib/python3.13/site-packages/google/protobuf/runtime_version.py:98: UserWarning: Protobuf gencode version 5.28.3 is exactly one major version older than the runtime version 6.31.1 at tensorflow/core/framework/tensor_description.proto. Please update the gencode to avoid compatibility violations in the next runtime release.
  warnings.warn(
/home-mscluster/tmazarura/miniconda3/lib/python3.13/site-packages/google/protobuf/runtime_version.py:98: UserWarning: Protobuf gencode version 5.28.3 is exactly one major version older than the runtime version 6.31.1 at tensorflow/core/protobuf/cluster.proto. Please update the gencode to avoid compatibility violations in the next runtime release.
  warnings.warn(
/home-mscluster/tmazarura/miniconda3/lib/python3.13/site-packages/google/protobuf/runtime_version.py:98: UserWarning: Protobuf gencode version 5.28.3 is exactly one major version older than the runtime version 6.31.1 at tensorflow/core/protobuf/debug.proto. Please update the gencode to avoid compatibility violations in the next runtime release.
  warnings.warn(
2025-11-03 00:37:51.661363: I tensorflow/core/util/port.cc:153] oneDNN custom operations are on. You may see slightly different numerical results due to floating-point round-off errors from different computation orders. To turn them off, set the environment variable `TF_ENABLE_ONEDNN_OPTS=0`.
WARNING: All log messages before absl::InitializeLog() is called are written to STDERR
I0000 00:00:1762123080.721926  126868 gpu_device.cc:2020] Created device /job:localhost/replica:0/task:0/device:GPU:0 with 46761 MB memory:  -> device: 0, name: NVIDIA RTX A6000, pci bus id: 0000:0d:00.0, compute capability: 8.6
I0000 00:00:1762123080.724093  126868 gpu_device.cc:2020] Created device /job:localhost/replica:0/task:0/device:GPU:1 with 46761 MB memory:  -> device: 1, name: NVIDIA RTX A6000, pci bus id: 0000:b5:00.0, compute capability: 8.6
wandb: Currently logged in as: trapezium (trapezium-wits-university) to https://api.wandb.ai. Use `wandb login --relogin` to force relogin
wandb: creating run
wandb: Tracking run with wandb version 0.21.4
wandb: Run data is saved locally in /home-mscluster/tmazarura/HonoursResearch/src/wandb/run-20251103_003805-yddsqfr5
wandb: Run `wandb offline` to turn off syncing.
wandb: Syncing run frosty-rain-40
wandb: ⭐️ View project at https://wandb.ai/trapezium-wits-university/CorrectAE
wandb: 🚀 View run at https://wandb.ai/trapezium-wits-university/CorrectAE/runs/yddsqfr5
slurmstepd-mscluster109: error: *** JOB 165751 ON mscluster109 CANCELLED AT 2025-11-03T00:40:47 ***
