Autoencoder training started at: Fri Oct 31 04:01:39 PM SAST 2025
Starting partition 1 of 3 at Fri Oct 31 04:01:39 PM SAST 2025
Strat to end indices: (0,36113)
Latent dimension: 200
Input dimension: 67499
Training set shape: (25278, 67499)
Validation set shape: (3612, 67499)
Test set shape: (7223, 67499)
Starting training...
[1;34mwandb[0m: 
[1;34mwandb[0m: 🚀 View run [33mspectral-ritual-21[0m at: [34m[0m
[1;34mwandb[0m: Find logs at: [1;35mwandb/run-20251031_160306-3bqct5hb/logs[0m
Partition 1 completed at Fri Oct 31 04:13:54 PM SAST 2025
============================================================================
Starting partition 2 of 3 at Fri Oct 31 04:13:54 PM SAST 2025
Strat to end indices: (36113,72226)
Latent dimension: 200
Input dimension: 67499
Training set shape: (25278, 67499)
Validation set shape: (3612, 67499)
Test set shape: (7223, 67499)
Starting training...
[1;34mwandb[0m: 
[1;34mwandb[0m: 🚀 View run [33mvenomous-nightmare-22[0m at: [34m[0m
[1;34mwandb[0m: Find logs at: [1;35mwandb/run-20251031_161426-p8i7c1qu/logs[0m
Partition 2 completed at Fri Oct 31 04:25:24 PM SAST 2025
============================================================================
Starting partition 3 of 3 at Fri Oct 31 04:25:24 PM SAST 2025
Strat to end indices: (72226,108339)
Latent dimension: 200
Input dimension: 67499
Training set shape: (25278, 67499)
Validation set shape: (3612, 67499)
Test set shape: (7223, 67499)
Starting training...
[1;34mwandb[0m: 
[1;34mwandb[0m: 🚀 View run [33mendless-fang-23[0m at: [34m[0m
[1;34mwandb[0m: Find logs at: [1;35mwandb/run-20251031_162556-noq0937d/logs[0m
Partition 3 completed at Fri Oct 31 04:36:30 PM SAST 2025
============================================================================
Autoencoder training finished at: Fri Oct 31 04:36:30 PM SAST 2025
Tapedza!!! Mwari Ngaakudzwe!
