Autoencoder training started at: Mon Sep 29 11:57:05 AM SAST 2025
Starting partition 2 of 10 at Mon Sep 29 11:57:05 AM SAST 2025
Partition 2 completed at Mon Sep 29 11:57:18 AM SAST 2025
============================================================================
Starting partition 3 of 10 at Mon Sep 29 11:57:18 AM SAST 2025
Partition 3 completed at Mon Sep 29 11:57:23 AM SAST 2025
============================================================================
Starting partition 4 of 10 at Mon Sep 29 11:57:23 AM SAST 2025
Partition 4 completed at Mon Sep 29 11:57:27 AM SAST 2025
============================================================================
Starting partition 5 of 10 at Mon Sep 29 11:57:27 AM SAST 2025
Partition 5 completed at Mon Sep 29 11:57:32 AM SAST 2025
============================================================================
Starting partition 6 of 10 at Mon Sep 29 11:57:32 AM SAST 2025
Partition 6 completed at Mon Sep 29 11:57:36 AM SAST 2025
============================================================================
Starting partition 7 of 10 at Mon Sep 29 11:57:36 AM SAST 2025
Partition 7 completed at Mon Sep 29 11:57:41 AM SAST 2025
============================================================================
Starting partition 8 of 10 at Mon Sep 29 11:57:41 AM SAST 2025
Partition 8 completed at Mon Sep 29 11:57:45 AM SAST 2025
============================================================================
Starting partition 9 of 10 at Mon Sep 29 11:57:45 AM SAST 2025
Partition 9 completed at Mon Sep 29 11:57:50 AM SAST 2025
============================================================================
Starting partition 10 of 10 at Mon Sep 29 11:57:50 AM SAST 2025
Partition 10 completed at Mon Sep 29 11:57:54 AM SAST 2025
============================================================================
Autoencoder training finished at: Mon Sep 29 11:57:54 AM SAST 2025
Tapedza!!! Mwari Ngaakudzwe!
