2025-10-07 09:14:54.925216: I tensorflow/core/util/port.cc:153] oneDNN custom operations are on. You may see slightly different numerical results due to floating-point round-off errors from different computation orders. To turn them off, set the environment variable `TF_ENABLE_ONEDNN_OPTS=0`.
2025-10-07 09:14:54.988158: I tensorflow/core/platform/cpu_feature_guard.cc:210] This TensorFlow binary is optimized to use available CPU instructions in performance-critical operations.
To enable the following instructions: AVX2 AVX512F AVX512_VNNI FMA, in other operations, rebuild TensorFlow with the appropriate compiler flags.
/home-mscluster/tmazarura/miniconda3/lib/python3.13/site-packages/google/protobuf/runtime_version.py:98: UserWarning: Protobuf gencode version 5.28.3 is exactly one major version older than the runtime version 6.31.1 at tensorflow/core/framework/attr_value.proto. Please update the gencode to avoid compatibility violations in the next runtime release.
  warnings.warn(
/home-mscluster/tmazarura/miniconda3/lib/python3.13/site-packages/google/protobuf/runtime_version.py:98: UserWarning: Protobuf gencode version 5.28.3 is exactly one major version older than the runtime version 6.31.1 at tensorflow/core/framework/tensor.proto. Please update the gencode to avoid compatibility violations in the next runtime release.
  warnings.warn(
/home-mscluster/tmazarura/miniconda3/lib/python3.13/site-packages/google/protobuf/runtime_version.py:98: UserWarning: Protobuf gencode version 5.28.3 is exactly one major version older than the runtime version 6.31.1 at tensorflow/core/framework/resource_handle.proto. Please update the gencode to avoid compatibility violations in the next runtime release.
  warnings.warn(
/home-mscluster/tmazarura/miniconda3/lib/python3.13/site-packages/google/protobuf/runtime_version.py:98: UserWarning: Protobuf gencode version 5.28.3 is exactly one major version older than the runtime version 6.31.1 at tensorflow/core/framework/tensor_shape.proto. Please update the gencode to avoid compatibility violations in the next runtime release.
  warnings.warn(
/home-mscluster/tmazarura/miniconda3/lib/python3.13/site-packages/google/protobuf/runtime_version.py:98: UserWarning: Protobuf gencode version 5.28.3 is exactly one major version older than the runtime version 6.31.1 at tensorflow/core/framework/types.proto. Please update the gencode to avoid compatibility violations in the next runtime release.
  warnings.warn(
/home-mscluster/tmazarura/miniconda3/lib/python3.13/site-packages/google/protobuf/runtime_version.py:98: UserWarning: Protobuf gencode version 5.28.3 is exactly one major version older than the runtime version 6.31.1 at tensorflow/core/framework/full_type.proto. Please update the gencode to avoid compatibility violations in the next runtime release.
  warnings.warn(
/home-mscluster/tmazarura/miniconda3/lib/python3.13/site-packages/google/protobuf/runtime_version.py:98: UserWarning: Protobuf gencode version 5.28.3 is exactly one major version older than the runtime version 6.31.1 at tensorflow/core/framework/function.proto. Please update the gencode to avoid compatibility violations in the next runtime release.
  warnings.warn(
/home-mscluster/tmazarura/miniconda3/lib/python3.13/site-packages/google/protobuf/runtime_version.py:98: UserWarning: Protobuf gencode version 5.28.3 is exactly one major version older than the runtime version 6.31.1 at tensorflow/core/framework/node_def.proto. Please update the gencode to avoid compatibility violations in the next runtime release.
  warnings.warn(
/home-mscluster/tmazarura/miniconda3/lib/python3.13/site-packages/google/protobuf/runtime_version.py:98: UserWarning: Protobuf gencode version 5.28.3 is exactly one major version older than the runtime version 6.31.1 at tensorflow/core/framework/op_def.proto. Please update the gencode to avoid compatibility violations in the next runtime release.
  warnings.warn(
/home-mscluster/tmazarura/miniconda3/lib/python3.13/site-packages/google/protobuf/runtime_version.py:98: UserWarning: Protobuf gencode version 5.28.3 is exactly one major version older than the runtime version 6.31.1 at tensorflow/core/framework/graph.proto. Please update the gencode to avoid compatibility violations in the next runtime release.
  warnings.warn(
/home-mscluster/tmazarura/miniconda3/lib/python3.13/site-packages/google/protobuf/runtime_version.py:98: UserWarning: Protobuf gencode version 5.28.3 is exactly one major version older than the runtime version 6.31.1 at tensorflow/core/framework/graph_debug_info.proto. Please update the gencode to avoid compatibility violations in the next runtime release.
  warnings.warn(
/home-mscluster/tmazarura/miniconda3/lib/python3.13/site-packages/google/protobuf/runtime_version.py:98: UserWarning: Protobuf gencode version 5.28.3 is exactly one major version older than the runtime version 6.31.1 at tensorflow/core/framework/versions.proto. Please update the gencode to avoid compatibility violations in the next runtime release.
  warnings.warn(
/home-mscluster/tmazarura/miniconda3/lib/python3.13/site-packages/google/protobuf/runtime_version.py:98: UserWarning: Protobuf gencode version 5.28.3 is exactly one major version older than the runtime version 6.31.1 at tensorflow/core/protobuf/config.proto. Please update the gencode to avoid compatibility violations in the next runtime release.
  warnings.warn(
/home-mscluster/tmazarura/miniconda3/lib/python3.13/site-packages/google/protobuf/runtime_version.py:98: UserWarning: Protobuf gencode version 5.28.3 is exactly one major version older than the runtime version 6.31.1 at xla/tsl/protobuf/coordination_config.proto. Please update the gencode to avoid compatibility violations in the next runtime release.
  warnings.warn(
/home-mscluster/tmazarura/miniconda3/lib/python3.13/site-packages/google/protobuf/runtime_version.py:98: UserWarning: Protobuf gencode version 5.28.3 is exactly one major version older than the runtime version 6.31.1 at tensorflow/core/framework/cost_graph.proto. Please update the gencode to avoid compatibility violations in the next runtime release.
  warnings.warn(
/home-mscluster/tmazarura/miniconda3/lib/python3.13/site-packages/google/protobuf/runtime_version.py:98: UserWarning: Protobuf gencode version 5.28.3 is exactly one major version older than the runtime version 6.31.1 at tensorflow/core/framework/step_stats.proto. Please update the gencode to avoid compatibility violations in the next runtime release.
  warnings.warn(
/home-mscluster/tmazarura/miniconda3/lib/python3.13/site-packages/google/protobuf/runtime_version.py:98: UserWarning: Protobuf gencode version 5.28.3 is exactly one major version older than the runtime version 6.31.1 at tensorflow/core/framework/allocation_description.proto. Please update the gencode to avoid compatibility violations in the next runtime release.
  warnings.warn(
/home-mscluster/tmazarura/miniconda3/lib/python3.13/site-packages/google/protobuf/runtime_version.py:98: UserWarning: Protobuf gencode version 5.28.3 is exactly one major version older than the runtime version 6.31.1 at tensorflow/core/framework/tensor_description.proto. Please update the gencode to avoid compatibility violations in the next runtime release.
  warnings.warn(
/home-mscluster/tmazarura/miniconda3/lib/python3.13/site-packages/google/protobuf/runtime_version.py:98: UserWarning: Protobuf gencode version 5.28.3 is exactly one major version older than the runtime version 6.31.1 at tensorflow/core/protobuf/cluster.proto. Please update the gencode to avoid compatibility violations in the next runtime release.
  warnings.warn(
/home-mscluster/tmazarura/miniconda3/lib/python3.13/site-packages/google/protobuf/runtime_version.py:98: UserWarning: Protobuf gencode version 5.28.3 is exactly one major version older than the runtime version 6.31.1 at tensorflow/core/protobuf/debug.proto. Please update the gencode to avoid compatibility violations in the next runtime release.
  warnings.warn(
2025-10-07 09:15:02.195467: I tensorflow/core/util/port.cc:153] oneDNN custom operations are on. You may see slightly different numerical results due to floating-point round-off errors from different computation orders. To turn them off, set the environment variable `TF_ENABLE_ONEDNN_OPTS=0`.
WARNING: All log messages before absl::InitializeLog() is called are written to STDERR
I0000 00:00:1759821312.115178 2903007 gpu_device.cc:2020] Created device /job:localhost/replica:0/task:0/device:GPU:0 with 47189 MB memory:  -> device: 0, name: Quadro RTX 8000, pci bus id: 0000:17:00.0, compute capability: 7.5
I0000 00:00:1759821312.116696 2903007 gpu_device.cc:2020] Created device /job:localhost/replica:0/task:0/device:GPU:1 with 47180 MB memory:  -> device: 1, name: Quadro RTX 8000, pci bus id: 0000:73:00.0, compute capability: 7.5
wandb: Currently logged in as: trapezium (trapezium-wits-university) to https://api.wandb.ai. Use `wandb login --relogin` to force relogin
wandb: creating run
wandb: Tracking run with wandb version 0.21.4
wandb: Run data is saved locally in /home-mscluster/tmazarura/HonoursResearch/src/wandb/run-20251007_091535-0v77kgwo
wandb: Run `wandb offline` to turn off syncing.
wandb: Syncing run misty-resonance-12
wandb: ⭐️ View project at https://wandb.ai/trapezium-wits-university/NewPre
wandb: 🚀 View run at https://wandb.ai/trapezium-wits-university/NewPre/runs/0v77kgwo
2025-10-07 09:16:06.099384: I external/local_xla/xla/service/service.cc:163] XLA service 0x7f796000c310 initialized for platform CUDA (this does not guarantee that XLA will be used). Devices:
2025-10-07 09:16:06.099758: I external/local_xla/xla/service/service.cc:171]   StreamExecutor device (0): Quadro RTX 8000, Compute Capability 7.5
2025-10-07 09:16:06.099765: I external/local_xla/xla/service/service.cc:171]   StreamExecutor device (1): Quadro RTX 8000, Compute Capability 7.5
2025-10-07 09:16:06.303403: I tensorflow/compiler/mlir/tensorflow/utils/dump_mlir_util.cc:269] disabling MLIR crash reproducer, set env var `MLIR_CRASH_REPRODUCER_DIRECTORY` to enable.
2025-10-07 09:16:06.499373: I external/local_xla/xla/stream_executor/cuda/cuda_dnn.cc:473] Loaded cuDNN version 91002
I0000 00:00:1759821368.003040 2903369 device_compiler.h:196] Compiled cluster using XLA!  This line is logged at most once for the lifetime of the process.
Traceback (most recent call last):
  File "/home-mscluster/tmazarura/HonoursResearch/src/PretrainAE.py", line 149, in <module>
    mae_test = mean_absolute_error(X_test, reconstructed)
  File "/home-mscluster/tmazarura/miniconda3/lib/python3.13/site-packages/sklearn/utils/_param_validation.py", line 218, in wrapper
    return func(*args, **kwargs)
  File "/home-mscluster/tmazarura/miniconda3/lib/python3.13/site-packages/sklearn/metrics/_regression.py", line 284, in mean_absolute_error
    _check_reg_targets_with_floating_dtype(
    ~~~~~~~~~~~~~~~~~~~~~~~~~~~~~~~~~~~~~~^
        y_true, y_pred, sample_weight, multioutput, xp=xp
        ^^^^^^^^^^^^^^^^^^^^^^^^^^^^^^^^^^^^^^^^^^^^^^^^^
    )
    ^
  File "/home-mscluster/tmazarura/miniconda3/lib/python3.13/site-packages/sklearn/metrics/_regression.py", line 209, in _check_reg_targets_with_floating_dtype
    y_type, y_true, y_pred, sample_weight, multioutput = _check_reg_targets(
                                                         ~~~~~~~~~~~~~~~~~~^
        y_true, y_pred, sample_weight, multioutput, dtype=dtype_name, xp=xp
        ^^^^^^^^^^^^^^^^^^^^^^^^^^^^^^^^^^^^^^^^^^^^^^^^^^^^^^^^^^^^^^^^^^^
    )
    ^
  File "/home-mscluster/tmazarura/miniconda3/lib/python3.13/site-packages/sklearn/metrics/_regression.py", line 115, in _check_reg_targets
    y_true = check_array(y_true, ensure_2d=False, dtype=dtype)
  File "/home-mscluster/tmazarura/miniconda3/lib/python3.13/site-packages/sklearn/utils/validation.py", line 1105, in check_array
    _assert_all_finite(
    ~~~~~~~~~~~~~~~~~~^
        array,
        ^^^^^^
    ...<2 lines>...
        allow_nan=ensure_all_finite == "allow-nan",
        ^^^^^^^^^^^^^^^^^^^^^^^^^^^^^^^^^^^^^^^^^^^
    )
    ^
  File "/home-mscluster/tmazarura/miniconda3/lib/python3.13/site-packages/sklearn/utils/validation.py", line 120, in _assert_all_finite
    _assert_all_finite_element_wise(
    ~~~~~~~~~~~~~~~~~~~~~~~~~~~~~~~^
        X,
        ^^
    ...<4 lines>...
        input_name=input_name,
        ^^^^^^^^^^^^^^^^^^^^^^
    )
    ^
  File "/home-mscluster/tmazarura/miniconda3/lib/python3.13/site-packages/sklearn/utils/validation.py", line 169, in _assert_all_finite_element_wise
    raise ValueError(msg_err)
ValueError: Input contains NaN.
2025-10-07 09:28:01.910728: I tensorflow/core/util/port.cc:153] oneDNN custom operations are on. You may see slightly different numerical results due to floating-point round-off errors from different computation orders. To turn them off, set the environment variable `TF_ENABLE_ONEDNN_OPTS=0`.
2025-10-07 09:28:01.961596: I tensorflow/core/platform/cpu_feature_guard.cc:210] This TensorFlow binary is optimized to use available CPU instructions in performance-critical operations.
To enable the following instructions: AVX2 AVX512F AVX512_VNNI FMA, in other operations, rebuild TensorFlow with the appropriate compiler flags.
/home-mscluster/tmazarura/miniconda3/lib/python3.13/site-packages/google/protobuf/runtime_version.py:98: UserWarning: Protobuf gencode version 5.28.3 is exactly one major version older than the runtime version 6.31.1 at tensorflow/core/framework/attr_value.proto. Please update the gencode to avoid compatibility violations in the next runtime release.
  warnings.warn(
/home-mscluster/tmazarura/miniconda3/lib/python3.13/site-packages/google/protobuf/runtime_version.py:98: UserWarning: Protobuf gencode version 5.28.3 is exactly one major version older than the runtime version 6.31.1 at tensorflow/core/framework/tensor.proto. Please update the gencode to avoid compatibility violations in the next runtime release.
  warnings.warn(
/home-mscluster/tmazarura/miniconda3/lib/python3.13/site-packages/google/protobuf/runtime_version.py:98: UserWarning: Protobuf gencode version 5.28.3 is exactly one major version older than the runtime version 6.31.1 at tensorflow/core/framework/resource_handle.proto. Please update the gencode to avoid compatibility violations in the next runtime release.
  warnings.warn(
/home-mscluster/tmazarura/miniconda3/lib/python3.13/site-packages/google/protobuf/runtime_version.py:98: UserWarning: Protobuf gencode version 5.28.3 is exactly one major version older than the runtime version 6.31.1 at tensorflow/core/framework/tensor_shape.proto. Please update the gencode to avoid compatibility violations in the next runtime release.
  warnings.warn(
/home-mscluster/tmazarura/miniconda3/lib/python3.13/site-packages/google/protobuf/runtime_version.py:98: UserWarning: Protobuf gencode version 5.28.3 is exactly one major version older than the runtime version 6.31.1 at tensorflow/core/framework/types.proto. Please update the gencode to avoid compatibility violations in the next runtime release.
  warnings.warn(
/home-mscluster/tmazarura/miniconda3/lib/python3.13/site-packages/google/protobuf/runtime_version.py:98: UserWarning: Protobuf gencode version 5.28.3 is exactly one major version older than the runtime version 6.31.1 at tensorflow/core/framework/full_type.proto. Please update the gencode to avoid compatibility violations in the next runtime release.
  warnings.warn(
/home-mscluster/tmazarura/miniconda3/lib/python3.13/site-packages/google/protobuf/runtime_version.py:98: UserWarning: Protobuf gencode version 5.28.3 is exactly one major version older than the runtime version 6.31.1 at tensorflow/core/framework/function.proto. Please update the gencode to avoid compatibility violations in the next runtime release.
  warnings.warn(
/home-mscluster/tmazarura/miniconda3/lib/python3.13/site-packages/google/protobuf/runtime_version.py:98: UserWarning: Protobuf gencode version 5.28.3 is exactly one major version older than the runtime version 6.31.1 at tensorflow/core/framework/node_def.proto. Please update the gencode to avoid compatibility violations in the next runtime release.
  warnings.warn(
/home-mscluster/tmazarura/miniconda3/lib/python3.13/site-packages/google/protobuf/runtime_version.py:98: UserWarning: Protobuf gencode version 5.28.3 is exactly one major version older than the runtime version 6.31.1 at tensorflow/core/framework/op_def.proto. Please update the gencode to avoid compatibility violations in the next runtime release.
  warnings.warn(
/home-mscluster/tmazarura/miniconda3/lib/python3.13/site-packages/google/protobuf/runtime_version.py:98: UserWarning: Protobuf gencode version 5.28.3 is exactly one major version older than the runtime version 6.31.1 at tensorflow/core/framework/graph.proto. Please update the gencode to avoid compatibility violations in the next runtime release.
  warnings.warn(
/home-mscluster/tmazarura/miniconda3/lib/python3.13/site-packages/google/protobuf/runtime_version.py:98: UserWarning: Protobuf gencode version 5.28.3 is exactly one major version older than the runtime version 6.31.1 at tensorflow/core/framework/graph_debug_info.proto. Please update the gencode to avoid compatibility violations in the next runtime release.
  warnings.warn(
/home-mscluster/tmazarura/miniconda3/lib/python3.13/site-packages/google/protobuf/runtime_version.py:98: UserWarning: Protobuf gencode version 5.28.3 is exactly one major version older than the runtime version 6.31.1 at tensorflow/core/framework/versions.proto. Please update the gencode to avoid compatibility violations in the next runtime release.
  warnings.warn(
/home-mscluster/tmazarura/miniconda3/lib/python3.13/site-packages/google/protobuf/runtime_version.py:98: UserWarning: Protobuf gencode version 5.28.3 is exactly one major version older than the runtime version 6.31.1 at tensorflow/core/protobuf/config.proto. Please update the gencode to avoid compatibility violations in the next runtime release.
  warnings.warn(
/home-mscluster/tmazarura/miniconda3/lib/python3.13/site-packages/google/protobuf/runtime_version.py:98: UserWarning: Protobuf gencode version 5.28.3 is exactly one major version older than the runtime version 6.31.1 at xla/tsl/protobuf/coordination_config.proto. Please update the gencode to avoid compatibility violations in the next runtime release.
  warnings.warn(
/home-mscluster/tmazarura/miniconda3/lib/python3.13/site-packages/google/protobuf/runtime_version.py:98: UserWarning: Protobuf gencode version 5.28.3 is exactly one major version older than the runtime version 6.31.1 at tensorflow/core/framework/cost_graph.proto. Please update the gencode to avoid compatibility violations in the next runtime release.
  warnings.warn(
/home-mscluster/tmazarura/miniconda3/lib/python3.13/site-packages/google/protobuf/runtime_version.py:98: UserWarning: Protobuf gencode version 5.28.3 is exactly one major version older than the runtime version 6.31.1 at tensorflow/core/framework/step_stats.proto. Please update the gencode to avoid compatibility violations in the next runtime release.
  warnings.warn(
/home-mscluster/tmazarura/miniconda3/lib/python3.13/site-packages/google/protobuf/runtime_version.py:98: UserWarning: Protobuf gencode version 5.28.3 is exactly one major version older than the runtime version 6.31.1 at tensorflow/core/framework/allocation_description.proto. Please update the gencode to avoid compatibility violations in the next runtime release.
  warnings.warn(
/home-mscluster/tmazarura/miniconda3/lib/python3.13/site-packages/google/protobuf/runtime_version.py:98: UserWarning: Protobuf gencode version 5.28.3 is exactly one major version older than the runtime version 6.31.1 at tensorflow/core/framework/tensor_description.proto. Please update the gencode to avoid compatibility violations in the next runtime release.
  warnings.warn(
/home-mscluster/tmazarura/miniconda3/lib/python3.13/site-packages/google/protobuf/runtime_version.py:98: UserWarning: Protobuf gencode version 5.28.3 is exactly one major version older than the runtime version 6.31.1 at tensorflow/core/protobuf/cluster.proto. Please update the gencode to avoid compatibility violations in the next runtime release.
  warnings.warn(
/home-mscluster/tmazarura/miniconda3/lib/python3.13/site-packages/google/protobuf/runtime_version.py:98: UserWarning: Protobuf gencode version 5.28.3 is exactly one major version older than the runtime version 6.31.1 at tensorflow/core/protobuf/debug.proto. Please update the gencode to avoid compatibility violations in the next runtime release.
  warnings.warn(
2025-10-07 09:28:11.442038: I tensorflow/core/util/port.cc:153] oneDNN custom operations are on. You may see slightly different numerical results due to floating-point round-off errors from different computation orders. To turn them off, set the environment variable `TF_ENABLE_ONEDNN_OPTS=0`.
WARNING: All log messages before absl::InitializeLog() is called are written to STDERR
I0000 00:00:1759822102.201471 2916328 gpu_device.cc:2020] Created device /job:localhost/replica:0/task:0/device:GPU:0 with 47189 MB memory:  -> device: 0, name: Quadro RTX 8000, pci bus id: 0000:17:00.0, compute capability: 7.5
I0000 00:00:1759822102.202932 2916328 gpu_device.cc:2020] Created device /job:localhost/replica:0/task:0/device:GPU:1 with 47180 MB memory:  -> device: 1, name: Quadro RTX 8000, pci bus id: 0000:73:00.0, compute capability: 7.5
wandb: Currently logged in as: trapezium (trapezium-wits-university) to https://api.wandb.ai. Use `wandb login --relogin` to force relogin
wandb: creating run
wandb: Tracking run with wandb version 0.21.4
wandb: Run data is saved locally in /home-mscluster/tmazarura/HonoursResearch/src/wandb/run-20251007_092852-9dw1iyj6
wandb: Run `wandb offline` to turn off syncing.
wandb: Syncing run comic-elevator-13
wandb: ⭐️ View project at https://wandb.ai/trapezium-wits-university/NewPre
wandb: 🚀 View run at https://wandb.ai/trapezium-wits-university/NewPre/runs/9dw1iyj6
2025-10-07 09:29:23.451577: I external/local_xla/xla/service/service.cc:163] XLA service 0x7f7e840023c0 initialized for platform CUDA (this does not guarantee that XLA will be used). Devices:
2025-10-07 09:29:23.451613: I external/local_xla/xla/service/service.cc:171]   StreamExecutor device (0): Quadro RTX 8000, Compute Capability 7.5
2025-10-07 09:29:23.451618: I external/local_xla/xla/service/service.cc:171]   StreamExecutor device (1): Quadro RTX 8000, Compute Capability 7.5
2025-10-07 09:29:23.644063: I tensorflow/compiler/mlir/tensorflow/utils/dump_mlir_util.cc:269] disabling MLIR crash reproducer, set env var `MLIR_CRASH_REPRODUCER_DIRECTORY` to enable.
2025-10-07 09:29:23.862325: I external/local_xla/xla/stream_executor/cuda/cuda_dnn.cc:473] Loaded cuDNN version 91002
I0000 00:00:1759822165.414452 2916692 device_compiler.h:196] Compiled cluster using XLA!  This line is logged at most once for the lifetime of the process.
