2025-10-06 00:18:22.726512: I tensorflow/core/util/port.cc:153] oneDNN custom operations are on. You may see slightly different numerical results due to floating-point round-off errors from different computation orders. To turn them off, set the environment variable `TF_ENABLE_ONEDNN_OPTS=0`.
2025-10-06 00:18:22.778286: I tensorflow/core/platform/cpu_feature_guard.cc:210] This TensorFlow binary is optimized to use available CPU instructions in performance-critical operations.
To enable the following instructions: AVX2 AVX512F AVX512_VNNI FMA, in other operations, rebuild TensorFlow with the appropriate compiler flags.
/home-mscluster/tmazarura/miniconda3/lib/python3.13/site-packages/google/protobuf/runtime_version.py:98: UserWarning: Protobuf gencode version 5.28.3 is exactly one major version older than the runtime version 6.31.1 at tensorflow/core/framework/attr_value.proto. Please update the gencode to avoid compatibility violations in the next runtime release.
  warnings.warn(
/home-mscluster/tmazarura/miniconda3/lib/python3.13/site-packages/google/protobuf/runtime_version.py:98: UserWarning: Protobuf gencode version 5.28.3 is exactly one major version older than the runtime version 6.31.1 at tensorflow/core/framework/tensor.proto. Please update the gencode to avoid compatibility violations in the next runtime release.
  warnings.warn(
/home-mscluster/tmazarura/miniconda3/lib/python3.13/site-packages/google/protobuf/runtime_version.py:98: UserWarning: Protobuf gencode version 5.28.3 is exactly one major version older than the runtime version 6.31.1 at tensorflow/core/framework/resource_handle.proto. Please update the gencode to avoid compatibility violations in the next runtime release.
  warnings.warn(
/home-mscluster/tmazarura/miniconda3/lib/python3.13/site-packages/google/protobuf/runtime_version.py:98: UserWarning: Protobuf gencode version 5.28.3 is exactly one major version older than the runtime version 6.31.1 at tensorflow/core/framework/tensor_shape.proto. Please update the gencode to avoid compatibility violations in the next runtime release.
  warnings.warn(
/home-mscluster/tmazarura/miniconda3/lib/python3.13/site-packages/google/protobuf/runtime_version.py:98: UserWarning: Protobuf gencode version 5.28.3 is exactly one major version older than the runtime version 6.31.1 at tensorflow/core/framework/types.proto. Please update the gencode to avoid compatibility violations in the next runtime release.
  warnings.warn(
/home-mscluster/tmazarura/miniconda3/lib/python3.13/site-packages/google/protobuf/runtime_version.py:98: UserWarning: Protobuf gencode version 5.28.3 is exactly one major version older than the runtime version 6.31.1 at tensorflow/core/framework/full_type.proto. Please update the gencode to avoid compatibility violations in the next runtime release.
  warnings.warn(
/home-mscluster/tmazarura/miniconda3/lib/python3.13/site-packages/google/protobuf/runtime_version.py:98: UserWarning: Protobuf gencode version 5.28.3 is exactly one major version older than the runtime version 6.31.1 at tensorflow/core/framework/function.proto. Please update the gencode to avoid compatibility violations in the next runtime release.
  warnings.warn(
/home-mscluster/tmazarura/miniconda3/lib/python3.13/site-packages/google/protobuf/runtime_version.py:98: UserWarning: Protobuf gencode version 5.28.3 is exactly one major version older than the runtime version 6.31.1 at tensorflow/core/framework/node_def.proto. Please update the gencode to avoid compatibility violations in the next runtime release.
  warnings.warn(
/home-mscluster/tmazarura/miniconda3/lib/python3.13/site-packages/google/protobuf/runtime_version.py:98: UserWarning: Protobuf gencode version 5.28.3 is exactly one major version older than the runtime version 6.31.1 at tensorflow/core/framework/op_def.proto. Please update the gencode to avoid compatibility violations in the next runtime release.
  warnings.warn(
/home-mscluster/tmazarura/miniconda3/lib/python3.13/site-packages/google/protobuf/runtime_version.py:98: UserWarning: Protobuf gencode version 5.28.3 is exactly one major version older than the runtime version 6.31.1 at tensorflow/core/framework/graph.proto. Please update the gencode to avoid compatibility violations in the next runtime release.
  warnings.warn(
/home-mscluster/tmazarura/miniconda3/lib/python3.13/site-packages/google/protobuf/runtime_version.py:98: UserWarning: Protobuf gencode version 5.28.3 is exactly one major version older than the runtime version 6.31.1 at tensorflow/core/framework/graph_debug_info.proto. Please update the gencode to avoid compatibility violations in the next runtime release.
  warnings.warn(
/home-mscluster/tmazarura/miniconda3/lib/python3.13/site-packages/google/protobuf/runtime_version.py:98: UserWarning: Protobuf gencode version 5.28.3 is exactly one major version older than the runtime version 6.31.1 at tensorflow/core/framework/versions.proto. Please update the gencode to avoid compatibility violations in the next runtime release.
  warnings.warn(
/home-mscluster/tmazarura/miniconda3/lib/python3.13/site-packages/google/protobuf/runtime_version.py:98: UserWarning: Protobuf gencode version 5.28.3 is exactly one major version older than the runtime version 6.31.1 at tensorflow/core/protobuf/config.proto. Please update the gencode to avoid compatibility violations in the next runtime release.
  warnings.warn(
/home-mscluster/tmazarura/miniconda3/lib/python3.13/site-packages/google/protobuf/runtime_version.py:98: UserWarning: Protobuf gencode version 5.28.3 is exactly one major version older than the runtime version 6.31.1 at xla/tsl/protobuf/coordination_config.proto. Please update the gencode to avoid compatibility violations in the next runtime release.
  warnings.warn(
/home-mscluster/tmazarura/miniconda3/lib/python3.13/site-packages/google/protobuf/runtime_version.py:98: UserWarning: Protobuf gencode version 5.28.3 is exactly one major version older than the runtime version 6.31.1 at tensorflow/core/framework/cost_graph.proto. Please update the gencode to avoid compatibility violations in the next runtime release.
  warnings.warn(
/home-mscluster/tmazarura/miniconda3/lib/python3.13/site-packages/google/protobuf/runtime_version.py:98: UserWarning: Protobuf gencode version 5.28.3 is exactly one major version older than the runtime version 6.31.1 at tensorflow/core/framework/step_stats.proto. Please update the gencode to avoid compatibility violations in the next runtime release.
  warnings.warn(
/home-mscluster/tmazarura/miniconda3/lib/python3.13/site-packages/google/protobuf/runtime_version.py:98: UserWarning: Protobuf gencode version 5.28.3 is exactly one major version older than the runtime version 6.31.1 at tensorflow/core/framework/allocation_description.proto. Please update the gencode to avoid compatibility violations in the next runtime release.
  warnings.warn(
/home-mscluster/tmazarura/miniconda3/lib/python3.13/site-packages/google/protobuf/runtime_version.py:98: UserWarning: Protobuf gencode version 5.28.3 is exactly one major version older than the runtime version 6.31.1 at tensorflow/core/framework/tensor_description.proto. Please update the gencode to avoid compatibility violations in the next runtime release.
  warnings.warn(
/home-mscluster/tmazarura/miniconda3/lib/python3.13/site-packages/google/protobuf/runtime_version.py:98: UserWarning: Protobuf gencode version 5.28.3 is exactly one major version older than the runtime version 6.31.1 at tensorflow/core/protobuf/cluster.proto. Please update the gencode to avoid compatibility violations in the next runtime release.
  warnings.warn(
/home-mscluster/tmazarura/miniconda3/lib/python3.13/site-packages/google/protobuf/runtime_version.py:98: UserWarning: Protobuf gencode version 5.28.3 is exactly one major version older than the runtime version 6.31.1 at tensorflow/core/protobuf/debug.proto. Please update the gencode to avoid compatibility violations in the next runtime release.
  warnings.warn(
2025-10-06 00:18:29.068369: I tensorflow/core/util/port.cc:153] oneDNN custom operations are on. You may see slightly different numerical results due to floating-point round-off errors from different computation orders. To turn them off, set the environment variable `TF_ENABLE_ONEDNN_OPTS=0`.
wandb: Currently logged in as: trapezium (trapezium-wits-university) to https://api.wandb.ai. Use `wandb login --relogin` to force relogin
wandb: creating run
wandb: Tracking run with wandb version 0.21.4
wandb: Run data is saved locally in /home-mscluster/tmazarura/HonoursResearch/src/wandb/run-20251006_001838-h2m0r2rq
wandb: Run `wandb offline` to turn off syncing.
wandb: Syncing run robust-fog-9
wandb: â­ï¸ View project at https://wandb.ai/trapezium-wits-university/Autoencoder%20Training
wandb: ðŸš€ View run at https://wandb.ai/trapezium-wits-university/Autoencoder%20Training/runs/h2m0r2rq
WARNING: All log messages before absl::InitializeLog() is called are written to STDERR
I0000 00:00:1759702741.360721 2823032 gpu_device.cc:2020] Created device /job:localhost/replica:0/task:0/device:GPU:0 with 47189 MB memory:  -> device: 0, name: Quadro RTX 8000, pci bus id: 0000:17:00.0, compute capability: 7.5
I0000 00:00:1759702741.362490 2823032 gpu_device.cc:2020] Created device /job:localhost/replica:0/task:0/device:GPU:1 with 47180 MB memory:  -> device: 1, name: Quadro RTX 8000, pci bus id: 0000:73:00.0, compute capability: 7.5
2025-10-06 00:19:50.908167: W external/local_xla/xla/tsl/framework/bfc_allocator.cc:501] Allocator (GPU_0_bfc) ran out of memory trying to allocate 19.07GiB (rounded to 20475956736)requested by op _EagerConst
If the cause is memory fragmentation maybe the environment variable 'TF_GPU_ALLOCATOR=cuda_malloc_async' will improve the situation. 
Current allocation summary follows.
Current allocation summary follows.
2025-10-06 00:19:50.908779: I external/local_xla/xla/tsl/framework/bfc_allocator.cc:1049] BFCAllocator dump for GPU_0_bfc
2025-10-06 00:19:50.908819: I external/local_xla/xla/tsl/framework/bfc_allocator.cc:1056] Bin (256): 	Total Chunks: 11, Chunks in use: 11. 2.8KiB allocated for chunks. 2.8KiB in use in bin. 104B client-requested in use in bin.
2025-10-06 00:19:50.908835: I external/local_xla/xla/tsl/framework/bfc_allocator.cc:1056] Bin (512): 	Total Chunks: 0, Chunks in use: 0. 0B allocated for chunks. 0B in use in bin. 0B client-requested in use in bin.
2025-10-06 00:19:50.908851: I external/local_xla/xla/tsl/framework/bfc_allocator.cc:1056] Bin (1024): 	Total Chunks: 1, Chunks in use: 1. 1.2KiB allocated for chunks. 1.2KiB in use in bin. 1.0KiB client-requested in use in bin.
2025-10-06 00:19:50.908865: I external/local_xla/xla/tsl/framework/bfc_allocator.cc:1056] Bin (2048): 	Total Chunks: 0, Chunks in use: 0. 0B allocated for chunks. 0B in use in bin. 0B client-requested in use in bin.
2025-10-06 00:19:50.908877: I external/local_xla/xla/tsl/framework/bfc_allocator.cc:1056] Bin (4096): 	Total Chunks: 0, Chunks in use: 0. 0B allocated for chunks. 0B in use in bin. 0B client-requested in use in bin.
2025-10-06 00:19:50.908889: I external/local_xla/xla/tsl/framework/bfc_allocator.cc:1056] Bin (8192): 	Total Chunks: 0, Chunks in use: 0. 0B allocated for chunks. 0B in use in bin. 0B client-requested in use in bin.
2025-10-06 00:19:50.908901: I external/local_xla/xla/tsl/framework/bfc_allocator.cc:1056] Bin (16384): 	Total Chunks: 0, Chunks in use: 0. 0B allocated for chunks. 0B in use in bin. 0B client-requested in use in bin.
2025-10-06 00:19:50.908913: I external/local_xla/xla/tsl/framework/bfc_allocator.cc:1056] Bin (32768): 	Total Chunks: 0, Chunks in use: 0. 0B allocated for chunks. 0B in use in bin. 0B client-requested in use in bin.
2025-10-06 00:19:50.908925: I external/local_xla/xla/tsl/framework/bfc_allocator.cc:1056] Bin (65536): 	Total Chunks: 0, Chunks in use: 0. 0B allocated for chunks. 0B in use in bin. 0B client-requested in use in bin.
2025-10-06 00:19:50.908937: I external/local_xla/xla/tsl/framework/bfc_allocator.cc:1056] Bin (131072): 	Total Chunks: 0, Chunks in use: 0. 0B allocated for chunks. 0B in use in bin. 0B client-requested in use in bin.
2025-10-06 00:19:50.908949: I external/local_xla/xla/tsl/framework/bfc_allocator.cc:1056] Bin (262144): 	Total Chunks: 0, Chunks in use: 0. 0B allocated for chunks. 0B in use in bin. 0B client-requested in use in bin.
2025-10-06 00:19:50.908973: I external/local_xla/xla/tsl/framework/bfc_allocator.cc:1056] Bin (524288): 	Total Chunks: 0, Chunks in use: 0. 0B allocated for chunks. 0B in use in bin. 0B client-requested in use in bin.
2025-10-06 00:19:50.908988: I external/local_xla/xla/tsl/framework/bfc_allocator.cc:1056] Bin (1048576): 	Total Chunks: 1, Chunks in use: 0. 2.00MiB allocated for chunks. 0B in use in bin. 0B client-requested in use in bin.
2025-10-06 00:19:50.909000: I external/local_xla/xla/tsl/framework/bfc_allocator.cc:1056] Bin (2097152): 	Total Chunks: 0, Chunks in use: 0. 0B allocated for chunks. 0B in use in bin. 0B client-requested in use in bin.
2025-10-06 00:19:50.909012: I external/local_xla/xla/tsl/framework/bfc_allocator.cc:1056] Bin (4194304): 	Total Chunks: 0, Chunks in use: 0. 0B allocated for chunks. 0B in use in bin. 0B client-requested in use in bin.
2025-10-06 00:19:50.909024: I external/local_xla/xla/tsl/framework/bfc_allocator.cc:1056] Bin (8388608): 	Total Chunks: 0, Chunks in use: 0. 0B allocated for chunks. 0B in use in bin. 0B client-requested in use in bin.
2025-10-06 00:19:50.909037: I external/local_xla/xla/tsl/framework/bfc_allocator.cc:1056] Bin (16777216): 	Total Chunks: 0, Chunks in use: 0. 0B allocated for chunks. 0B in use in bin. 0B client-requested in use in bin.
2025-10-06 00:19:50.909066: I external/local_xla/xla/tsl/framework/bfc_allocator.cc:1056] Bin (33554432): 	Total Chunks: 0, Chunks in use: 0. 0B allocated for chunks. 0B in use in bin. 0B client-requested in use in bin.
2025-10-06 00:19:50.909079: I external/local_xla/xla/tsl/framework/bfc_allocator.cc:1056] Bin (67108864): 	Total Chunks: 0, Chunks in use: 0. 0B allocated for chunks. 0B in use in bin. 0B client-requested in use in bin.
2025-10-06 00:19:50.909091: I external/local_xla/xla/tsl/framework/bfc_allocator.cc:1056] Bin (134217728): 	Total Chunks: 0, Chunks in use: 0. 0B allocated for chunks. 0B in use in bin. 0B client-requested in use in bin.
2025-10-06 00:19:50.909109: I external/local_xla/xla/tsl/framework/bfc_allocator.cc:1056] Bin (268435456): 	Total Chunks: 2, Chunks in use: 1. 32.00GiB allocated for chunks. 19.07GiB in use in bin. 19.07GiB client-requested in use in bin.
2025-10-06 00:19:50.909125: I external/local_xla/xla/tsl/framework/bfc_allocator.cc:1072] Bin for 19.07GiB was 256.00MiB, Chunk State: 
2025-10-06 00:19:50.909147: I external/local_xla/xla/tsl/framework/bfc_allocator.cc:1078]   Size: 12.93GiB | Requested Size: 0B | in_use: 0 | bin_num: 20, prev:   Size: 19.07GiB | Requested Size: 19.07GiB | in_use: 1 | bin_num: -1
2025-10-06 00:19:50.909158: I external/local_xla/xla/tsl/framework/bfc_allocator.cc:1085] Next region of size 34359738368
2025-10-06 00:19:50.909171: I external/local_xla/xla/tsl/framework/bfc_allocator.cc:1105] InUse at 7f0f4e000000 of size 20475956736 next 14
2025-10-06 00:19:50.909182: I external/local_xla/xla/tsl/framework/bfc_allocator.cc:1105] Free  at 7f1412764e00 of size 13883781632 next 18446744073709551615
2025-10-06 00:19:50.909192: I external/local_xla/xla/tsl/framework/bfc_allocator.cc:1085] Next region of size 2097152
2025-10-06 00:19:50.909202: I external/local_xla/xla/tsl/framework/bfc_allocator.cc:1105] InUse at 7f266d200000 of size 1280 next 1
2025-10-06 00:19:50.909213: I external/local_xla/xla/tsl/framework/bfc_allocator.cc:1105] InUse at 7f266d200500 of size 256 next 2
2025-10-06 00:19:50.909231: I external/local_xla/xla/tsl/framework/bfc_allocator.cc:1105] InUse at 7f266d200600 of size 256 next 3
2025-10-06 00:19:50.909241: I external/local_xla/xla/tsl/framework/bfc_allocator.cc:1105] InUse at 7f266d200700 of size 256 next 4
2025-10-06 00:19:50.909252: I external/local_xla/xla/tsl/framework/bfc_allocator.cc:1105] InUse at 7f266d200800 of size 256 next 5
2025-10-06 00:19:50.909261: I external/local_xla/xla/tsl/framework/bfc_allocator.cc:1105] InUse at 7f266d200900 of size 256 next 6
2025-10-06 00:19:50.909270: I external/local_xla/xla/tsl/framework/bfc_allocator.cc:1105] InUse at 7f266d200a00 of size 256 next 7
2025-10-06 00:19:50.909285: I external/local_xla/xla/tsl/framework/bfc_allocator.cc:1105] InUse at 7f266d200b00 of size 256 next 8
2025-10-06 00:19:50.909295: I external/local_xla/xla/tsl/framework/bfc_allocator.cc:1105] InUse at 7f266d200c00 of size 256 next 9
2025-10-06 00:19:50.909304: I external/local_xla/xla/tsl/framework/bfc_allocator.cc:1105] InUse at 7f266d200d00 of size 256 next 10
2025-10-06 00:19:50.909313: I external/local_xla/xla/tsl/framework/bfc_allocator.cc:1105] InUse at 7f266d200e00 of size 256 next 11
2025-10-06 00:19:50.909322: I external/local_xla/xla/tsl/framework/bfc_allocator.cc:1105] InUse at 7f266d200f00 of size 256 next 12
2025-10-06 00:19:50.909332: I external/local_xla/xla/tsl/framework/bfc_allocator.cc:1105] Free  at 7f266d201000 of size 2093056 next 18446744073709551615
2025-10-06 00:19:50.909341: I external/local_xla/xla/tsl/framework/bfc_allocator.cc:1110]      Summary of in-use Chunks by size: 
2025-10-06 00:19:50.909355: I external/local_xla/xla/tsl/framework/bfc_allocator.cc:1113] 11 Chunks of size 256 totalling 2.8KiB
2025-10-06 00:19:50.909367: I external/local_xla/xla/tsl/framework/bfc_allocator.cc:1113] 1 Chunks of size 1280 totalling 1.2KiB
2025-10-06 00:19:50.909380: I external/local_xla/xla/tsl/framework/bfc_allocator.cc:1113] 1 Chunks of size 20475956736 totalling 19.07GiB
2025-10-06 00:19:50.909393: I external/local_xla/xla/tsl/framework/bfc_allocator.cc:1117] Sum Total of in-use chunks: 19.07GiB
2025-10-06 00:19:50.909405: I external/local_xla/xla/tsl/framework/bfc_allocator.cc:1119] Total bytes in pool: 34361835520 memory_limit_: 49481449472 available bytes: 15119613952 curr_region_allocation_bytes_: 34359738368
2025-10-06 00:19:50.909423: I external/local_xla/xla/tsl/framework/bfc_allocator.cc:1124] Stats: 
Limit:                     49481449472
InUse:                     20475960832
MaxInUse:                  20475960832
NumAllocs:                          17
MaxAllocSize:              20475956736
Reserved:                            0
PeakReserved:                        0
LargestFreeBlock:                    0

2025-10-06 00:19:50.909436: W external/local_xla/xla/tsl/framework/bfc_allocator.cc:512] ************************************************************_______________________________________*
Traceback (most recent call last):
  File "/home-mscluster/tmazarura/HonoursResearch/src/SaveAE.py", line 154, in <module>
    history = autoencoder.fit(
        X_train, X_train,
    ...<5 lines>...
        verbose=0
    )
  File "/home-mscluster/tmazarura/miniconda3/lib/python3.13/site-packages/keras/src/utils/traceback_utils.py", line 122, in error_handler
    raise e.with_traceback(filtered_tb) from None
  File "/home-mscluster/tmazarura/miniconda3/lib/python3.13/site-packages/tensorflow/python/framework/constant_op.py", line 108, in convert_to_eager_tensor
    return ops.EagerTensor(value, ctx.device_name, dtype)
           ~~~~~~~~~~~~~~~^^^^^^^^^^^^^^^^^^^^^^^^^^^^^^^
tensorflow.python.framework.errors_impl.InternalError: Failed copying input tensor from /job:localhost/replica:0/task:0/device:CPU:0 to /job:localhost/replica:0/task:0/device:GPU:0 in order to run _EagerConst: Dst tensor is not initialized.
